[0.390s] Invoking command in '/home/jackson/Final_simulation_full/gazebo_yolo_simulation/yolo_sim/src/yolo_ros/yolo_ros': AMENT_PREFIX_PATH=/home/jackson/Final_simulation_full/gazebo_yolo_simulation/yolo_sim/install/yolo_msgs:${AMENT_PREFIX_PATH} CMAKE_PREFIX_PATH=/home/jackson/Final_simulation_full/gazebo_yolo_simulation/yolo_sim/install/yolo_msgs LD_LIBRARY_PATH=/home/jackson/Final_simulation_full/gazebo_yolo_simulation/yolo_sim/install/yolo_msgs/lib:${LD_LIBRARY_PATH} PYTHONPATH=/home/jackson/Final_simulation_full/gazebo_yolo_simulation/yolo_sim/build/yolo_ros/prefix_override:/usr/lib/python3/dist-packages/colcon_core/task/python/colcon_distutils_commands:/home/jackson/Final_simulation_full/gazebo_yolo_simulation/yolo_sim/install/yolo_ros/lib/python3.10/site-packages:/home/jackson/Final_simulation_full/gazebo_yolo_simulation/yolo_sim/install/yolo_msgs/local/lib/python3.10/dist-packages:${PYTHONPATH} /usr/bin/python3 -W ignore:setup.py install is deprecated -W ignore:easy_install command is deprecated setup.py egg_info --egg-base ../../../build/yolo_ros build --build-base /home/jackson/Final_simulation_full/gazebo_yolo_simulation/yolo_sim/build/yolo_ros/build install --record /home/jackson/Final_simulation_full/gazebo_yolo_simulation/yolo_sim/build/yolo_ros/install.log --single-version-externally-managed install_data
[0.451s] /home/jackson/.local/lib/python3.10/site-packages/setuptools/_distutils/dist.py:261: UserWarning: Unknown distribution option: 'tests_require'
[0.451s]   warnings.warn(msg)
[0.496s] running egg_info
[0.503s] creating ../../../build/yolo_ros/yolo_ros.egg-info
[0.503s] writing ../../../build/yolo_ros/yolo_ros.egg-info/PKG-INFO
[0.504s] writing dependency_links to ../../../build/yolo_ros/yolo_ros.egg-info/dependency_links.txt
[0.504s] writing entry points to ../../../build/yolo_ros/yolo_ros.egg-info/entry_points.txt
[0.504s] writing requirements to ../../../build/yolo_ros/yolo_ros.egg-info/requires.txt
[0.504s] writing top-level names to ../../../build/yolo_ros/yolo_ros.egg-info/top_level.txt
[0.504s] writing manifest file '../../../build/yolo_ros/yolo_ros.egg-info/SOURCES.txt'
[0.520s] reading manifest file '../../../build/yolo_ros/yolo_ros.egg-info/SOURCES.txt'
[0.520s] writing manifest file '../../../build/yolo_ros/yolo_ros.egg-info/SOURCES.txt'
[0.520s] running build
[0.520s] running build_py
[0.520s] creating /home/jackson/Final_simulation_full/gazebo_yolo_simulation/yolo_sim/build/yolo_ros/build/lib/yolo_ros
[0.521s] copying yolo_ros/yolo_node.py -> /home/jackson/Final_simulation_full/gazebo_yolo_simulation/yolo_sim/build/yolo_ros/build/lib/yolo_ros
[0.521s] copying yolo_ros/detect_3d_node.py -> /home/jackson/Final_simulation_full/gazebo_yolo_simulation/yolo_sim/build/yolo_ros/build/lib/yolo_ros
[0.521s] copying yolo_ros/__init__.py -> /home/jackson/Final_simulation_full/gazebo_yolo_simulation/yolo_sim/build/yolo_ros/build/lib/yolo_ros
[0.521s] copying yolo_ros/tracking_node.py -> /home/jackson/Final_simulation_full/gazebo_yolo_simulation/yolo_sim/build/yolo_ros/build/lib/yolo_ros
[0.521s] copying yolo_ros/debug_node.py -> /home/jackson/Final_simulation_full/gazebo_yolo_simulation/yolo_sim/build/yolo_ros/build/lib/yolo_ros
[0.521s] running install
[0.523s] running install_lib
[0.531s] creating /home/jackson/Final_simulation_full/gazebo_yolo_simulation/yolo_sim/install/yolo_ros/lib/python3.10/site-packages/yolo_ros
[0.531s] copying /home/jackson/Final_simulation_full/gazebo_yolo_simulation/yolo_sim/build/yolo_ros/build/lib/yolo_ros/yolo_node.py -> /home/jackson/Final_simulation_full/gazebo_yolo_simulation/yolo_sim/install/yolo_ros/lib/python3.10/site-packages/yolo_ros
[0.531s] copying /home/jackson/Final_simulation_full/gazebo_yolo_simulation/yolo_sim/build/yolo_ros/build/lib/yolo_ros/detect_3d_node.py -> /home/jackson/Final_simulation_full/gazebo_yolo_simulation/yolo_sim/install/yolo_ros/lib/python3.10/site-packages/yolo_ros
[0.531s] copying /home/jackson/Final_simulation_full/gazebo_yolo_simulation/yolo_sim/build/yolo_ros/build/lib/yolo_ros/__init__.py -> /home/jackson/Final_simulation_full/gazebo_yolo_simulation/yolo_sim/install/yolo_ros/lib/python3.10/site-packages/yolo_ros
[0.531s] copying /home/jackson/Final_simulation_full/gazebo_yolo_simulation/yolo_sim/build/yolo_ros/build/lib/yolo_ros/tracking_node.py -> /home/jackson/Final_simulation_full/gazebo_yolo_simulation/yolo_sim/install/yolo_ros/lib/python3.10/site-packages/yolo_ros
[0.531s] copying /home/jackson/Final_simulation_full/gazebo_yolo_simulation/yolo_sim/build/yolo_ros/build/lib/yolo_ros/debug_node.py -> /home/jackson/Final_simulation_full/gazebo_yolo_simulation/yolo_sim/install/yolo_ros/lib/python3.10/site-packages/yolo_ros
[0.532s] byte-compiling /home/jackson/Final_simulation_full/gazebo_yolo_simulation/yolo_sim/install/yolo_ros/lib/python3.10/site-packages/yolo_ros/yolo_node.py to yolo_node.cpython-310.pyc
[0.533s] byte-compiling /home/jackson/Final_simulation_full/gazebo_yolo_simulation/yolo_sim/install/yolo_ros/lib/python3.10/site-packages/yolo_ros/detect_3d_node.py to detect_3d_node.cpython-310.pyc
[0.534s] byte-compiling /home/jackson/Final_simulation_full/gazebo_yolo_simulation/yolo_sim/install/yolo_ros/lib/python3.10/site-packages/yolo_ros/__init__.py to __init__.cpython-310.pyc
[0.534s] byte-compiling /home/jackson/Final_simulation_full/gazebo_yolo_simulation/yolo_sim/install/yolo_ros/lib/python3.10/site-packages/yolo_ros/tracking_node.py to tracking_node.cpython-310.pyc
[0.535s] byte-compiling /home/jackson/Final_simulation_full/gazebo_yolo_simulation/yolo_sim/install/yolo_ros/lib/python3.10/site-packages/yolo_ros/debug_node.py to debug_node.cpython-310.pyc
[0.536s] running install_data
[0.536s] creating /home/jackson/Final_simulation_full/gazebo_yolo_simulation/yolo_sim/install/yolo_ros/share/ament_index/resource_index/packages
[0.536s] copying resource/yolo_ros -> /home/jackson/Final_simulation_full/gazebo_yolo_simulation/yolo_sim/install/yolo_ros/share/ament_index/resource_index/packages
[0.536s] copying package.xml -> /home/jackson/Final_simulation_full/gazebo_yolo_simulation/yolo_sim/install/yolo_ros/share/yolo_ros
[0.536s] running install_egg_info
[0.544s] Copying ../../../build/yolo_ros/yolo_ros.egg-info to /home/jackson/Final_simulation_full/gazebo_yolo_simulation/yolo_sim/install/yolo_ros/lib/python3.10/site-packages/yolo_ros-0.0.0-py3.10.egg-info
[0.544s] running install_scripts
[0.616s] Installing debug_node script to /home/jackson/Final_simulation_full/gazebo_yolo_simulation/yolo_sim/install/yolo_ros/lib/yolo_ros
[0.617s] Installing detect_3d_node script to /home/jackson/Final_simulation_full/gazebo_yolo_simulation/yolo_sim/install/yolo_ros/lib/yolo_ros
[0.617s] Installing tracking_node script to /home/jackson/Final_simulation_full/gazebo_yolo_simulation/yolo_sim/install/yolo_ros/lib/yolo_ros
[0.617s] Installing yolo_node script to /home/jackson/Final_simulation_full/gazebo_yolo_simulation/yolo_sim/install/yolo_ros/lib/yolo_ros
[0.617s] writing list of installed files to '/home/jackson/Final_simulation_full/gazebo_yolo_simulation/yolo_sim/build/yolo_ros/install.log'
[0.632s] Invoked command in '/home/jackson/Final_simulation_full/gazebo_yolo_simulation/yolo_sim/src/yolo_ros/yolo_ros' returned '0': AMENT_PREFIX_PATH=/home/jackson/Final_simulation_full/gazebo_yolo_simulation/yolo_sim/install/yolo_msgs:${AMENT_PREFIX_PATH} CMAKE_PREFIX_PATH=/home/jackson/Final_simulation_full/gazebo_yolo_simulation/yolo_sim/install/yolo_msgs LD_LIBRARY_PATH=/home/jackson/Final_simulation_full/gazebo_yolo_simulation/yolo_sim/install/yolo_msgs/lib:${LD_LIBRARY_PATH} PYTHONPATH=/home/jackson/Final_simulation_full/gazebo_yolo_simulation/yolo_sim/build/yolo_ros/prefix_override:/usr/lib/python3/dist-packages/colcon_core/task/python/colcon_distutils_commands:/home/jackson/Final_simulation_full/gazebo_yolo_simulation/yolo_sim/install/yolo_ros/lib/python3.10/site-packages:/home/jackson/Final_simulation_full/gazebo_yolo_simulation/yolo_sim/install/yolo_msgs/local/lib/python3.10/dist-packages:${PYTHONPATH} /usr/bin/python3 -W ignore:setup.py install is deprecated -W ignore:easy_install command is deprecated setup.py egg_info --egg-base ../../../build/yolo_ros build --build-base /home/jackson/Final_simulation_full/gazebo_yolo_simulation/yolo_sim/build/yolo_ros/build install --record /home/jackson/Final_simulation_full/gazebo_yolo_simulation/yolo_sim/build/yolo_ros/install.log --single-version-externally-managed install_data
