[0.105s] [34mcolcon[0m [1;30mDEBUG[0m [32mCommand line arguments: ['/usr/bin/colcon', 'build'][0m
[0.105s] [34mcolcon[0m [1;30mDEBUG[0m [32mParsed command line arguments: Namespace(log_base=None, log_level=None, verb_name='build', build_base='build', install_base='install', merge_install=False, symlink_install=False, test_result_base=None, continue_on_error=False, executor='parallel', parallel_workers=16, event_handlers=None, ignore_user_meta=False, metas=['./colcon.meta'], base_paths=['.'], packages_ignore=None, packages_ignore_regex=None, paths=None, packages_up_to=None, packages_up_to_regex=None, packages_above=None, packages_above_and_dependencies=None, packages_above_depth=None, packages_select_by_dep=None, packages_skip_by_dep=None, packages_skip_up_to=None, packages_select_build_failed=False, packages_skip_build_finished=False, packages_select_test_failures=False, packages_skip_test_passed=False, packages_select=None, packages_skip=None, packages_select_regex=None, packages_skip_regex=None, packages_start=None, packages_end=None, allow_overriding=[], cmake_args=None, cmake_target=None, cmake_target_skip_unavailable=False, cmake_clean_cache=False, cmake_clean_first=False, cmake_force_configure=False, ament_cmake_args=None, catkin_cmake_args=None, catkin_skip_building_tests=False, mixin_files=None, mixin=None, verb_parser=<colcon_mixin.mixin.mixin_argument.MixinArgumentDecorator object at 0x77a8ef64a4d0>, verb_extension=<colcon_core.verb.build.BuildVerb object at 0x77a8ef64a020>, main=<bound method BuildVerb.main of <colcon_core.verb.build.BuildVerb object at 0x77a8ef64a020>>, mixin_verb=('build',))[0m
[0.127s] [34mcolcon.colcon_core.package_discovery[0m [1;30mLevel 1[0m discover_packages(colcon_meta) check parameters
[0.127s] [34mcolcon.colcon_core.package_discovery[0m [1;30mLevel 1[0m discover_packages(recursive) check parameters
[0.127s] [34mcolcon.colcon_core.package_discovery[0m [1;30mLevel 1[0m discover_packages(ignore) check parameters
[0.127s] [34mcolcon.colcon_core.package_discovery[0m [1;30mLevel 1[0m discover_packages(path) check parameters
[0.127s] [34mcolcon.colcon_core.package_discovery[0m [1;30mLevel 1[0m discover_packages(colcon_meta) discover
[0.127s] [34mcolcon.colcon_core.package_discovery[0m [1;30mLevel 1[0m discover_packages(recursive) discover
[0.127s] [34mcolcon.colcon_core.package_discovery[0m [1;30mINFO[0m Crawling recursively for packages in '/home/jackson/Final_simulation_full/gazebo_yolo_simulation/yolo_sim'
[0.127s] [34mcolcon.colcon_core.package_identification[0m [1;30mLevel 1[0m _identify(.) by extensions ['ignore', 'ignore_ament_install']
[0.127s] [34mcolcon.colcon_core.package_identification[0m [1;30mLevel 1[0m _identify(.) by extension 'ignore'
[0.127s] [34mcolcon.colcon_core.package_identification[0m [1;30mLevel 1[0m _identify(.) by extension 'ignore_ament_install'
[0.127s] [34mcolcon.colcon_core.package_identification[0m [1;30mLevel 1[0m _identify(.) by extensions ['colcon_pkg']
[0.127s] [34mcolcon.colcon_core.package_identification[0m [1;30mLevel 1[0m _identify(.) by extension 'colcon_pkg'
[0.127s] [34mcolcon.colcon_core.package_identification[0m [1;30mLevel 1[0m _identify(.) by extensions ['colcon_meta']
[0.128s] [34mcolcon.colcon_core.package_identification[0m [1;30mLevel 1[0m _identify(.) by extension 'colcon_meta'
[0.128s] [34mcolcon.colcon_core.package_identification[0m [1;30mLevel 1[0m _identify(.) by extensions ['ros']
[0.128s] [34mcolcon.colcon_core.package_identification[0m [1;30mLevel 1[0m _identify(.) by extension 'ros'
[0.135s] [34mcolcon.colcon_core.package_identification[0m [1;30mLevel 1[0m _identify(.) by extensions ['cmake', 'python']
[0.135s] [34mcolcon.colcon_core.package_identification[0m [1;30mLevel 1[0m _identify(.) by extension 'cmake'
[0.135s] [34mcolcon.colcon_core.package_identification[0m [1;30mLevel 1[0m _identify(.) by extension 'python'
[0.135s] [34mcolcon.colcon_core.package_identification[0m [1;30mLevel 1[0m _identify(.) by extensions ['python_setup_py']
[0.135s] [34mcolcon.colcon_core.package_identification[0m [1;30mLevel 1[0m _identify(.) by extension 'python_setup_py'
[0.135s] [34mcolcon.colcon_core.package_identification[0m [1;30mLevel 1[0m _identify(build) by extensions ['ignore', 'ignore_ament_install']
[0.135s] [34mcolcon.colcon_core.package_identification[0m [1;30mLevel 1[0m _identify(build) by extension 'ignore'
[0.135s] [34mcolcon.colcon_core.package_identification[0m [1;30mLevel 1[0m _identify(build) ignored
[0.135s] [34mcolcon.colcon_core.package_identification[0m [1;30mLevel 1[0m _identify(install) by extensions ['ignore', 'ignore_ament_install']
[0.135s] [34mcolcon.colcon_core.package_identification[0m [1;30mLevel 1[0m _identify(install) by extension 'ignore'
[0.135s] [34mcolcon.colcon_core.package_identification[0m [1;30mLevel 1[0m _identify(install) ignored
[0.135s] [34mcolcon.colcon_core.package_identification[0m [1;30mLevel 1[0m _identify(log) by extensions ['ignore', 'ignore_ament_install']
[0.135s] [34mcolcon.colcon_core.package_identification[0m [1;30mLevel 1[0m _identify(log) by extension 'ignore'
[0.135s] [34mcolcon.colcon_core.package_identification[0m [1;30mLevel 1[0m _identify(log) ignored
[0.135s] [34mcolcon.colcon_core.package_identification[0m [1;30mLevel 1[0m _identify(src) by extensions ['ignore', 'ignore_ament_install']
[0.135s] [34mcolcon.colcon_core.package_identification[0m [1;30mLevel 1[0m _identify(src) by extension 'ignore'
[0.135s] [34mcolcon.colcon_core.package_identification[0m [1;30mLevel 1[0m _identify(src) by extension 'ignore_ament_install'
[0.135s] [34mcolcon.colcon_core.package_identification[0m [1;30mLevel 1[0m _identify(src) by extensions ['colcon_pkg']
[0.135s] [34mcolcon.colcon_core.package_identification[0m [1;30mLevel 1[0m _identify(src) by extension 'colcon_pkg'
[0.135s] [34mcolcon.colcon_core.package_identification[0m [1;30mLevel 1[0m _identify(src) by extensions ['colcon_meta']
[0.135s] [34mcolcon.colcon_core.package_identification[0m [1;30mLevel 1[0m _identify(src) by extension 'colcon_meta'
[0.135s] [34mcolcon.colcon_core.package_identification[0m [1;30mLevel 1[0m _identify(src) by extensions ['ros']
[0.135s] [34mcolcon.colcon_core.package_identification[0m [1;30mLevel 1[0m _identify(src) by extension 'ros'
[0.135s] [34mcolcon.colcon_core.package_identification[0m [1;30mLevel 1[0m _identify(src) by extensions ['cmake', 'python']
[0.135s] [34mcolcon.colcon_core.package_identification[0m [1;30mLevel 1[0m _identify(src) by extension 'cmake'
[0.135s] [34mcolcon.colcon_core.package_identification[0m [1;30mLevel 1[0m _identify(src) by extension 'python'
[0.135s] [34mcolcon.colcon_core.package_identification[0m [1;30mLevel 1[0m _identify(src) by extensions ['python_setup_py']
[0.135s] [34mcolcon.colcon_core.package_identification[0m [1;30mLevel 1[0m _identify(src) by extension 'python_setup_py'
[0.135s] [34mcolcon.colcon_core.package_identification[0m [1;30mLevel 1[0m _identify(src/px4_msgs) by extensions ['ignore', 'ignore_ament_install']
[0.136s] [34mcolcon.colcon_core.package_identification[0m [1;30mLevel 1[0m _identify(src/px4_msgs) by extension 'ignore'
[0.136s] [34mcolcon.colcon_core.package_identification[0m [1;30mLevel 1[0m _identify(src/px4_msgs) by extension 'ignore_ament_install'
[0.136s] [34mcolcon.colcon_core.package_identification[0m [1;30mLevel 1[0m _identify(src/px4_msgs) by extensions ['colcon_pkg']
[0.136s] [34mcolcon.colcon_core.package_identification[0m [1;30mLevel 1[0m _identify(src/px4_msgs) by extension 'colcon_pkg'
[0.136s] [34mcolcon.colcon_core.package_identification[0m [1;30mLevel 1[0m _identify(src/px4_msgs) by extensions ['colcon_meta']
[0.136s] [34mcolcon.colcon_core.package_identification[0m [1;30mLevel 1[0m _identify(src/px4_msgs) by extension 'colcon_meta'
[0.136s] [34mcolcon.colcon_core.package_identification[0m [1;30mLevel 1[0m _identify(src/px4_msgs) by extensions ['ros']
[0.136s] [34mcolcon.colcon_core.package_identification[0m [1;30mLevel 1[0m _identify(src/px4_msgs) by extension 'ros'
[0.137s] [34mcolcon.colcon_core.package_identification[0m [1;30mDEBUG[0m [32mPackage 'src/px4_msgs' with type 'ros.ament_cmake' and name 'px4_msgs'[0m
[0.137s] [34mcolcon.colcon_core.package_identification[0m [1;30mLevel 1[0m _identify(src/px4_ros_com) by extensions ['ignore', 'ignore_ament_install']
[0.137s] [34mcolcon.colcon_core.package_identification[0m [1;30mLevel 1[0m _identify(src/px4_ros_com) by extension 'ignore'
[0.137s] [34mcolcon.colcon_core.package_identification[0m [1;30mLevel 1[0m _identify(src/px4_ros_com) by extension 'ignore_ament_install'
[0.137s] [34mcolcon.colcon_core.package_identification[0m [1;30mLevel 1[0m _identify(src/px4_ros_com) by extensions ['colcon_pkg']
[0.137s] [34mcolcon.colcon_core.package_identification[0m [1;30mLevel 1[0m _identify(src/px4_ros_com) by extension 'colcon_pkg'
[0.137s] [34mcolcon.colcon_core.package_identification[0m [1;30mLevel 1[0m _identify(src/px4_ros_com) by extensions ['colcon_meta']
[0.137s] [34mcolcon.colcon_core.package_identification[0m [1;30mLevel 1[0m _identify(src/px4_ros_com) by extension 'colcon_meta'
[0.138s] [34mcolcon.colcon_core.package_identification[0m [1;30mLevel 1[0m _identify(src/px4_ros_com) by extensions ['ros']
[0.138s] [34mcolcon.colcon_core.package_identification[0m [1;30mLevel 1[0m _identify(src/px4_ros_com) by extension 'ros'
[0.138s] [34mcolcon.colcon_core.package_identification[0m [1;30mDEBUG[0m [32mPackage 'src/px4_ros_com' with type 'ros.ament_cmake' and name 'px4_ros_com'[0m
[0.138s] [34mcolcon.colcon_core.package_identification[0m [1;30mLevel 1[0m _identify(src/yolo_ros_aav) by extensions ['ignore', 'ignore_ament_install']
[0.138s] [34mcolcon.colcon_core.package_identification[0m [1;30mLevel 1[0m _identify(src/yolo_ros_aav) by extension 'ignore'
[0.138s] [34mcolcon.colcon_core.package_identification[0m [1;30mLevel 1[0m _identify(src/yolo_ros_aav) by extension 'ignore_ament_install'
[0.139s] [34mcolcon.colcon_core.package_identification[0m [1;30mLevel 1[0m _identify(src/yolo_ros_aav) by extensions ['colcon_pkg']
[0.139s] [34mcolcon.colcon_core.package_identification[0m [1;30mLevel 1[0m _identify(src/yolo_ros_aav) by extension 'colcon_pkg'
[0.139s] [34mcolcon.colcon_core.package_identification[0m [1;30mLevel 1[0m _identify(src/yolo_ros_aav) by extensions ['colcon_meta']
[0.139s] [34mcolcon.colcon_core.package_identification[0m [1;30mLevel 1[0m _identify(src/yolo_ros_aav) by extension 'colcon_meta'
[0.139s] [34mcolcon.colcon_core.package_identification[0m [1;30mLevel 1[0m _identify(src/yolo_ros_aav) by extensions ['ros']
[0.139s] [34mcolcon.colcon_core.package_identification[0m [1;30mLevel 1[0m _identify(src/yolo_ros_aav) by extension 'ros'
[0.139s] [34mcolcon.colcon_core.package_identification[0m [1;30mLevel 1[0m _identify(src/yolo_ros_aav) by extensions ['cmake', 'python']
[0.139s] [34mcolcon.colcon_core.package_identification[0m [1;30mLevel 1[0m _identify(src/yolo_ros_aav) by extension 'cmake'
[0.139s] [34mcolcon.colcon_core.package_identification[0m [1;30mLevel 1[0m _identify(src/yolo_ros_aav) by extension 'python'
[0.139s] [34mcolcon.colcon_core.package_identification[0m [1;30mLevel 1[0m _identify(src/yolo_ros_aav) by extensions ['python_setup_py']
[0.139s] [34mcolcon.colcon_core.package_identification[0m [1;30mLevel 1[0m _identify(src/yolo_ros_aav) by extension 'python_setup_py'
[0.139s] [34mcolcon.colcon_core.package_identification[0m [1;30mLevel 1[0m _identify(src/yolo_ros_aav/docs) by extensions ['ignore', 'ignore_ament_install']
[0.139s] [34mcolcon.colcon_core.package_identification[0m [1;30mLevel 1[0m _identify(src/yolo_ros_aav/docs) by extension 'ignore'
[0.139s] [34mcolcon.colcon_core.package_identification[0m [1;30mLevel 1[0m _identify(src/yolo_ros_aav/docs) by extension 'ignore_ament_install'
[0.139s] [34mcolcon.colcon_core.package_identification[0m [1;30mLevel 1[0m _identify(src/yolo_ros_aav/docs) by extensions ['colcon_pkg']
[0.139s] [34mcolcon.colcon_core.package_identification[0m [1;30mLevel 1[0m _identify(src/yolo_ros_aav/docs) by extension 'colcon_pkg'
[0.139s] [34mcolcon.colcon_core.package_identification[0m [1;30mLevel 1[0m _identify(src/yolo_ros_aav/docs) by extensions ['colcon_meta']
[0.139s] [34mcolcon.colcon_core.package_identification[0m [1;30mLevel 1[0m _identify(src/yolo_ros_aav/docs) by extension 'colcon_meta'
[0.139s] [34mcolcon.colcon_core.package_identification[0m [1;30mLevel 1[0m _identify(src/yolo_ros_aav/docs) by extensions ['ros']
[0.139s] [34mcolcon.colcon_core.package_identification[0m [1;30mLevel 1[0m _identify(src/yolo_ros_aav/docs) by extension 'ros'
[0.139s] [34mcolcon.colcon_core.package_identification[0m [1;30mLevel 1[0m _identify(src/yolo_ros_aav/docs) by extensions ['cmake', 'python']
[0.139s] [34mcolcon.colcon_core.package_identification[0m [1;30mLevel 1[0m _identify(src/yolo_ros_aav/docs) by extension 'cmake'
[0.139s] [34mcolcon.colcon_core.package_identification[0m [1;30mLevel 1[0m _identify(src/yolo_ros_aav/docs) by extension 'python'
[0.139s] [34mcolcon.colcon_core.package_identification[0m [1;30mLevel 1[0m _identify(src/yolo_ros_aav/docs) by extensions ['python_setup_py']
[0.139s] [34mcolcon.colcon_core.package_identification[0m [1;30mLevel 1[0m _identify(src/yolo_ros_aav/docs) by extension 'python_setup_py'
[0.139s] [34mcolcon.colcon_core.package_identification[0m [1;30mLevel 1[0m _identify(src/yolo_ros_aav/yolo_bringup) by extensions ['ignore', 'ignore_ament_install']
[0.139s] [34mcolcon.colcon_core.package_identification[0m [1;30mLevel 1[0m _identify(src/yolo_ros_aav/yolo_bringup) by extension 'ignore'
[0.139s] [34mcolcon.colcon_core.package_identification[0m [1;30mLevel 1[0m _identify(src/yolo_ros_aav/yolo_bringup) by extension 'ignore_ament_install'
[0.139s] [34mcolcon.colcon_core.package_identification[0m [1;30mLevel 1[0m _identify(src/yolo_ros_aav/yolo_bringup) by extensions ['colcon_pkg']
[0.139s] [34mcolcon.colcon_core.package_identification[0m [1;30mLevel 1[0m _identify(src/yolo_ros_aav/yolo_bringup) by extension 'colcon_pkg'
[0.139s] [34mcolcon.colcon_core.package_identification[0m [1;30mLevel 1[0m _identify(src/yolo_ros_aav/yolo_bringup) by extensions ['colcon_meta']
[0.139s] [34mcolcon.colcon_core.package_identification[0m [1;30mLevel 1[0m _identify(src/yolo_ros_aav/yolo_bringup) by extension 'colcon_meta'
[0.139s] [34mcolcon.colcon_core.package_identification[0m [1;30mLevel 1[0m _identify(src/yolo_ros_aav/yolo_bringup) by extensions ['ros']
[0.139s] [34mcolcon.colcon_core.package_identification[0m [1;30mLevel 1[0m _identify(src/yolo_ros_aav/yolo_bringup) by extension 'ros'
[0.140s] [34mcolcon.colcon_core.package_identification[0m [1;30mDEBUG[0m [32mPackage 'src/yolo_ros_aav/yolo_bringup' with type 'ros.ament_cmake' and name 'yolo_bringup'[0m
[0.140s] [34mcolcon.colcon_core.package_identification[0m [1;30mLevel 1[0m _identify(src/yolo_ros_aav/yolo_msgs) by extensions ['ignore', 'ignore_ament_install']
[0.140s] [34mcolcon.colcon_core.package_identification[0m [1;30mLevel 1[0m _identify(src/yolo_ros_aav/yolo_msgs) by extension 'ignore'
[0.140s] [34mcolcon.colcon_core.package_identification[0m [1;30mLevel 1[0m _identify(src/yolo_ros_aav/yolo_msgs) by extension 'ignore_ament_install'
[0.140s] [34mcolcon.colcon_core.package_identification[0m [1;30mLevel 1[0m _identify(src/yolo_ros_aav/yolo_msgs) by extensions ['colcon_pkg']
[0.140s] [34mcolcon.colcon_core.package_identification[0m [1;30mLevel 1[0m _identify(src/yolo_ros_aav/yolo_msgs) by extension 'colcon_pkg'
[0.140s] [34mcolcon.colcon_core.package_identification[0m [1;30mLevel 1[0m _identify(src/yolo_ros_aav/yolo_msgs) by extensions ['colcon_meta']
[0.140s] [34mcolcon.colcon_core.package_identification[0m [1;30mLevel 1[0m _identify(src/yolo_ros_aav/yolo_msgs) by extension 'colcon_meta'
[0.140s] [34mcolcon.colcon_core.package_identification[0m [1;30mLevel 1[0m _identify(src/yolo_ros_aav/yolo_msgs) by extensions ['ros']
[0.140s] [34mcolcon.colcon_core.package_identification[0m [1;30mLevel 1[0m _identify(src/yolo_ros_aav/yolo_msgs) by extension 'ros'
[0.140s] [34mcolcon.colcon_core.package_identification[0m [1;30mDEBUG[0m [32mPackage 'src/yolo_ros_aav/yolo_msgs' with type 'ros.ament_cmake' and name 'yolo_msgs'[0m
[0.141s] [34mcolcon.colcon_core.package_identification[0m [1;30mLevel 1[0m _identify(src/yolo_ros_aav/yolo_ros) by extensions ['ignore', 'ignore_ament_install']
[0.141s] [34mcolcon.colcon_core.package_identification[0m [1;30mLevel 1[0m _identify(src/yolo_ros_aav/yolo_ros) by extension 'ignore'
[0.141s] [34mcolcon.colcon_core.package_identification[0m [1;30mLevel 1[0m _identify(src/yolo_ros_aav/yolo_ros) by extension 'ignore_ament_install'
[0.141s] [34mcolcon.colcon_core.package_identification[0m [1;30mLevel 1[0m _identify(src/yolo_ros_aav/yolo_ros) by extensions ['colcon_pkg']
[0.141s] [34mcolcon.colcon_core.package_identification[0m [1;30mLevel 1[0m _identify(src/yolo_ros_aav/yolo_ros) by extension 'colcon_pkg'
[0.141s] [34mcolcon.colcon_core.package_identification[0m [1;30mLevel 1[0m _identify(src/yolo_ros_aav/yolo_ros) by extensions ['colcon_meta']
[0.141s] [34mcolcon.colcon_core.package_identification[0m [1;30mLevel 1[0m _identify(src/yolo_ros_aav/yolo_ros) by extension 'colcon_meta'
[0.141s] [34mcolcon.colcon_core.package_identification[0m [1;30mLevel 1[0m _identify(src/yolo_ros_aav/yolo_ros) by extensions ['ros']
[0.141s] [34mcolcon.colcon_core.package_identification[0m [1;30mLevel 1[0m _identify(src/yolo_ros_aav/yolo_ros) by extension 'ros'
[0.141s] [34mcolcon.colcon_core.package_identification[0m [1;30mDEBUG[0m [32mPackage 'src/yolo_ros_aav/yolo_ros' with type 'ros.ament_python' and name 'yolo_ros'[0m
[0.141s] [34mcolcon.colcon_core.package_discovery[0m [1;30mLevel 1[0m discover_packages(recursive) using defaults
[0.141s] [34mcolcon.colcon_core.package_discovery[0m [1;30mLevel 1[0m discover_packages(ignore) discover
[0.141s] [34mcolcon.colcon_core.package_discovery[0m [1;30mLevel 1[0m discover_packages(ignore) using defaults
[0.141s] [34mcolcon.colcon_core.package_discovery[0m [1;30mLevel 1[0m discover_packages(path) discover
[0.141s] [34mcolcon.colcon_core.package_discovery[0m [1;30mLevel 1[0m discover_packages(path) using defaults
[0.153s] [34mcolcon.colcon_core.package_discovery[0m [1;30mLevel 1[0m discover_packages(prefix_path) check parameters
[0.153s] [34mcolcon.colcon_core.package_discovery[0m [1;30mLevel 1[0m discover_packages(prefix_path) discover
[0.156s] [34mcolcon.colcon_installed_package_information.package_discovery[0m [1;30mDEBUG[0m [32mFound 289 installed packages in /opt/ros/humble[0m
[0.157s] [34mcolcon.colcon_core.package_discovery[0m [1;30mLevel 1[0m discover_packages(prefix_path) using defaults
[0.174s] [34mcolcon.colcon_core.verb[0m [1;30mLevel 5[0m set package 'px4_msgs' build argument 'cmake_args' from command line to 'None'
[0.174s] [34mcolcon.colcon_core.verb[0m [1;30mLevel 5[0m set package 'px4_msgs' build argument 'cmake_target' from command line to 'None'
[0.174s] [34mcolcon.colcon_core.verb[0m [1;30mLevel 5[0m set package 'px4_msgs' build argument 'cmake_target_skip_unavailable' from command line to 'False'
[0.174s] [34mcolcon.colcon_core.verb[0m [1;30mLevel 5[0m set package 'px4_msgs' build argument 'cmake_clean_cache' from command line to 'False'
[0.174s] [34mcolcon.colcon_core.verb[0m [1;30mLevel 5[0m set package 'px4_msgs' build argument 'cmake_clean_first' from command line to 'False'
[0.174s] [34mcolcon.colcon_core.verb[0m [1;30mLevel 5[0m set package 'px4_msgs' build argument 'cmake_force_configure' from command line to 'False'
[0.174s] [34mcolcon.colcon_core.verb[0m [1;30mLevel 5[0m set package 'px4_msgs' build argument 'ament_cmake_args' from command line to 'None'
[0.174s] [34mcolcon.colcon_core.verb[0m [1;30mLevel 5[0m set package 'px4_msgs' build argument 'catkin_cmake_args' from command line to 'None'
[0.174s] [34mcolcon.colcon_core.verb[0m [1;30mLevel 5[0m set package 'px4_msgs' build argument 'catkin_skip_building_tests' from command line to 'False'
[0.174s] [34mcolcon.colcon_core.verb[0m [1;30mDEBUG[0m [32mBuilding package 'px4_msgs' with the following arguments: {'ament_cmake_args': None, 'build_base': '/home/jackson/Final_simulation_full/gazebo_yolo_simulation/yolo_sim/build/px4_msgs', 'catkin_cmake_args': None, 'catkin_skip_building_tests': False, 'cmake_args': None, 'cmake_clean_cache': False, 'cmake_clean_first': False, 'cmake_force_configure': False, 'cmake_target': None, 'cmake_target_skip_unavailable': False, 'install_base': '/home/jackson/Final_simulation_full/gazebo_yolo_simulation/yolo_sim/install/px4_msgs', 'merge_install': False, 'path': '/home/jackson/Final_simulation_full/gazebo_yolo_simulation/yolo_sim/src/px4_msgs', 'symlink_install': False, 'test_result_base': None}[0m
[0.174s] [34mcolcon.colcon_core.verb[0m [1;30mLevel 5[0m set package 'yolo_msgs' build argument 'cmake_args' from command line to 'None'
[0.174s] [34mcolcon.colcon_core.verb[0m [1;30mLevel 5[0m set package 'yolo_msgs' build argument 'cmake_target' from command line to 'None'
[0.174s] [34mcolcon.colcon_core.verb[0m [1;30mLevel 5[0m set package 'yolo_msgs' build argument 'cmake_target_skip_unavailable' from command line to 'False'
[0.174s] [34mcolcon.colcon_core.verb[0m [1;30mLevel 5[0m set package 'yolo_msgs' build argument 'cmake_clean_cache' from command line to 'False'
[0.174s] [34mcolcon.colcon_core.verb[0m [1;30mLevel 5[0m set package 'yolo_msgs' build argument 'cmake_clean_first' from command line to 'False'
[0.174s] [34mcolcon.colcon_core.verb[0m [1;30mLevel 5[0m set package 'yolo_msgs' build argument 'cmake_force_configure' from command line to 'False'
[0.174s] [34mcolcon.colcon_core.verb[0m [1;30mLevel 5[0m set package 'yolo_msgs' build argument 'ament_cmake_args' from command line to 'None'
[0.174s] [34mcolcon.colcon_core.verb[0m [1;30mLevel 5[0m set package 'yolo_msgs' build argument 'catkin_cmake_args' from command line to 'None'
[0.174s] [34mcolcon.colcon_core.verb[0m [1;30mLevel 5[0m set package 'yolo_msgs' build argument 'catkin_skip_building_tests' from command line to 'False'
[0.174s] [34mcolcon.colcon_core.verb[0m [1;30mDEBUG[0m [32mBuilding package 'yolo_msgs' with the following arguments: {'ament_cmake_args': None, 'build_base': '/home/jackson/Final_simulation_full/gazebo_yolo_simulation/yolo_sim/build/yolo_msgs', 'catkin_cmake_args': None, 'catkin_skip_building_tests': False, 'cmake_args': None, 'cmake_clean_cache': False, 'cmake_clean_first': False, 'cmake_force_configure': False, 'cmake_target': None, 'cmake_target_skip_unavailable': False, 'install_base': '/home/jackson/Final_simulation_full/gazebo_yolo_simulation/yolo_sim/install/yolo_msgs', 'merge_install': False, 'path': '/home/jackson/Final_simulation_full/gazebo_yolo_simulation/yolo_sim/src/yolo_ros_aav/yolo_msgs', 'symlink_install': False, 'test_result_base': None}[0m
[0.174s] [34mcolcon.colcon_core.verb[0m [1;30mLevel 5[0m set package 'px4_ros_com' build argument 'cmake_args' from command line to 'None'
[0.174s] [34mcolcon.colcon_core.verb[0m [1;30mLevel 5[0m set package 'px4_ros_com' build argument 'cmake_target' from command line to 'None'
[0.174s] [34mcolcon.colcon_core.verb[0m [1;30mLevel 5[0m set package 'px4_ros_com' build argument 'cmake_target_skip_unavailable' from command line to 'False'
[0.174s] [34mcolcon.colcon_core.verb[0m [1;30mLevel 5[0m set package 'px4_ros_com' build argument 'cmake_clean_cache' from command line to 'False'
[0.174s] [34mcolcon.colcon_core.verb[0m [1;30mLevel 5[0m set package 'px4_ros_com' build argument 'cmake_clean_first' from command line to 'False'
[0.174s] [34mcolcon.colcon_core.verb[0m [1;30mLevel 5[0m set package 'px4_ros_com' build argument 'cmake_force_configure' from command line to 'False'
[0.174s] [34mcolcon.colcon_core.verb[0m [1;30mLevel 5[0m set package 'px4_ros_com' build argument 'ament_cmake_args' from command line to 'None'
[0.174s] [34mcolcon.colcon_core.verb[0m [1;30mLevel 5[0m set package 'px4_ros_com' build argument 'catkin_cmake_args' from command line to 'None'
[0.174s] [34mcolcon.colcon_core.verb[0m [1;30mLevel 5[0m set package 'px4_ros_com' build argument 'catkin_skip_building_tests' from command line to 'False'
[0.174s] [34mcolcon.colcon_core.verb[0m [1;30mDEBUG[0m [32mBuilding package 'px4_ros_com' with the following arguments: {'ament_cmake_args': None, 'build_base': '/home/jackson/Final_simulation_full/gazebo_yolo_simulation/yolo_sim/build/px4_ros_com', 'catkin_cmake_args': None, 'catkin_skip_building_tests': False, 'cmake_args': None, 'cmake_clean_cache': False, 'cmake_clean_first': False, 'cmake_force_configure': False, 'cmake_target': None, 'cmake_target_skip_unavailable': False, 'install_base': '/home/jackson/Final_simulation_full/gazebo_yolo_simulation/yolo_sim/install/px4_ros_com', 'merge_install': False, 'path': '/home/jackson/Final_simulation_full/gazebo_yolo_simulation/yolo_sim/src/px4_ros_com', 'symlink_install': False, 'test_result_base': None}[0m
[0.175s] [34mcolcon.colcon_core.verb[0m [1;30mLevel 5[0m set package 'yolo_ros' build argument 'cmake_args' from command line to 'None'
[0.175s] [34mcolcon.colcon_core.verb[0m [1;30mLevel 5[0m set package 'yolo_ros' build argument 'cmake_target' from command line to 'None'
[0.175s] [34mcolcon.colcon_core.verb[0m [1;30mLevel 5[0m set package 'yolo_ros' build argument 'cmake_target_skip_unavailable' from command line to 'False'
[0.175s] [34mcolcon.colcon_core.verb[0m [1;30mLevel 5[0m set package 'yolo_ros' build argument 'cmake_clean_cache' from command line to 'False'
[0.175s] [34mcolcon.colcon_core.verb[0m [1;30mLevel 5[0m set package 'yolo_ros' build argument 'cmake_clean_first' from command line to 'False'
[0.175s] [34mcolcon.colcon_core.verb[0m [1;30mLevel 5[0m set package 'yolo_ros' build argument 'cmake_force_configure' from command line to 'False'
[0.175s] [34mcolcon.colcon_core.verb[0m [1;30mLevel 5[0m set package 'yolo_ros' build argument 'ament_cmake_args' from command line to 'None'
[0.175s] [34mcolcon.colcon_core.verb[0m [1;30mLevel 5[0m set package 'yolo_ros' build argument 'catkin_cmake_args' from command line to 'None'
[0.175s] [34mcolcon.colcon_core.verb[0m [1;30mLevel 5[0m set package 'yolo_ros' build argument 'catkin_skip_building_tests' from command line to 'False'
[0.175s] [34mcolcon.colcon_core.verb[0m [1;30mDEBUG[0m [32mBuilding package 'yolo_ros' with the following arguments: {'ament_cmake_args': None, 'build_base': '/home/jackson/Final_simulation_full/gazebo_yolo_simulation/yolo_sim/build/yolo_ros', 'catkin_cmake_args': None, 'catkin_skip_building_tests': False, 'cmake_args': None, 'cmake_clean_cache': False, 'cmake_clean_first': False, 'cmake_force_configure': False, 'cmake_target': None, 'cmake_target_skip_unavailable': False, 'install_base': '/home/jackson/Final_simulation_full/gazebo_yolo_simulation/yolo_sim/install/yolo_ros', 'merge_install': False, 'path': '/home/jackson/Final_simulation_full/gazebo_yolo_simulation/yolo_sim/src/yolo_ros_aav/yolo_ros', 'symlink_install': False, 'test_result_base': None}[0m
[0.175s] [34mcolcon.colcon_core.verb[0m [1;30mLevel 5[0m set package 'yolo_bringup' build argument 'cmake_args' from command line to 'None'
[0.175s] [34mcolcon.colcon_core.verb[0m [1;30mLevel 5[0m set package 'yolo_bringup' build argument 'cmake_target' from command line to 'None'
[0.175s] [34mcolcon.colcon_core.verb[0m [1;30mLevel 5[0m set package 'yolo_bringup' build argument 'cmake_target_skip_unavailable' from command line to 'False'
[0.175s] [34mcolcon.colcon_core.verb[0m [1;30mLevel 5[0m set package 'yolo_bringup' build argument 'cmake_clean_cache' from command line to 'False'
[0.175s] [34mcolcon.colcon_core.verb[0m [1;30mLevel 5[0m set package 'yolo_bringup' build argument 'cmake_clean_first' from command line to 'False'
[0.175s] [34mcolcon.colcon_core.verb[0m [1;30mLevel 5[0m set package 'yolo_bringup' build argument 'cmake_force_configure' from command line to 'False'
[0.175s] [34mcolcon.colcon_core.verb[0m [1;30mLevel 5[0m set package 'yolo_bringup' build argument 'ament_cmake_args' from command line to 'None'
[0.175s] [34mcolcon.colcon_core.verb[0m [1;30mLevel 5[0m set package 'yolo_bringup' build argument 'catkin_cmake_args' from command line to 'None'
[0.175s] [34mcolcon.colcon_core.verb[0m [1;30mLevel 5[0m set package 'yolo_bringup' build argument 'catkin_skip_building_tests' from command line to 'False'
[0.175s] [34mcolcon.colcon_core.verb[0m [1;30mDEBUG[0m [32mBuilding package 'yolo_bringup' with the following arguments: {'ament_cmake_args': None, 'build_base': '/home/jackson/Final_simulation_full/gazebo_yolo_simulation/yolo_sim/build/yolo_bringup', 'catkin_cmake_args': None, 'catkin_skip_building_tests': False, 'cmake_args': None, 'cmake_clean_cache': False, 'cmake_clean_first': False, 'cmake_force_configure': False, 'cmake_target': None, 'cmake_target_skip_unavailable': False, 'install_base': '/home/jackson/Final_simulation_full/gazebo_yolo_simulation/yolo_sim/install/yolo_bringup', 'merge_install': False, 'path': '/home/jackson/Final_simulation_full/gazebo_yolo_simulation/yolo_sim/src/yolo_ros_aav/yolo_bringup', 'symlink_install': False, 'test_result_base': None}[0m
[0.175s] [34mcolcon.colcon_core.executor[0m [1;30mINFO[0m Executing jobs using 'parallel' executor
[0.176s] [34mcolcon.colcon_parallel_executor.executor.parallel[0m [1;30mDEBUG[0m [32mrun_until_complete[0m
[0.176s] [34mcolcon.colcon_ros.task.ament_cmake.build[0m [1;30mINFO[0m Building ROS package in '/home/jackson/Final_simulation_full/gazebo_yolo_simulation/yolo_sim/src/yolo_ros_aav/yolo_msgs' with build type 'ament_cmake'
[0.176s] [34mcolcon.colcon_cmake.task.cmake.build[0m [1;30mINFO[0m Building CMake package in '/home/jackson/Final_simulation_full/gazebo_yolo_simulation/yolo_sim/src/yolo_ros_aav/yolo_msgs'
[0.179s] [34mcolcon.colcon_core.plugin_system[0m [1;30mINFO[0m Skipping extension 'colcon_core.shell.bat': Not used on non-Windows systems
[0.179s] [34mcolcon.colcon_core.shell[0m [1;30mINFO[0m Skip shell extension 'powershell' for command environment: Not usable outside of PowerShell
[0.179s] [34mcolcon.colcon_core.shell[0m [1;30mDEBUG[0m [32mSkip shell extension 'dsv' for command environment[0m
[0.181s] [34mcolcon.colcon_ros.task.ament_cmake.build[0m [1;30mINFO[0m Building ROS package in '/home/jackson/Final_simulation_full/gazebo_yolo_simulation/yolo_sim/src/px4_msgs' with build type 'ament_cmake'
[0.182s] [34mcolcon.colcon_cmake.task.cmake.build[0m [1;30mINFO[0m Building CMake package in '/home/jackson/Final_simulation_full/gazebo_yolo_simulation/yolo_sim/src/px4_msgs'
[0.182s] [34mcolcon.colcon_core.shell[0m [1;30mINFO[0m Skip shell extension 'powershell' for command environment: Not usable outside of PowerShell
[0.182s] [34mcolcon.colcon_core.shell[0m [1;30mDEBUG[0m [32mSkip shell extension 'dsv' for command environment[0m
[0.185s] [34mcolcon.colcon_core.event_handler.log_command[0m [1;30mDEBUG[0m [32mInvoking command in '/home/jackson/Final_simulation_full/gazebo_yolo_simulation/yolo_sim/build/yolo_msgs': CMAKE_PREFIX_PATH=/opt/ros/humble /usr/local/bin/cmake --build /home/jackson/Final_simulation_full/gazebo_yolo_simulation/yolo_sim/build/yolo_msgs -- -j16 -l16[0m
[0.189s] [34mcolcon.colcon_core.event_handler.log_command[0m [1;30mDEBUG[0m [32mInvoking command in '/home/jackson/Final_simulation_full/gazebo_yolo_simulation/yolo_sim/build/px4_msgs': CMAKE_PREFIX_PATH=/opt/ros/humble /usr/local/bin/cmake --build /home/jackson/Final_simulation_full/gazebo_yolo_simulation/yolo_sim/build/px4_msgs -- -j16 -l16[0m
[0.410s] [34mcolcon.colcon_core.event_handler.log_command[0m [1;30mDEBUG[0m [32mInvoked command in '/home/jackson/Final_simulation_full/gazebo_yolo_simulation/yolo_sim/build/yolo_msgs' returned '0': CMAKE_PREFIX_PATH=/opt/ros/humble /usr/local/bin/cmake --build /home/jackson/Final_simulation_full/gazebo_yolo_simulation/yolo_sim/build/yolo_msgs -- -j16 -l16[0m
[0.413s] [34mcolcon.colcon_core.event_handler.log_command[0m [1;30mDEBUG[0m [32mInvoking command in '/home/jackson/Final_simulation_full/gazebo_yolo_simulation/yolo_sim/build/yolo_msgs': CMAKE_PREFIX_PATH=/opt/ros/humble /usr/local/bin/cmake --install /home/jackson/Final_simulation_full/gazebo_yolo_simulation/yolo_sim/build/yolo_msgs[0m
[0.456s] [34mcolcon.colcon_core.environment[0m [1;30mLevel 1[0m create_environment_scripts_only(yolo_msgs)
[0.457s] [34mcolcon.colcon_core.event_handler.log_command[0m [1;30mDEBUG[0m [32mInvoked command in '/home/jackson/Final_simulation_full/gazebo_yolo_simulation/yolo_sim/build/yolo_msgs' returned '0': CMAKE_PREFIX_PATH=/opt/ros/humble /usr/local/bin/cmake --install /home/jackson/Final_simulation_full/gazebo_yolo_simulation/yolo_sim/build/yolo_msgs[0m
[0.461s] [34mcolcon.colcon_core.environment[0m [1;30mLevel 1[0m checking '/home/jackson/Final_simulation_full/gazebo_yolo_simulation/yolo_sim/install/yolo_msgs' for CMake module files
[0.462s] [34mcolcon.colcon_core.environment[0m [1;30mLevel 1[0m checking '/home/jackson/Final_simulation_full/gazebo_yolo_simulation/yolo_sim/install/yolo_msgs' for CMake config files
[0.462s] [34mcolcon.colcon_core.shell[0m [1;30mLevel 1[0m create_environment_hook('yolo_msgs', 'cmake_prefix_path')
[0.462s] [34mcolcon.colcon_core.shell[0m [1;30mINFO[0m Creating environment hook '/home/jackson/Final_simulation_full/gazebo_yolo_simulation/yolo_sim/install/yolo_msgs/share/yolo_msgs/hook/cmake_prefix_path.ps1'
[0.463s] [34mcolcon.colcon_core.shell[0m [1;30mINFO[0m Creating environment descriptor '/home/jackson/Final_simulation_full/gazebo_yolo_simulation/yolo_sim/install/yolo_msgs/share/yolo_msgs/hook/cmake_prefix_path.dsv'
[0.463s] [34mcolcon.colcon_core.shell[0m [1;30mINFO[0m Creating environment hook '/home/jackson/Final_simulation_full/gazebo_yolo_simulation/yolo_sim/install/yolo_msgs/share/yolo_msgs/hook/cmake_prefix_path.sh'
[0.464s] [34mcolcon.colcon_core.environment[0m [1;30mLevel 1[0m checking '/home/jackson/Final_simulation_full/gazebo_yolo_simulation/yolo_sim/install/yolo_msgs/lib'
[0.464s] [34mcolcon.colcon_core.shell[0m [1;30mLevel 1[0m create_environment_hook('yolo_msgs', 'ld_library_path_lib')
[0.464s] [34mcolcon.colcon_core.shell[0m [1;30mINFO[0m Creating environment hook '/home/jackson/Final_simulation_full/gazebo_yolo_simulation/yolo_sim/install/yolo_msgs/share/yolo_msgs/hook/ld_library_path_lib.ps1'
[0.464s] [34mcolcon.colcon_core.shell[0m [1;30mINFO[0m Creating environment descriptor '/home/jackson/Final_simulation_full/gazebo_yolo_simulation/yolo_sim/install/yolo_msgs/share/yolo_msgs/hook/ld_library_path_lib.dsv'
[0.464s] [34mcolcon.colcon_core.shell[0m [1;30mINFO[0m Creating environment hook '/home/jackson/Final_simulation_full/gazebo_yolo_simulation/yolo_sim/install/yolo_msgs/share/yolo_msgs/hook/ld_library_path_lib.sh'
[0.465s] [34mcolcon.colcon_core.environment[0m [1;30mLevel 1[0m checking '/home/jackson/Final_simulation_full/gazebo_yolo_simulation/yolo_sim/install/yolo_msgs/bin'
[0.465s] [34mcolcon.colcon_core.environment[0m [1;30mLevel 1[0m checking '/home/jackson/Final_simulation_full/gazebo_yolo_simulation/yolo_sim/install/yolo_msgs/lib/pkgconfig/yolo_msgs.pc'
[0.465s] [34mcolcon.colcon_core.environment[0m [1;30mLevel 1[0m checking '/home/jackson/Final_simulation_full/gazebo_yolo_simulation/yolo_sim/install/yolo_msgs/lib/python3.10/site-packages'
[0.465s] [34mcolcon.colcon_core.environment[0m [1;30mLevel 1[0m checking '/home/jackson/Final_simulation_full/gazebo_yolo_simulation/yolo_sim/install/yolo_msgs/bin'
[0.465s] [34mcolcon.colcon_core.shell[0m [1;30mINFO[0m Creating package script '/home/jackson/Final_simulation_full/gazebo_yolo_simulation/yolo_sim/install/yolo_msgs/share/yolo_msgs/package.ps1'
[0.466s] [34mcolcon.colcon_core.shell[0m [1;30mINFO[0m Creating package descriptor '/home/jackson/Final_simulation_full/gazebo_yolo_simulation/yolo_sim/install/yolo_msgs/share/yolo_msgs/package.dsv'
[0.466s] [34mcolcon.colcon_core.shell[0m [1;30mINFO[0m Creating package script '/home/jackson/Final_simulation_full/gazebo_yolo_simulation/yolo_sim/install/yolo_msgs/share/yolo_msgs/package.sh'
[0.467s] [34mcolcon.colcon_core.shell[0m [1;30mINFO[0m Creating package script '/home/jackson/Final_simulation_full/gazebo_yolo_simulation/yolo_sim/install/yolo_msgs/share/yolo_msgs/package.bash'
[0.468s] [34mcolcon.colcon_core.shell[0m [1;30mINFO[0m Creating package script '/home/jackson/Final_simulation_full/gazebo_yolo_simulation/yolo_sim/install/yolo_msgs/share/yolo_msgs/package.zsh'
[0.468s] [34mcolcon.colcon_core.environment[0m [1;30mLevel 1[0m create_file_with_runtime_dependencies(/home/jackson/Final_simulation_full/gazebo_yolo_simulation/yolo_sim/install/yolo_msgs/share/colcon-core/packages/yolo_msgs)
[0.469s] [34mcolcon.colcon_core.environment[0m [1;30mLevel 1[0m create_environment_scripts_only(yolo_msgs)
[0.469s] [34mcolcon.colcon_core.environment[0m [1;30mLevel 1[0m checking '/home/jackson/Final_simulation_full/gazebo_yolo_simulation/yolo_sim/install/yolo_msgs' for CMake module files
[0.469s] [34mcolcon.colcon_core.environment[0m [1;30mLevel 1[0m checking '/home/jackson/Final_simulation_full/gazebo_yolo_simulation/yolo_sim/install/yolo_msgs' for CMake config files
[0.469s] [34mcolcon.colcon_core.shell[0m [1;30mLevel 1[0m create_environment_hook('yolo_msgs', 'cmake_prefix_path')
[0.469s] [34mcolcon.colcon_core.shell[0m [1;30mINFO[0m Creating environment hook '/home/jackson/Final_simulation_full/gazebo_yolo_simulation/yolo_sim/install/yolo_msgs/share/yolo_msgs/hook/cmake_prefix_path.ps1'
[0.470s] [34mcolcon.colcon_core.shell[0m [1;30mINFO[0m Creating environment descriptor '/home/jackson/Final_simulation_full/gazebo_yolo_simulation/yolo_sim/install/yolo_msgs/share/yolo_msgs/hook/cmake_prefix_path.dsv'
[0.470s] [34mcolcon.colcon_core.shell[0m [1;30mINFO[0m Creating environment hook '/home/jackson/Final_simulation_full/gazebo_yolo_simulation/yolo_sim/install/yolo_msgs/share/yolo_msgs/hook/cmake_prefix_path.sh'
[0.470s] [34mcolcon.colcon_core.environment[0m [1;30mLevel 1[0m checking '/home/jackson/Final_simulation_full/gazebo_yolo_simulation/yolo_sim/install/yolo_msgs/lib'
[0.470s] [34mcolcon.colcon_core.shell[0m [1;30mLevel 1[0m create_environment_hook('yolo_msgs', 'ld_library_path_lib')
[0.470s] [34mcolcon.colcon_core.shell[0m [1;30mINFO[0m Creating environment hook '/home/jackson/Final_simulation_full/gazebo_yolo_simulation/yolo_sim/install/yolo_msgs/share/yolo_msgs/hook/ld_library_path_lib.ps1'
[0.470s] [34mcolcon.colcon_core.shell[0m [1;30mINFO[0m Creating environment descriptor '/home/jackson/Final_simulation_full/gazebo_yolo_simulation/yolo_sim/install/yolo_msgs/share/yolo_msgs/hook/ld_library_path_lib.dsv'
[0.471s] [34mcolcon.colcon_core.shell[0m [1;30mINFO[0m Creating environment hook '/home/jackson/Final_simulation_full/gazebo_yolo_simulation/yolo_sim/install/yolo_msgs/share/yolo_msgs/hook/ld_library_path_lib.sh'
[0.471s] [34mcolcon.colcon_core.environment[0m [1;30mLevel 1[0m checking '/home/jackson/Final_simulation_full/gazebo_yolo_simulation/yolo_sim/install/yolo_msgs/bin'
[0.471s] [34mcolcon.colcon_core.environment[0m [1;30mLevel 1[0m checking '/home/jackson/Final_simulation_full/gazebo_yolo_simulation/yolo_sim/install/yolo_msgs/lib/pkgconfig/yolo_msgs.pc'
[0.471s] [34mcolcon.colcon_core.environment[0m [1;30mLevel 1[0m checking '/home/jackson/Final_simulation_full/gazebo_yolo_simulation/yolo_sim/install/yolo_msgs/lib/python3.10/site-packages'
[0.471s] [34mcolcon.colcon_core.environment[0m [1;30mLevel 1[0m checking '/home/jackson/Final_simulation_full/gazebo_yolo_simulation/yolo_sim/install/yolo_msgs/bin'
[0.471s] [34mcolcon.colcon_core.shell[0m [1;30mINFO[0m Creating package script '/home/jackson/Final_simulation_full/gazebo_yolo_simulation/yolo_sim/install/yolo_msgs/share/yolo_msgs/package.ps1'
[0.471s] [34mcolcon.colcon_core.shell[0m [1;30mINFO[0m Creating package descriptor '/home/jackson/Final_simulation_full/gazebo_yolo_simulation/yolo_sim/install/yolo_msgs/share/yolo_msgs/package.dsv'
[0.472s] [34mcolcon.colcon_core.shell[0m [1;30mINFO[0m Creating package script '/home/jackson/Final_simulation_full/gazebo_yolo_simulation/yolo_sim/install/yolo_msgs/share/yolo_msgs/package.sh'
[0.472s] [34mcolcon.colcon_core.shell[0m [1;30mINFO[0m Creating package script '/home/jackson/Final_simulation_full/gazebo_yolo_simulation/yolo_sim/install/yolo_msgs/share/yolo_msgs/package.bash'
[0.472s] [34mcolcon.colcon_core.shell[0m [1;30mINFO[0m Creating package script '/home/jackson/Final_simulation_full/gazebo_yolo_simulation/yolo_sim/install/yolo_msgs/share/yolo_msgs/package.zsh'
[0.472s] [34mcolcon.colcon_core.environment[0m [1;30mLevel 1[0m create_file_with_runtime_dependencies(/home/jackson/Final_simulation_full/gazebo_yolo_simulation/yolo_sim/install/yolo_msgs/share/colcon-core/packages/yolo_msgs)
[0.472s] [34mcolcon.colcon_ros.task.ament_python.build[0m [1;30mINFO[0m Building ROS package in '/home/jackson/Final_simulation_full/gazebo_yolo_simulation/yolo_sim/src/yolo_ros_aav/yolo_ros' with build type 'ament_python'
[0.472s] [34mcolcon.colcon_core.shell[0m [1;30mLevel 1[0m create_environment_hook('yolo_ros', 'ament_prefix_path')
[0.473s] [34mcolcon.colcon_core.shell[0m [1;30mINFO[0m Creating environment hook '/home/jackson/Final_simulation_full/gazebo_yolo_simulation/yolo_sim/install/yolo_ros/share/yolo_ros/hook/ament_prefix_path.ps1'
[0.473s] [34mcolcon.colcon_core.shell[0m [1;30mINFO[0m Creating environment descriptor '/home/jackson/Final_simulation_full/gazebo_yolo_simulation/yolo_sim/install/yolo_ros/share/yolo_ros/hook/ament_prefix_path.dsv'
[0.473s] [34mcolcon.colcon_core.shell[0m [1;30mINFO[0m Creating environment hook '/home/jackson/Final_simulation_full/gazebo_yolo_simulation/yolo_sim/install/yolo_ros/share/yolo_ros/hook/ament_prefix_path.sh'
[0.473s] [34mcolcon.colcon_core.shell[0m [1;30mINFO[0m Skip shell extension 'powershell' for command environment: Not usable outside of PowerShell
[0.473s] [34mcolcon.colcon_core.shell[0m [1;30mDEBUG[0m [32mSkip shell extension 'dsv' for command environment[0m
[0.586s] [34mcolcon.colcon_core.task.python.build[0m [1;30mINFO[0m Building Python package in '/home/jackson/Final_simulation_full/gazebo_yolo_simulation/yolo_sim/src/yolo_ros_aav/yolo_ros'
[0.587s] [34mcolcon.colcon_core.shell[0m [1;30mINFO[0m Skip shell extension 'powershell' for command environment: Not usable outside of PowerShell
[0.587s] [34mcolcon.colcon_core.shell[0m [1;30mDEBUG[0m [32mSkip shell extension 'dsv' for command environment[0m
[0.875s] [34mcolcon.colcon_core.event_handler.log_command[0m [1;30mDEBUG[0m [32mInvoked command in '/home/jackson/Final_simulation_full/gazebo_yolo_simulation/yolo_sim/build/px4_msgs' returned '0': CMAKE_PREFIX_PATH=/opt/ros/humble /usr/local/bin/cmake --build /home/jackson/Final_simulation_full/gazebo_yolo_simulation/yolo_sim/build/px4_msgs -- -j16 -l16[0m
[0.876s] [34mcolcon.colcon_core.event_handler.log_command[0m [1;30mDEBUG[0m [32mInvoking command in '/home/jackson/Final_simulation_full/gazebo_yolo_simulation/yolo_sim/build/px4_msgs': CMAKE_PREFIX_PATH=/opt/ros/humble /usr/local/bin/cmake --install /home/jackson/Final_simulation_full/gazebo_yolo_simulation/yolo_sim/build/px4_msgs[0m
[1.001s] [34mcolcon.colcon_core.event_handler.log_command[0m [1;30mDEBUG[0m [32mInvoking command in '/home/jackson/Final_simulation_full/gazebo_yolo_simulation/yolo_sim/src/yolo_ros_aav/yolo_ros': AMENT_PREFIX_PATH=/home/jackson/Final_simulation_full/gazebo_yolo_simulation/yolo_sim/install/yolo_msgs:${AMENT_PREFIX_PATH} CMAKE_PREFIX_PATH=/home/jackson/Final_simulation_full/gazebo_yolo_simulation/yolo_sim/install/yolo_msgs LD_LIBRARY_PATH=/home/jackson/Final_simulation_full/gazebo_yolo_simulation/yolo_sim/install/yolo_msgs/lib:${LD_LIBRARY_PATH} PYTHONPATH=/home/jackson/Final_simulation_full/gazebo_yolo_simulation/yolo_sim/build/yolo_ros/prefix_override:/usr/lib/python3/dist-packages/colcon_core/task/python/colcon_distutils_commands:/home/jackson/Final_simulation_full/gazebo_yolo_simulation/yolo_sim/install/yolo_ros/lib/python3.10/site-packages:/home/jackson/Final_simulation_full/gazebo_yolo_simulation/yolo_sim/install/yolo_msgs/local/lib/python3.10/dist-packages:${PYTHONPATH} /usr/bin/python3 -W ignore:setup.py install is deprecated -W ignore:easy_install command is deprecated setup.py egg_info --egg-base ../../../build/yolo_ros build --build-base /home/jackson/Final_simulation_full/gazebo_yolo_simulation/yolo_sim/build/yolo_ros/build install --record /home/jackson/Final_simulation_full/gazebo_yolo_simulation/yolo_sim/build/yolo_ros/install.log --single-version-externally-managed install_data[0m
[1.226s] [34mcolcon.colcon_core.environment[0m [1;30mLevel 1[0m create_environment_scripts_only(px4_msgs)
[1.227s] [34mcolcon.colcon_core.event_handler.log_command[0m [1;30mDEBUG[0m [32mInvoked command in '/home/jackson/Final_simulation_full/gazebo_yolo_simulation/yolo_sim/build/px4_msgs' returned '0': CMAKE_PREFIX_PATH=/opt/ros/humble /usr/local/bin/cmake --install /home/jackson/Final_simulation_full/gazebo_yolo_simulation/yolo_sim/build/px4_msgs[0m
[1.227s] [34mcolcon.colcon_core.environment[0m [1;30mLevel 1[0m checking '/home/jackson/Final_simulation_full/gazebo_yolo_simulation/yolo_sim/install/px4_msgs' for CMake module files
[1.227s] [34mcolcon.colcon_core.environment[0m [1;30mLevel 1[0m checking '/home/jackson/Final_simulation_full/gazebo_yolo_simulation/yolo_sim/install/px4_msgs' for CMake config files
[1.228s] [34mcolcon.colcon_core.shell[0m [1;30mLevel 1[0m create_environment_hook('px4_msgs', 'cmake_prefix_path')
[1.228s] [34mcolcon.colcon_core.shell[0m [1;30mINFO[0m Creating environment hook '/home/jackson/Final_simulation_full/gazebo_yolo_simulation/yolo_sim/install/px4_msgs/share/px4_msgs/hook/cmake_prefix_path.ps1'
[1.228s] [34mcolcon.colcon_core.shell[0m [1;30mINFO[0m Creating environment descriptor '/home/jackson/Final_simulation_full/gazebo_yolo_simulation/yolo_sim/install/px4_msgs/share/px4_msgs/hook/cmake_prefix_path.dsv'
[1.229s] [34mcolcon.colcon_core.shell[0m [1;30mINFO[0m Creating environment hook '/home/jackson/Final_simulation_full/gazebo_yolo_simulation/yolo_sim/install/px4_msgs/share/px4_msgs/hook/cmake_prefix_path.sh'
[1.229s] [34mcolcon.colcon_core.environment[0m [1;30mLevel 1[0m checking '/home/jackson/Final_simulation_full/gazebo_yolo_simulation/yolo_sim/install/px4_msgs/lib'
[1.229s] [34mcolcon.colcon_core.shell[0m [1;30mLevel 1[0m create_environment_hook('px4_msgs', 'ld_library_path_lib')
[1.229s] [34mcolcon.colcon_core.shell[0m [1;30mINFO[0m Creating environment hook '/home/jackson/Final_simulation_full/gazebo_yolo_simulation/yolo_sim/install/px4_msgs/share/px4_msgs/hook/ld_library_path_lib.ps1'
[1.229s] [34mcolcon.colcon_core.shell[0m [1;30mINFO[0m Creating environment descriptor '/home/jackson/Final_simulation_full/gazebo_yolo_simulation/yolo_sim/install/px4_msgs/share/px4_msgs/hook/ld_library_path_lib.dsv'
[1.229s] [34mcolcon.colcon_core.shell[0m [1;30mINFO[0m Creating environment hook '/home/jackson/Final_simulation_full/gazebo_yolo_simulation/yolo_sim/install/px4_msgs/share/px4_msgs/hook/ld_library_path_lib.sh'
[1.230s] [34mcolcon.colcon_core.environment[0m [1;30mLevel 1[0m checking '/home/jackson/Final_simulation_full/gazebo_yolo_simulation/yolo_sim/install/px4_msgs/bin'
[1.230s] [34mcolcon.colcon_core.environment[0m [1;30mLevel 1[0m checking '/home/jackson/Final_simulation_full/gazebo_yolo_simulation/yolo_sim/install/px4_msgs/lib/pkgconfig/px4_msgs.pc'
[1.230s] [34mcolcon.colcon_core.environment[0m [1;30mLevel 1[0m checking '/home/jackson/Final_simulation_full/gazebo_yolo_simulation/yolo_sim/install/px4_msgs/lib/python3.10/site-packages'
[1.230s] [34mcolcon.colcon_core.environment[0m [1;30mLevel 1[0m checking '/home/jackson/Final_simulation_full/gazebo_yolo_simulation/yolo_sim/install/px4_msgs/bin'
[1.230s] [34mcolcon.colcon_core.shell[0m [1;30mINFO[0m Creating package script '/home/jackson/Final_simulation_full/gazebo_yolo_simulation/yolo_sim/install/px4_msgs/share/px4_msgs/package.ps1'
[1.230s] [34mcolcon.colcon_core.shell[0m [1;30mINFO[0m Creating package descriptor '/home/jackson/Final_simulation_full/gazebo_yolo_simulation/yolo_sim/install/px4_msgs/share/px4_msgs/package.dsv'
[1.230s] [34mcolcon.colcon_core.shell[0m [1;30mINFO[0m Creating package script '/home/jackson/Final_simulation_full/gazebo_yolo_simulation/yolo_sim/install/px4_msgs/share/px4_msgs/package.sh'
[1.231s] [34mcolcon.colcon_core.shell[0m [1;30mINFO[0m Creating package script '/home/jackson/Final_simulation_full/gazebo_yolo_simulation/yolo_sim/install/px4_msgs/share/px4_msgs/package.bash'
[1.231s] [34mcolcon.colcon_core.shell[0m [1;30mINFO[0m Creating package script '/home/jackson/Final_simulation_full/gazebo_yolo_simulation/yolo_sim/install/px4_msgs/share/px4_msgs/package.zsh'
[1.231s] [34mcolcon.colcon_core.environment[0m [1;30mLevel 1[0m create_file_with_runtime_dependencies(/home/jackson/Final_simulation_full/gazebo_yolo_simulation/yolo_sim/install/px4_msgs/share/colcon-core/packages/px4_msgs)
[1.231s] [34mcolcon.colcon_core.environment[0m [1;30mLevel 1[0m create_environment_scripts_only(px4_msgs)
[1.231s] [34mcolcon.colcon_core.environment[0m [1;30mLevel 1[0m checking '/home/jackson/Final_simulation_full/gazebo_yolo_simulation/yolo_sim/install/px4_msgs' for CMake module files
[1.232s] [34mcolcon.colcon_core.environment[0m [1;30mLevel 1[0m checking '/home/jackson/Final_simulation_full/gazebo_yolo_simulation/yolo_sim/install/px4_msgs' for CMake config files
[1.233s] [34mcolcon.colcon_core.shell[0m [1;30mLevel 1[0m create_environment_hook('px4_msgs', 'cmake_prefix_path')
[1.233s] [34mcolcon.colcon_core.shell[0m [1;30mINFO[0m Creating environment hook '/home/jackson/Final_simulation_full/gazebo_yolo_simulation/yolo_sim/install/px4_msgs/share/px4_msgs/hook/cmake_prefix_path.ps1'
[1.233s] [34mcolcon.colcon_core.shell[0m [1;30mINFO[0m Creating environment descriptor '/home/jackson/Final_simulation_full/gazebo_yolo_simulation/yolo_sim/install/px4_msgs/share/px4_msgs/hook/cmake_prefix_path.dsv'
[1.233s] [34mcolcon.colcon_core.shell[0m [1;30mINFO[0m Creating environment hook '/home/jackson/Final_simulation_full/gazebo_yolo_simulation/yolo_sim/install/px4_msgs/share/px4_msgs/hook/cmake_prefix_path.sh'
[1.234s] [34mcolcon.colcon_core.environment[0m [1;30mLevel 1[0m checking '/home/jackson/Final_simulation_full/gazebo_yolo_simulation/yolo_sim/install/px4_msgs/lib'
[1.234s] [34mcolcon.colcon_core.shell[0m [1;30mLevel 1[0m create_environment_hook('px4_msgs', 'ld_library_path_lib')
[1.234s] [34mcolcon.colcon_core.shell[0m [1;30mINFO[0m Creating environment hook '/home/jackson/Final_simulation_full/gazebo_yolo_simulation/yolo_sim/install/px4_msgs/share/px4_msgs/hook/ld_library_path_lib.ps1'
[1.234s] [34mcolcon.colcon_core.shell[0m [1;30mINFO[0m Creating environment descriptor '/home/jackson/Final_simulation_full/gazebo_yolo_simulation/yolo_sim/install/px4_msgs/share/px4_msgs/hook/ld_library_path_lib.dsv'
[1.234s] [34mcolcon.colcon_core.shell[0m [1;30mINFO[0m Creating environment hook '/home/jackson/Final_simulation_full/gazebo_yolo_simulation/yolo_sim/install/px4_msgs/share/px4_msgs/hook/ld_library_path_lib.sh'
[1.234s] [34mcolcon.colcon_core.environment[0m [1;30mLevel 1[0m checking '/home/jackson/Final_simulation_full/gazebo_yolo_simulation/yolo_sim/install/px4_msgs/bin'
[1.234s] [34mcolcon.colcon_core.environment[0m [1;30mLevel 1[0m checking '/home/jackson/Final_simulation_full/gazebo_yolo_simulation/yolo_sim/install/px4_msgs/lib/pkgconfig/px4_msgs.pc'
[1.234s] [34mcolcon.colcon_core.environment[0m [1;30mLevel 1[0m checking '/home/jackson/Final_simulation_full/gazebo_yolo_simulation/yolo_sim/install/px4_msgs/lib/python3.10/site-packages'
[1.234s] [34mcolcon.colcon_core.environment[0m [1;30mLevel 1[0m checking '/home/jackson/Final_simulation_full/gazebo_yolo_simulation/yolo_sim/install/px4_msgs/bin'
[1.235s] [34mcolcon.colcon_core.shell[0m [1;30mINFO[0m Creating package script '/home/jackson/Final_simulation_full/gazebo_yolo_simulation/yolo_sim/install/px4_msgs/share/px4_msgs/package.ps1'
[1.235s] [34mcolcon.colcon_core.shell[0m [1;30mINFO[0m Creating package descriptor '/home/jackson/Final_simulation_full/gazebo_yolo_simulation/yolo_sim/install/px4_msgs/share/px4_msgs/package.dsv'
[1.235s] [34mcolcon.colcon_core.shell[0m [1;30mINFO[0m Creating package script '/home/jackson/Final_simulation_full/gazebo_yolo_simulation/yolo_sim/install/px4_msgs/share/px4_msgs/package.sh'
[1.235s] [34mcolcon.colcon_core.shell[0m [1;30mINFO[0m Creating package script '/home/jackson/Final_simulation_full/gazebo_yolo_simulation/yolo_sim/install/px4_msgs/share/px4_msgs/package.bash'
[1.236s] [34mcolcon.colcon_core.shell[0m [1;30mINFO[0m Creating package script '/home/jackson/Final_simulation_full/gazebo_yolo_simulation/yolo_sim/install/px4_msgs/share/px4_msgs/package.zsh'
[1.236s] [34mcolcon.colcon_core.environment[0m [1;30mLevel 1[0m create_file_with_runtime_dependencies(/home/jackson/Final_simulation_full/gazebo_yolo_simulation/yolo_sim/install/px4_msgs/share/colcon-core/packages/px4_msgs)
[1.236s] [34mcolcon.colcon_ros.task.ament_cmake.build[0m [1;30mINFO[0m Building ROS package in '/home/jackson/Final_simulation_full/gazebo_yolo_simulation/yolo_sim/src/px4_ros_com' with build type 'ament_cmake'
[1.236s] [34mcolcon.colcon_cmake.task.cmake.build[0m [1;30mINFO[0m Building CMake package in '/home/jackson/Final_simulation_full/gazebo_yolo_simulation/yolo_sim/src/px4_ros_com'
[1.236s] [34mcolcon.colcon_core.shell[0m [1;30mINFO[0m Skip shell extension 'powershell' for command environment: Not usable outside of PowerShell
[1.236s] [34mcolcon.colcon_core.shell[0m [1;30mDEBUG[0m [32mSkip shell extension 'dsv' for command environment[0m
[1.243s] [34mcolcon.colcon_core.event_handler.log_command[0m [1;30mDEBUG[0m [32mInvoking command in '/home/jackson/Final_simulation_full/gazebo_yolo_simulation/yolo_sim/build/px4_ros_com': AMENT_PREFIX_PATH=/home/jackson/Final_simulation_full/gazebo_yolo_simulation/yolo_sim/install/px4_msgs:${AMENT_PREFIX_PATH} CMAKE_PREFIX_PATH=/home/jackson/Final_simulation_full/gazebo_yolo_simulation/yolo_sim/install/px4_msgs:/opt/ros/humble LD_LIBRARY_PATH=/home/jackson/Final_simulation_full/gazebo_yolo_simulation/yolo_sim/install/px4_msgs/lib:${LD_LIBRARY_PATH} PYTHONPATH=/home/jackson/Final_simulation_full/gazebo_yolo_simulation/yolo_sim/install/px4_msgs/local/lib/python3.10/dist-packages:${PYTHONPATH} /usr/local/bin/cmake --build /home/jackson/Final_simulation_full/gazebo_yolo_simulation/yolo_sim/build/px4_ros_com -- -j16 -l16[0m
[1.246s] [34mcolcon.colcon_core.environment[0m [1;30mLevel 1[0m checking '/home/jackson/Final_simulation_full/gazebo_yolo_simulation/yolo_sim/install/yolo_ros' for CMake module files
[1.247s] [34mcolcon.colcon_core.event_handler.log_command[0m [1;30mDEBUG[0m [32mInvoked command in '/home/jackson/Final_simulation_full/gazebo_yolo_simulation/yolo_sim/src/yolo_ros_aav/yolo_ros' returned '0': AMENT_PREFIX_PATH=/home/jackson/Final_simulation_full/gazebo_yolo_simulation/yolo_sim/install/yolo_msgs:${AMENT_PREFIX_PATH} CMAKE_PREFIX_PATH=/home/jackson/Final_simulation_full/gazebo_yolo_simulation/yolo_sim/install/yolo_msgs LD_LIBRARY_PATH=/home/jackson/Final_simulation_full/gazebo_yolo_simulation/yolo_sim/install/yolo_msgs/lib:${LD_LIBRARY_PATH} PYTHONPATH=/home/jackson/Final_simulation_full/gazebo_yolo_simulation/yolo_sim/build/yolo_ros/prefix_override:/usr/lib/python3/dist-packages/colcon_core/task/python/colcon_distutils_commands:/home/jackson/Final_simulation_full/gazebo_yolo_simulation/yolo_sim/install/yolo_ros/lib/python3.10/site-packages:/home/jackson/Final_simulation_full/gazebo_yolo_simulation/yolo_sim/install/yolo_msgs/local/lib/python3.10/dist-packages:${PYTHONPATH} /usr/bin/python3 -W ignore:setup.py install is deprecated -W ignore:easy_install command is deprecated setup.py egg_info --egg-base ../../../build/yolo_ros build --build-base /home/jackson/Final_simulation_full/gazebo_yolo_simulation/yolo_sim/build/yolo_ros/build install --record /home/jackson/Final_simulation_full/gazebo_yolo_simulation/yolo_sim/build/yolo_ros/install.log --single-version-externally-managed install_data[0m
[1.247s] [34mcolcon.colcon_core.environment[0m [1;30mLevel 1[0m checking '/home/jackson/Final_simulation_full/gazebo_yolo_simulation/yolo_sim/install/yolo_ros' for CMake config files
[1.247s] [34mcolcon.colcon_core.environment[0m [1;30mLevel 1[0m checking '/home/jackson/Final_simulation_full/gazebo_yolo_simulation/yolo_sim/install/yolo_ros/lib'
[1.247s] [34mcolcon.colcon_core.environment[0m [1;30mLevel 1[0m checking '/home/jackson/Final_simulation_full/gazebo_yolo_simulation/yolo_sim/install/yolo_ros/bin'
[1.247s] [34mcolcon.colcon_core.environment[0m [1;30mLevel 1[0m checking '/home/jackson/Final_simulation_full/gazebo_yolo_simulation/yolo_sim/install/yolo_ros/lib/pkgconfig/yolo_ros.pc'
[1.247s] [34mcolcon.colcon_core.environment[0m [1;30mLevel 1[0m checking '/home/jackson/Final_simulation_full/gazebo_yolo_simulation/yolo_sim/install/yolo_ros/lib/python3.10/site-packages'
[1.247s] [34mcolcon.colcon_core.shell[0m [1;30mLevel 1[0m create_environment_hook('yolo_ros', 'pythonpath')
[1.247s] [34mcolcon.colcon_core.shell[0m [1;30mINFO[0m Creating environment hook '/home/jackson/Final_simulation_full/gazebo_yolo_simulation/yolo_sim/install/yolo_ros/share/yolo_ros/hook/pythonpath.ps1'
[1.248s] [34mcolcon.colcon_core.shell[0m [1;30mINFO[0m Creating environment descriptor '/home/jackson/Final_simulation_full/gazebo_yolo_simulation/yolo_sim/install/yolo_ros/share/yolo_ros/hook/pythonpath.dsv'
[1.248s] [34mcolcon.colcon_core.shell[0m [1;30mINFO[0m Creating environment hook '/home/jackson/Final_simulation_full/gazebo_yolo_simulation/yolo_sim/install/yolo_ros/share/yolo_ros/hook/pythonpath.sh'
[1.248s] [34mcolcon.colcon_core.environment[0m [1;30mLevel 1[0m checking '/home/jackson/Final_simulation_full/gazebo_yolo_simulation/yolo_sim/install/yolo_ros/bin'
[1.248s] [34mcolcon.colcon_core.environment[0m [1;30mLevel 1[0m create_environment_scripts_only(yolo_ros)
[1.248s] [34mcolcon.colcon_core.shell[0m [1;30mINFO[0m Creating package script '/home/jackson/Final_simulation_full/gazebo_yolo_simulation/yolo_sim/install/yolo_ros/share/yolo_ros/package.ps1'
[1.249s] [34mcolcon.colcon_core.shell[0m [1;30mINFO[0m Creating package descriptor '/home/jackson/Final_simulation_full/gazebo_yolo_simulation/yolo_sim/install/yolo_ros/share/yolo_ros/package.dsv'
[1.249s] [34mcolcon.colcon_core.shell[0m [1;30mINFO[0m Creating package script '/home/jackson/Final_simulation_full/gazebo_yolo_simulation/yolo_sim/install/yolo_ros/share/yolo_ros/package.sh'
[1.249s] [34mcolcon.colcon_core.shell[0m [1;30mINFO[0m Creating package script '/home/jackson/Final_simulation_full/gazebo_yolo_simulation/yolo_sim/install/yolo_ros/share/yolo_ros/package.bash'
[1.249s] [34mcolcon.colcon_core.shell[0m [1;30mINFO[0m Creating package script '/home/jackson/Final_simulation_full/gazebo_yolo_simulation/yolo_sim/install/yolo_ros/share/yolo_ros/package.zsh'
[1.249s] [34mcolcon.colcon_core.environment[0m [1;30mLevel 1[0m create_file_with_runtime_dependencies(/home/jackson/Final_simulation_full/gazebo_yolo_simulation/yolo_sim/install/yolo_ros/share/colcon-core/packages/yolo_ros)
[1.250s] [34mcolcon.colcon_ros.task.ament_cmake.build[0m [1;30mINFO[0m Building ROS package in '/home/jackson/Final_simulation_full/gazebo_yolo_simulation/yolo_sim/src/yolo_ros_aav/yolo_bringup' with build type 'ament_cmake'
[1.250s] [34mcolcon.colcon_cmake.task.cmake.build[0m [1;30mINFO[0m Building CMake package in '/home/jackson/Final_simulation_full/gazebo_yolo_simulation/yolo_sim/src/yolo_ros_aav/yolo_bringup'
[1.250s] [34mcolcon.colcon_core.shell[0m [1;30mINFO[0m Skip shell extension 'powershell' for command environment: Not usable outside of PowerShell
[1.250s] [34mcolcon.colcon_core.shell[0m [1;30mDEBUG[0m [32mSkip shell extension 'dsv' for command environment[0m
[1.257s] [34mcolcon.colcon_core.event_handler.log_command[0m [1;30mDEBUG[0m [32mInvoking command in '/home/jackson/Final_simulation_full/gazebo_yolo_simulation/yolo_sim/build/yolo_bringup': AMENT_PREFIX_PATH=/home/jackson/Final_simulation_full/gazebo_yolo_simulation/yolo_sim/install/yolo_ros:/home/jackson/Final_simulation_full/gazebo_yolo_simulation/yolo_sim/install/yolo_msgs:${AMENT_PREFIX_PATH} CMAKE_PREFIX_PATH=/home/jackson/Final_simulation_full/gazebo_yolo_simulation/yolo_sim/install/yolo_msgs:/opt/ros/humble LD_LIBRARY_PATH=/home/jackson/Final_simulation_full/gazebo_yolo_simulation/yolo_sim/install/yolo_msgs/lib:${LD_LIBRARY_PATH} PYTHONPATH=/home/jackson/Final_simulation_full/gazebo_yolo_simulation/yolo_sim/install/yolo_ros/lib/python3.10/site-packages:/home/jackson/Final_simulation_full/gazebo_yolo_simulation/yolo_sim/install/yolo_msgs/local/lib/python3.10/dist-packages:${PYTHONPATH} /usr/local/bin/cmake --build /home/jackson/Final_simulation_full/gazebo_yolo_simulation/yolo_sim/build/yolo_bringup -- -j16 -l16[0m
[1.271s] [34mcolcon.colcon_core.event_handler.log_command[0m [1;30mDEBUG[0m [32mInvoked command in '/home/jackson/Final_simulation_full/gazebo_yolo_simulation/yolo_sim/build/yolo_bringup' returned '0': AMENT_PREFIX_PATH=/home/jackson/Final_simulation_full/gazebo_yolo_simulation/yolo_sim/install/yolo_ros:/home/jackson/Final_simulation_full/gazebo_yolo_simulation/yolo_sim/install/yolo_msgs:${AMENT_PREFIX_PATH} CMAKE_PREFIX_PATH=/home/jackson/Final_simulation_full/gazebo_yolo_simulation/yolo_sim/install/yolo_msgs:/opt/ros/humble LD_LIBRARY_PATH=/home/jackson/Final_simulation_full/gazebo_yolo_simulation/yolo_sim/install/yolo_msgs/lib:${LD_LIBRARY_PATH} PYTHONPATH=/home/jackson/Final_simulation_full/gazebo_yolo_simulation/yolo_sim/install/yolo_ros/lib/python3.10/site-packages:/home/jackson/Final_simulation_full/gazebo_yolo_simulation/yolo_sim/install/yolo_msgs/local/lib/python3.10/dist-packages:${PYTHONPATH} /usr/local/bin/cmake --build /home/jackson/Final_simulation_full/gazebo_yolo_simulation/yolo_sim/build/yolo_bringup -- -j16 -l16[0m
[1.273s] [34mcolcon.colcon_core.event_handler.log_command[0m [1;30mDEBUG[0m [32mInvoking command in '/home/jackson/Final_simulation_full/gazebo_yolo_simulation/yolo_sim/build/yolo_bringup': AMENT_PREFIX_PATH=/home/jackson/Final_simulation_full/gazebo_yolo_simulation/yolo_sim/install/yolo_ros:/home/jackson/Final_simulation_full/gazebo_yolo_simulation/yolo_sim/install/yolo_msgs:${AMENT_PREFIX_PATH} CMAKE_PREFIX_PATH=/home/jackson/Final_simulation_full/gazebo_yolo_simulation/yolo_sim/install/yolo_msgs:/opt/ros/humble LD_LIBRARY_PATH=/home/jackson/Final_simulation_full/gazebo_yolo_simulation/yolo_sim/install/yolo_msgs/lib:${LD_LIBRARY_PATH} PYTHONPATH=/home/jackson/Final_simulation_full/gazebo_yolo_simulation/yolo_sim/install/yolo_ros/lib/python3.10/site-packages:/home/jackson/Final_simulation_full/gazebo_yolo_simulation/yolo_sim/install/yolo_msgs/local/lib/python3.10/dist-packages:${PYTHONPATH} /usr/local/bin/cmake --install /home/jackson/Final_simulation_full/gazebo_yolo_simulation/yolo_sim/build/yolo_bringup[0m
[1.277s] [34mcolcon.colcon_core.environment[0m [1;30mLevel 1[0m create_environment_scripts_only(yolo_bringup)
[1.277s] [34mcolcon.colcon_core.event_handler.log_command[0m [1;30mDEBUG[0m [32mInvoked command in '/home/jackson/Final_simulation_full/gazebo_yolo_simulation/yolo_sim/build/yolo_bringup' returned '0': AMENT_PREFIX_PATH=/home/jackson/Final_simulation_full/gazebo_yolo_simulation/yolo_sim/install/yolo_ros:/home/jackson/Final_simulation_full/gazebo_yolo_simulation/yolo_sim/install/yolo_msgs:${AMENT_PREFIX_PATH} CMAKE_PREFIX_PATH=/home/jackson/Final_simulation_full/gazebo_yolo_simulation/yolo_sim/install/yolo_msgs:/opt/ros/humble LD_LIBRARY_PATH=/home/jackson/Final_simulation_full/gazebo_yolo_simulation/yolo_sim/install/yolo_msgs/lib:${LD_LIBRARY_PATH} PYTHONPATH=/home/jackson/Final_simulation_full/gazebo_yolo_simulation/yolo_sim/install/yolo_ros/lib/python3.10/site-packages:/home/jackson/Final_simulation_full/gazebo_yolo_simulation/yolo_sim/install/yolo_msgs/local/lib/python3.10/dist-packages:${PYTHONPATH} /usr/local/bin/cmake --install /home/jackson/Final_simulation_full/gazebo_yolo_simulation/yolo_sim/build/yolo_bringup[0m
[1.278s] [34mcolcon.colcon_core.environment[0m [1;30mLevel 1[0m checking '/home/jackson/Final_simulation_full/gazebo_yolo_simulation/yolo_sim/install/yolo_bringup' for CMake module files
[1.278s] [34mcolcon.colcon_core.environment[0m [1;30mLevel 1[0m checking '/home/jackson/Final_simulation_full/gazebo_yolo_simulation/yolo_sim/install/yolo_bringup' for CMake config files
[1.278s] [34mcolcon.colcon_core.shell[0m [1;30mLevel 1[0m create_environment_hook('yolo_bringup', 'cmake_prefix_path')
[1.278s] [34mcolcon.colcon_core.shell[0m [1;30mINFO[0m Creating environment hook '/home/jackson/Final_simulation_full/gazebo_yolo_simulation/yolo_sim/install/yolo_bringup/share/yolo_bringup/hook/cmake_prefix_path.ps1'
[1.279s] [34mcolcon.colcon_core.shell[0m [1;30mINFO[0m Creating environment descriptor '/home/jackson/Final_simulation_full/gazebo_yolo_simulation/yolo_sim/install/yolo_bringup/share/yolo_bringup/hook/cmake_prefix_path.dsv'
[1.279s] [34mcolcon.colcon_core.shell[0m [1;30mINFO[0m Creating environment hook '/home/jackson/Final_simulation_full/gazebo_yolo_simulation/yolo_sim/install/yolo_bringup/share/yolo_bringup/hook/cmake_prefix_path.sh'
[1.279s] [34mcolcon.colcon_core.environment[0m [1;30mLevel 1[0m checking '/home/jackson/Final_simulation_full/gazebo_yolo_simulation/yolo_sim/install/yolo_bringup/bin'
[1.279s] [34mcolcon.colcon_core.environment[0m [1;30mLevel 1[0m checking '/home/jackson/Final_simulation_full/gazebo_yolo_simulation/yolo_sim/install/yolo_bringup/lib/pkgconfig/yolo_bringup.pc'
[1.280s] [34mcolcon.colcon_core.environment[0m [1;30mLevel 1[0m checking '/home/jackson/Final_simulation_full/gazebo_yolo_simulation/yolo_sim/install/yolo_bringup/lib/python3.10/site-packages'
[1.280s] [34mcolcon.colcon_core.environment[0m [1;30mLevel 1[0m checking '/home/jackson/Final_simulation_full/gazebo_yolo_simulation/yolo_sim/install/yolo_bringup/bin'
[1.280s] [34mcolcon.colcon_core.shell[0m [1;30mINFO[0m Creating package script '/home/jackson/Final_simulation_full/gazebo_yolo_simulation/yolo_sim/install/yolo_bringup/share/yolo_bringup/package.ps1'
[1.280s] [34mcolcon.colcon_core.shell[0m [1;30mINFO[0m Creating package descriptor '/home/jackson/Final_simulation_full/gazebo_yolo_simulation/yolo_sim/install/yolo_bringup/share/yolo_bringup/package.dsv'
[1.281s] [34mcolcon.colcon_core.shell[0m [1;30mINFO[0m Creating package script '/home/jackson/Final_simulation_full/gazebo_yolo_simulation/yolo_sim/install/yolo_bringup/share/yolo_bringup/package.sh'
[1.281s] [34mcolcon.colcon_core.shell[0m [1;30mINFO[0m Creating package script '/home/jackson/Final_simulation_full/gazebo_yolo_simulation/yolo_sim/install/yolo_bringup/share/yolo_bringup/package.bash'
[1.281s] [34mcolcon.colcon_core.shell[0m [1;30mINFO[0m Creating package script '/home/jackson/Final_simulation_full/gazebo_yolo_simulation/yolo_sim/install/yolo_bringup/share/yolo_bringup/package.zsh'
[1.281s] [34mcolcon.colcon_core.environment[0m [1;30mLevel 1[0m create_file_with_runtime_dependencies(/home/jackson/Final_simulation_full/gazebo_yolo_simulation/yolo_sim/install/yolo_bringup/share/colcon-core/packages/yolo_bringup)
[1.282s] [34mcolcon.colcon_core.environment[0m [1;30mLevel 1[0m create_environment_scripts_only(yolo_bringup)
[1.282s] [34mcolcon.colcon_core.environment[0m [1;30mLevel 1[0m checking '/home/jackson/Final_simulation_full/gazebo_yolo_simulation/yolo_sim/install/yolo_bringup' for CMake module files
[1.282s] [34mcolcon.colcon_core.environment[0m [1;30mLevel 1[0m checking '/home/jackson/Final_simulation_full/gazebo_yolo_simulation/yolo_sim/install/yolo_bringup' for CMake config files
[1.282s] [34mcolcon.colcon_core.shell[0m [1;30mLevel 1[0m create_environment_hook('yolo_bringup', 'cmake_prefix_path')
[1.282s] [34mcolcon.colcon_core.shell[0m [1;30mINFO[0m Creating environment hook '/home/jackson/Final_simulation_full/gazebo_yolo_simulation/yolo_sim/install/yolo_bringup/share/yolo_bringup/hook/cmake_prefix_path.ps1'
[1.283s] [34mcolcon.colcon_core.shell[0m [1;30mINFO[0m Creating environment descriptor '/home/jackson/Final_simulation_full/gazebo_yolo_simulation/yolo_sim/install/yolo_bringup/share/yolo_bringup/hook/cmake_prefix_path.dsv'
[1.283s] [34mcolcon.colcon_core.shell[0m [1;30mINFO[0m Creating environment hook '/home/jackson/Final_simulation_full/gazebo_yolo_simulation/yolo_sim/install/yolo_bringup/share/yolo_bringup/hook/cmake_prefix_path.sh'
[1.283s] [34mcolcon.colcon_core.environment[0m [1;30mLevel 1[0m checking '/home/jackson/Final_simulation_full/gazebo_yolo_simulation/yolo_sim/install/yolo_bringup/bin'
[1.283s] [34mcolcon.colcon_core.environment[0m [1;30mLevel 1[0m checking '/home/jackson/Final_simulation_full/gazebo_yolo_simulation/yolo_sim/install/yolo_bringup/lib/pkgconfig/yolo_bringup.pc'
[1.283s] [34mcolcon.colcon_core.environment[0m [1;30mLevel 1[0m checking '/home/jackson/Final_simulation_full/gazebo_yolo_simulation/yolo_sim/install/yolo_bringup/lib/python3.10/site-packages'
[1.283s] [34mcolcon.colcon_core.environment[0m [1;30mLevel 1[0m checking '/home/jackson/Final_simulation_full/gazebo_yolo_simulation/yolo_sim/install/yolo_bringup/bin'
[1.284s] [34mcolcon.colcon_core.shell[0m [1;30mINFO[0m Creating package script '/home/jackson/Final_simulation_full/gazebo_yolo_simulation/yolo_sim/install/yolo_bringup/share/yolo_bringup/package.ps1'
[1.284s] [34mcolcon.colcon_core.shell[0m [1;30mINFO[0m Creating package descriptor '/home/jackson/Final_simulation_full/gazebo_yolo_simulation/yolo_sim/install/yolo_bringup/share/yolo_bringup/package.dsv'
[1.284s] [34mcolcon.colcon_core.shell[0m [1;30mINFO[0m Creating package script '/home/jackson/Final_simulation_full/gazebo_yolo_simulation/yolo_sim/install/yolo_bringup/share/yolo_bringup/package.sh'
[1.284s] [34mcolcon.colcon_core.shell[0m [1;30mINFO[0m Creating package script '/home/jackson/Final_simulation_full/gazebo_yolo_simulation/yolo_sim/install/yolo_bringup/share/yolo_bringup/package.bash'
[1.285s] [34mcolcon.colcon_core.shell[0m [1;30mINFO[0m Creating package script '/home/jackson/Final_simulation_full/gazebo_yolo_simulation/yolo_sim/install/yolo_bringup/share/yolo_bringup/package.zsh'
[1.285s] [34mcolcon.colcon_core.environment[0m [1;30mLevel 1[0m create_file_with_runtime_dependencies(/home/jackson/Final_simulation_full/gazebo_yolo_simulation/yolo_sim/install/yolo_bringup/share/colcon-core/packages/yolo_bringup)
[1.427s] [34mcolcon.colcon_core.event_handler.log_command[0m [1;30mDEBUG[0m [32mInvoked command in '/home/jackson/Final_simulation_full/gazebo_yolo_simulation/yolo_sim/build/px4_ros_com' returned '0': AMENT_PREFIX_PATH=/home/jackson/Final_simulation_full/gazebo_yolo_simulation/yolo_sim/install/px4_msgs:${AMENT_PREFIX_PATH} CMAKE_PREFIX_PATH=/home/jackson/Final_simulation_full/gazebo_yolo_simulation/yolo_sim/install/px4_msgs:/opt/ros/humble LD_LIBRARY_PATH=/home/jackson/Final_simulation_full/gazebo_yolo_simulation/yolo_sim/install/px4_msgs/lib:${LD_LIBRARY_PATH} PYTHONPATH=/home/jackson/Final_simulation_full/gazebo_yolo_simulation/yolo_sim/install/px4_msgs/local/lib/python3.10/dist-packages:${PYTHONPATH} /usr/local/bin/cmake --build /home/jackson/Final_simulation_full/gazebo_yolo_simulation/yolo_sim/build/px4_ros_com -- -j16 -l16[0m
[1.428s] [34mcolcon.colcon_core.event_handler.log_command[0m [1;30mDEBUG[0m [32mInvoking command in '/home/jackson/Final_simulation_full/gazebo_yolo_simulation/yolo_sim/build/px4_ros_com': AMENT_PREFIX_PATH=/home/jackson/Final_simulation_full/gazebo_yolo_simulation/yolo_sim/install/px4_msgs:${AMENT_PREFIX_PATH} CMAKE_PREFIX_PATH=/home/jackson/Final_simulation_full/gazebo_yolo_simulation/yolo_sim/install/px4_msgs:/opt/ros/humble LD_LIBRARY_PATH=/home/jackson/Final_simulation_full/gazebo_yolo_simulation/yolo_sim/install/px4_msgs/lib:${LD_LIBRARY_PATH} PYTHONPATH=/home/jackson/Final_simulation_full/gazebo_yolo_simulation/yolo_sim/install/px4_msgs/local/lib/python3.10/dist-packages:${PYTHONPATH} /usr/local/bin/cmake --install /home/jackson/Final_simulation_full/gazebo_yolo_simulation/yolo_sim/build/px4_ros_com[0m
[1.462s] [34mcolcon.colcon_core.environment[0m [1;30mLevel 1[0m create_environment_scripts_only(px4_ros_com)
[1.462s] [34mcolcon.colcon_core.environment[0m [1;30mLevel 1[0m checking '/home/jackson/Final_simulation_full/gazebo_yolo_simulation/yolo_sim/install/px4_ros_com' for CMake module files
[1.462s] [34mcolcon.colcon_core.event_handler.log_command[0m [1;30mDEBUG[0m [32mInvoked command in '/home/jackson/Final_simulation_full/gazebo_yolo_simulation/yolo_sim/build/px4_ros_com' returned '0': AMENT_PREFIX_PATH=/home/jackson/Final_simulation_full/gazebo_yolo_simulation/yolo_sim/install/px4_msgs:${AMENT_PREFIX_PATH} CMAKE_PREFIX_PATH=/home/jackson/Final_simulation_full/gazebo_yolo_simulation/yolo_sim/install/px4_msgs:/opt/ros/humble LD_LIBRARY_PATH=/home/jackson/Final_simulation_full/gazebo_yolo_simulation/yolo_sim/install/px4_msgs/lib:${LD_LIBRARY_PATH} PYTHONPATH=/home/jackson/Final_simulation_full/gazebo_yolo_simulation/yolo_sim/install/px4_msgs/local/lib/python3.10/dist-packages:${PYTHONPATH} /usr/local/bin/cmake --install /home/jackson/Final_simulation_full/gazebo_yolo_simulation/yolo_sim/build/px4_ros_com[0m
[1.462s] [34mcolcon.colcon_core.environment[0m [1;30mLevel 1[0m checking '/home/jackson/Final_simulation_full/gazebo_yolo_simulation/yolo_sim/install/px4_ros_com' for CMake config files
[1.463s] [34mcolcon.colcon_core.shell[0m [1;30mLevel 1[0m create_environment_hook('px4_ros_com', 'cmake_prefix_path')
[1.463s] [34mcolcon.colcon_core.shell[0m [1;30mINFO[0m Creating environment hook '/home/jackson/Final_simulation_full/gazebo_yolo_simulation/yolo_sim/install/px4_ros_com/share/px4_ros_com/hook/cmake_prefix_path.ps1'
[1.463s] [34mcolcon.colcon_core.shell[0m [1;30mINFO[0m Creating environment descriptor '/home/jackson/Final_simulation_full/gazebo_yolo_simulation/yolo_sim/install/px4_ros_com/share/px4_ros_com/hook/cmake_prefix_path.dsv'
[1.463s] [34mcolcon.colcon_core.shell[0m [1;30mINFO[0m Creating environment hook '/home/jackson/Final_simulation_full/gazebo_yolo_simulation/yolo_sim/install/px4_ros_com/share/px4_ros_com/hook/cmake_prefix_path.sh'
[1.463s] [34mcolcon.colcon_core.environment[0m [1;30mLevel 1[0m checking '/home/jackson/Final_simulation_full/gazebo_yolo_simulation/yolo_sim/install/px4_ros_com/lib'
[1.464s] [34mcolcon.colcon_core.shell[0m [1;30mLevel 1[0m create_environment_hook('px4_ros_com', 'ld_library_path_lib')
[1.464s] [34mcolcon.colcon_core.shell[0m [1;30mINFO[0m Creating environment hook '/home/jackson/Final_simulation_full/gazebo_yolo_simulation/yolo_sim/install/px4_ros_com/share/px4_ros_com/hook/ld_library_path_lib.ps1'
[1.464s] [34mcolcon.colcon_core.shell[0m [1;30mINFO[0m Creating environment descriptor '/home/jackson/Final_simulation_full/gazebo_yolo_simulation/yolo_sim/install/px4_ros_com/share/px4_ros_com/hook/ld_library_path_lib.dsv'
[1.464s] [34mcolcon.colcon_core.shell[0m [1;30mINFO[0m Creating environment hook '/home/jackson/Final_simulation_full/gazebo_yolo_simulation/yolo_sim/install/px4_ros_com/share/px4_ros_com/hook/ld_library_path_lib.sh'
[1.464s] [34mcolcon.colcon_core.environment[0m [1;30mLevel 1[0m checking '/home/jackson/Final_simulation_full/gazebo_yolo_simulation/yolo_sim/install/px4_ros_com/bin'
[1.464s] [34mcolcon.colcon_core.environment[0m [1;30mLevel 1[0m checking '/home/jackson/Final_simulation_full/gazebo_yolo_simulation/yolo_sim/install/px4_ros_com/lib/pkgconfig/px4_ros_com.pc'
[1.464s] [34mcolcon.colcon_core.environment[0m [1;30mLevel 1[0m checking '/home/jackson/Final_simulation_full/gazebo_yolo_simulation/yolo_sim/install/px4_ros_com/lib/python3.10/site-packages'
[1.465s] [34mcolcon.colcon_core.environment[0m [1;30mLevel 1[0m checking '/home/jackson/Final_simulation_full/gazebo_yolo_simulation/yolo_sim/install/px4_ros_com/bin'
[1.465s] [34mcolcon.colcon_core.shell[0m [1;30mINFO[0m Creating package script '/home/jackson/Final_simulation_full/gazebo_yolo_simulation/yolo_sim/install/px4_ros_com/share/px4_ros_com/package.ps1'
[1.465s] [34mcolcon.colcon_core.shell[0m [1;30mINFO[0m Creating package descriptor '/home/jackson/Final_simulation_full/gazebo_yolo_simulation/yolo_sim/install/px4_ros_com/share/px4_ros_com/package.dsv'
[1.465s] [34mcolcon.colcon_core.shell[0m [1;30mINFO[0m Creating package script '/home/jackson/Final_simulation_full/gazebo_yolo_simulation/yolo_sim/install/px4_ros_com/share/px4_ros_com/package.sh'
[1.465s] [34mcolcon.colcon_core.shell[0m [1;30mINFO[0m Creating package script '/home/jackson/Final_simulation_full/gazebo_yolo_simulation/yolo_sim/install/px4_ros_com/share/px4_ros_com/package.bash'
[1.466s] [34mcolcon.colcon_core.shell[0m [1;30mINFO[0m Creating package script '/home/jackson/Final_simulation_full/gazebo_yolo_simulation/yolo_sim/install/px4_ros_com/share/px4_ros_com/package.zsh'
[1.466s] [34mcolcon.colcon_core.environment[0m [1;30mLevel 1[0m create_file_with_runtime_dependencies(/home/jackson/Final_simulation_full/gazebo_yolo_simulation/yolo_sim/install/px4_ros_com/share/colcon-core/packages/px4_ros_com)
[1.466s] [34mcolcon.colcon_core.environment[0m [1;30mLevel 1[0m create_environment_scripts_only(px4_ros_com)
[1.466s] [34mcolcon.colcon_core.environment[0m [1;30mLevel 1[0m checking '/home/jackson/Final_simulation_full/gazebo_yolo_simulation/yolo_sim/install/px4_ros_com' for CMake module files
[1.467s] [34mcolcon.colcon_core.environment[0m [1;30mLevel 1[0m checking '/home/jackson/Final_simulation_full/gazebo_yolo_simulation/yolo_sim/install/px4_ros_com' for CMake config files
[1.467s] [34mcolcon.colcon_core.shell[0m [1;30mLevel 1[0m create_environment_hook('px4_ros_com', 'cmake_prefix_path')
[1.467s] [34mcolcon.colcon_core.shell[0m [1;30mINFO[0m Creating environment hook '/home/jackson/Final_simulation_full/gazebo_yolo_simulation/yolo_sim/install/px4_ros_com/share/px4_ros_com/hook/cmake_prefix_path.ps1'
[1.467s] [34mcolcon.colcon_core.shell[0m [1;30mINFO[0m Creating environment descriptor '/home/jackson/Final_simulation_full/gazebo_yolo_simulation/yolo_sim/install/px4_ros_com/share/px4_ros_com/hook/cmake_prefix_path.dsv'
[1.467s] [34mcolcon.colcon_core.shell[0m [1;30mINFO[0m Creating environment hook '/home/jackson/Final_simulation_full/gazebo_yolo_simulation/yolo_sim/install/px4_ros_com/share/px4_ros_com/hook/cmake_prefix_path.sh'
[1.468s] [34mcolcon.colcon_core.environment[0m [1;30mLevel 1[0m checking '/home/jackson/Final_simulation_full/gazebo_yolo_simulation/yolo_sim/install/px4_ros_com/lib'
[1.468s] [34mcolcon.colcon_core.shell[0m [1;30mLevel 1[0m create_environment_hook('px4_ros_com', 'ld_library_path_lib')
[1.468s] [34mcolcon.colcon_core.shell[0m [1;30mINFO[0m Creating environment hook '/home/jackson/Final_simulation_full/gazebo_yolo_simulation/yolo_sim/install/px4_ros_com/share/px4_ros_com/hook/ld_library_path_lib.ps1'
[1.468s] [34mcolcon.colcon_core.shell[0m [1;30mINFO[0m Creating environment descriptor '/home/jackson/Final_simulation_full/gazebo_yolo_simulation/yolo_sim/install/px4_ros_com/share/px4_ros_com/hook/ld_library_path_lib.dsv'
[1.468s] [34mcolcon.colcon_core.shell[0m [1;30mINFO[0m Creating environment hook '/home/jackson/Final_simulation_full/gazebo_yolo_simulation/yolo_sim/install/px4_ros_com/share/px4_ros_com/hook/ld_library_path_lib.sh'
[1.468s] [34mcolcon.colcon_core.environment[0m [1;30mLevel 1[0m checking '/home/jackson/Final_simulation_full/gazebo_yolo_simulation/yolo_sim/install/px4_ros_com/bin'
[1.468s] [34mcolcon.colcon_core.environment[0m [1;30mLevel 1[0m checking '/home/jackson/Final_simulation_full/gazebo_yolo_simulation/yolo_sim/install/px4_ros_com/lib/pkgconfig/px4_ros_com.pc'
[1.468s] [34mcolcon.colcon_core.environment[0m [1;30mLevel 1[0m checking '/home/jackson/Final_simulation_full/gazebo_yolo_simulation/yolo_sim/install/px4_ros_com/lib/python3.10/site-packages'
[1.468s] [34mcolcon.colcon_core.environment[0m [1;30mLevel 1[0m checking '/home/jackson/Final_simulation_full/gazebo_yolo_simulation/yolo_sim/install/px4_ros_com/bin'
[1.469s] [34mcolcon.colcon_core.shell[0m [1;30mINFO[0m Creating package script '/home/jackson/Final_simulation_full/gazebo_yolo_simulation/yolo_sim/install/px4_ros_com/share/px4_ros_com/package.ps1'
[1.469s] [34mcolcon.colcon_core.shell[0m [1;30mINFO[0m Creating package descriptor '/home/jackson/Final_simulation_full/gazebo_yolo_simulation/yolo_sim/install/px4_ros_com/share/px4_ros_com/package.dsv'
[1.469s] [34mcolcon.colcon_core.shell[0m [1;30mINFO[0m Creating package script '/home/jackson/Final_simulation_full/gazebo_yolo_simulation/yolo_sim/install/px4_ros_com/share/px4_ros_com/package.sh'
[1.469s] [34mcolcon.colcon_core.shell[0m [1;30mINFO[0m Creating package script '/home/jackson/Final_simulation_full/gazebo_yolo_simulation/yolo_sim/install/px4_ros_com/share/px4_ros_com/package.bash'
[1.470s] [34mcolcon.colcon_core.shell[0m [1;30mINFO[0m Creating package script '/home/jackson/Final_simulation_full/gazebo_yolo_simulation/yolo_sim/install/px4_ros_com/share/px4_ros_com/package.zsh'
[1.470s] [34mcolcon.colcon_core.environment[0m [1;30mLevel 1[0m create_file_with_runtime_dependencies(/home/jackson/Final_simulation_full/gazebo_yolo_simulation/yolo_sim/install/px4_ros_com/share/colcon-core/packages/px4_ros_com)
[1.470s] [34mcolcon.colcon_parallel_executor.executor.parallel[0m [1;30mDEBUG[0m [32mclosing loop[0m
[1.470s] [34mcolcon.colcon_parallel_executor.executor.parallel[0m [1;30mDEBUG[0m [32mloop closed[0m
[1.470s] [34mcolcon.colcon_parallel_executor.executor.parallel[0m [1;30mDEBUG[0m [32mrun_until_complete finished with '0'[0m
[1.470s] [34mcolcon.colcon_core.event_reactor[0m [1;30mDEBUG[0m [32mjoining thread[0m
[1.479s] [34mcolcon.colcon_core.plugin_system[0m [1;30mINFO[0m Skipping extension 'colcon_notification.desktop_notification.terminal_notifier': Not used on non-Darwin systems
[1.480s] [34mcolcon.colcon_core.plugin_system[0m [1;30mINFO[0m Skipping extension 'colcon_notification.desktop_notification.win32': Not used on non-Windows systems
[1.480s] [34mcolcon.colcon_notification.desktop_notification[0m [1;30mINFO[0m Sending desktop notification using 'notify2'
[1.489s] [34mcolcon.colcon_core.event_reactor[0m [1;30mDEBUG[0m [32mjoined thread[0m
[1.490s] [34mcolcon.colcon_core.shell[0m [1;30mINFO[0m Creating prefix script '/home/jackson/Final_simulation_full/gazebo_yolo_simulation/yolo_sim/install/local_setup.ps1'
[1.490s] [34mcolcon.colcon_core.shell[0m [1;30mINFO[0m Creating prefix util module '/home/jackson/Final_simulation_full/gazebo_yolo_simulation/yolo_sim/install/_local_setup_util_ps1.py'
[1.491s] [34mcolcon.colcon_core.shell[0m [1;30mINFO[0m Creating prefix chain script '/home/jackson/Final_simulation_full/gazebo_yolo_simulation/yolo_sim/install/setup.ps1'
[1.492s] [34mcolcon.colcon_core.shell[0m [1;30mINFO[0m Creating prefix script '/home/jackson/Final_simulation_full/gazebo_yolo_simulation/yolo_sim/install/local_setup.sh'
[1.492s] [34mcolcon.colcon_core.shell[0m [1;30mINFO[0m Creating prefix util module '/home/jackson/Final_simulation_full/gazebo_yolo_simulation/yolo_sim/install/_local_setup_util_sh.py'
[1.492s] [34mcolcon.colcon_core.shell[0m [1;30mINFO[0m Creating prefix chain script '/home/jackson/Final_simulation_full/gazebo_yolo_simulation/yolo_sim/install/setup.sh'
[1.493s] [34mcolcon.colcon_core.shell[0m [1;30mINFO[0m Creating prefix script '/home/jackson/Final_simulation_full/gazebo_yolo_simulation/yolo_sim/install/local_setup.bash'
[1.494s] [34mcolcon.colcon_core.shell[0m [1;30mINFO[0m Creating prefix chain script '/home/jackson/Final_simulation_full/gazebo_yolo_simulation/yolo_sim/install/setup.bash'
[1.494s] [34mcolcon.colcon_core.shell[0m [1;30mINFO[0m Creating prefix script '/home/jackson/Final_simulation_full/gazebo_yolo_simulation/yolo_sim/install/local_setup.zsh'
[1.495s] [34mcolcon.colcon_core.shell[0m [1;30mINFO[0m Creating prefix chain script '/home/jackson/Final_simulation_full/gazebo_yolo_simulation/yolo_sim/install/setup.zsh'
