[0.130s] [34mcolcon[0m [1;30mDEBUG[0m [32mCommand line arguments: ['/usr/bin/colcon', 'build'][0m
[0.130s] [34mcolcon[0m [1;30mDEBUG[0m [32mParsed command line arguments: Namespace(log_base=None, log_level=None, verb_name='build', build_base='build', install_base='install', merge_install=False, symlink_install=False, test_result_base=None, continue_on_error=False, executor='parallel', parallel_workers=16, event_handlers=None, ignore_user_meta=False, metas=['./colcon.meta'], base_paths=['.'], packages_ignore=None, packages_ignore_regex=None, paths=None, packages_up_to=None, packages_up_to_regex=None, packages_above=None, packages_above_and_dependencies=None, packages_above_depth=None, packages_select_by_dep=None, packages_skip_by_dep=None, packages_skip_up_to=None, packages_select_build_failed=False, packages_skip_build_finished=False, packages_select_test_failures=False, packages_skip_test_passed=False, packages_select=None, packages_skip=None, packages_select_regex=None, packages_skip_regex=None, packages_start=None, packages_end=None, allow_overriding=[], cmake_args=None, cmake_target=None, cmake_target_skip_unavailable=False, cmake_clean_cache=False, cmake_clean_first=False, cmake_force_configure=False, ament_cmake_args=None, catkin_cmake_args=None, catkin_skip_building_tests=False, mixin_files=None, mixin=None, verb_parser=<colcon_mixin.mixin.mixin_argument.MixinArgumentDecorator object at 0x7319259c27a0>, verb_extension=<colcon_core.verb.build.BuildVerb object at 0x7319259c22f0>, main=<bound method BuildVerb.main of <colcon_core.verb.build.BuildVerb object at 0x7319259c22f0>>, mixin_verb=('build',))[0m
[0.174s] [34mcolcon.colcon_core.package_discovery[0m [1;30mLevel 1[0m discover_packages(colcon_meta) check parameters
[0.175s] [34mcolcon.colcon_core.package_discovery[0m [1;30mLevel 1[0m discover_packages(recursive) check parameters
[0.175s] [34mcolcon.colcon_core.package_discovery[0m [1;30mLevel 1[0m discover_packages(ignore) check parameters
[0.175s] [34mcolcon.colcon_core.package_discovery[0m [1;30mLevel 1[0m discover_packages(path) check parameters
[0.175s] [34mcolcon.colcon_core.package_discovery[0m [1;30mLevel 1[0m discover_packages(colcon_meta) discover
[0.175s] [34mcolcon.colcon_core.package_discovery[0m [1;30mLevel 1[0m discover_packages(recursive) discover
[0.175s] [34mcolcon.colcon_core.package_discovery[0m [1;30mINFO[0m Crawling recursively for packages in '/home/jackson/Final_simulation_full/gazebo_yolo_simulation/yolo_sim'
[0.175s] [34mcolcon.colcon_core.package_identification[0m [1;30mLevel 1[0m _identify(.) by extensions ['ignore', 'ignore_ament_install']
[0.175s] [34mcolcon.colcon_core.package_identification[0m [1;30mLevel 1[0m _identify(.) by extension 'ignore'
[0.175s] [34mcolcon.colcon_core.package_identification[0m [1;30mLevel 1[0m _identify(.) by extension 'ignore_ament_install'
[0.175s] [34mcolcon.colcon_core.package_identification[0m [1;30mLevel 1[0m _identify(.) by extensions ['colcon_pkg']
[0.175s] [34mcolcon.colcon_core.package_identification[0m [1;30mLevel 1[0m _identify(.) by extension 'colcon_pkg'
[0.175s] [34mcolcon.colcon_core.package_identification[0m [1;30mLevel 1[0m _identify(.) by extensions ['colcon_meta']
[0.175s] [34mcolcon.colcon_core.package_identification[0m [1;30mLevel 1[0m _identify(.) by extension 'colcon_meta'
[0.175s] [34mcolcon.colcon_core.package_identification[0m [1;30mLevel 1[0m _identify(.) by extensions ['ros']
[0.175s] [34mcolcon.colcon_core.package_identification[0m [1;30mLevel 1[0m _identify(.) by extension 'ros'
[0.185s] [34mcolcon.colcon_core.package_identification[0m [1;30mLevel 1[0m _identify(.) by extensions ['cmake', 'python']
[0.185s] [34mcolcon.colcon_core.package_identification[0m [1;30mLevel 1[0m _identify(.) by extension 'cmake'
[0.185s] [34mcolcon.colcon_core.package_identification[0m [1;30mLevel 1[0m _identify(.) by extension 'python'
[0.185s] [34mcolcon.colcon_core.package_identification[0m [1;30mLevel 1[0m _identify(.) by extensions ['python_setup_py']
[0.185s] [34mcolcon.colcon_core.package_identification[0m [1;30mLevel 1[0m _identify(.) by extension 'python_setup_py'
[0.186s] [34mcolcon.colcon_core.package_identification[0m [1;30mLevel 1[0m _identify(build) by extensions ['ignore', 'ignore_ament_install']
[0.186s] [34mcolcon.colcon_core.package_identification[0m [1;30mLevel 1[0m _identify(build) by extension 'ignore'
[0.186s] [34mcolcon.colcon_core.package_identification[0m [1;30mLevel 1[0m _identify(build) ignored
[0.186s] [34mcolcon.colcon_core.package_identification[0m [1;30mLevel 1[0m _identify(install) by extensions ['ignore', 'ignore_ament_install']
[0.186s] [34mcolcon.colcon_core.package_identification[0m [1;30mLevel 1[0m _identify(install) by extension 'ignore'
[0.186s] [34mcolcon.colcon_core.package_identification[0m [1;30mLevel 1[0m _identify(install) ignored
[0.186s] [34mcolcon.colcon_core.package_identification[0m [1;30mLevel 1[0m _identify(log) by extensions ['ignore', 'ignore_ament_install']
[0.186s] [34mcolcon.colcon_core.package_identification[0m [1;30mLevel 1[0m _identify(log) by extension 'ignore'
[0.186s] [34mcolcon.colcon_core.package_identification[0m [1;30mLevel 1[0m _identify(log) ignored
[0.186s] [34mcolcon.colcon_core.package_identification[0m [1;30mLevel 1[0m _identify(src) by extensions ['ignore', 'ignore_ament_install']
[0.186s] [34mcolcon.colcon_core.package_identification[0m [1;30mLevel 1[0m _identify(src) by extension 'ignore'
[0.186s] [34mcolcon.colcon_core.package_identification[0m [1;30mLevel 1[0m _identify(src) by extension 'ignore_ament_install'
[0.186s] [34mcolcon.colcon_core.package_identification[0m [1;30mLevel 1[0m _identify(src) by extensions ['colcon_pkg']
[0.186s] [34mcolcon.colcon_core.package_identification[0m [1;30mLevel 1[0m _identify(src) by extension 'colcon_pkg'
[0.186s] [34mcolcon.colcon_core.package_identification[0m [1;30mLevel 1[0m _identify(src) by extensions ['colcon_meta']
[0.186s] [34mcolcon.colcon_core.package_identification[0m [1;30mLevel 1[0m _identify(src) by extension 'colcon_meta'
[0.186s] [34mcolcon.colcon_core.package_identification[0m [1;30mLevel 1[0m _identify(src) by extensions ['ros']
[0.186s] [34mcolcon.colcon_core.package_identification[0m [1;30mLevel 1[0m _identify(src) by extension 'ros'
[0.186s] [34mcolcon.colcon_core.package_identification[0m [1;30mLevel 1[0m _identify(src) by extensions ['cmake', 'python']
[0.186s] [34mcolcon.colcon_core.package_identification[0m [1;30mLevel 1[0m _identify(src) by extension 'cmake'
[0.186s] [34mcolcon.colcon_core.package_identification[0m [1;30mLevel 1[0m _identify(src) by extension 'python'
[0.186s] [34mcolcon.colcon_core.package_identification[0m [1;30mLevel 1[0m _identify(src) by extensions ['python_setup_py']
[0.186s] [34mcolcon.colcon_core.package_identification[0m [1;30mLevel 1[0m _identify(src) by extension 'python_setup_py'
[0.186s] [34mcolcon.colcon_core.package_identification[0m [1;30mLevel 1[0m _identify(src/px4_msgs) by extensions ['ignore', 'ignore_ament_install']
[0.186s] [34mcolcon.colcon_core.package_identification[0m [1;30mLevel 1[0m _identify(src/px4_msgs) by extension 'ignore'
[0.186s] [34mcolcon.colcon_core.package_identification[0m [1;30mLevel 1[0m _identify(src/px4_msgs) by extension 'ignore_ament_install'
[0.186s] [34mcolcon.colcon_core.package_identification[0m [1;30mLevel 1[0m _identify(src/px4_msgs) by extensions ['colcon_pkg']
[0.186s] [34mcolcon.colcon_core.package_identification[0m [1;30mLevel 1[0m _identify(src/px4_msgs) by extension 'colcon_pkg'
[0.186s] [34mcolcon.colcon_core.package_identification[0m [1;30mLevel 1[0m _identify(src/px4_msgs) by extensions ['colcon_meta']
[0.186s] [34mcolcon.colcon_core.package_identification[0m [1;30mLevel 1[0m _identify(src/px4_msgs) by extension 'colcon_meta'
[0.186s] [34mcolcon.colcon_core.package_identification[0m [1;30mLevel 1[0m _identify(src/px4_msgs) by extensions ['ros']
[0.186s] [34mcolcon.colcon_core.package_identification[0m [1;30mLevel 1[0m _identify(src/px4_msgs) by extension 'ros'
[0.188s] [34mcolcon.colcon_core.package_identification[0m [1;30mDEBUG[0m [32mPackage 'src/px4_msgs' with type 'ros.ament_cmake' and name 'px4_msgs'[0m
[0.188s] [34mcolcon.colcon_core.package_identification[0m [1;30mLevel 1[0m _identify(src/px4_ros_com) by extensions ['ignore', 'ignore_ament_install']
[0.188s] [34mcolcon.colcon_core.package_identification[0m [1;30mLevel 1[0m _identify(src/px4_ros_com) by extension 'ignore'
[0.188s] [34mcolcon.colcon_core.package_identification[0m [1;30mLevel 1[0m _identify(src/px4_ros_com) by extension 'ignore_ament_install'
[0.188s] [34mcolcon.colcon_core.package_identification[0m [1;30mLevel 1[0m _identify(src/px4_ros_com) by extensions ['colcon_pkg']
[0.188s] [34mcolcon.colcon_core.package_identification[0m [1;30mLevel 1[0m _identify(src/px4_ros_com) by extension 'colcon_pkg'
[0.188s] [34mcolcon.colcon_core.package_identification[0m [1;30mLevel 1[0m _identify(src/px4_ros_com) by extensions ['colcon_meta']
[0.188s] [34mcolcon.colcon_core.package_identification[0m [1;30mLevel 1[0m _identify(src/px4_ros_com) by extension 'colcon_meta'
[0.189s] [34mcolcon.colcon_core.package_identification[0m [1;30mLevel 1[0m _identify(src/px4_ros_com) by extensions ['ros']
[0.189s] [34mcolcon.colcon_core.package_identification[0m [1;30mLevel 1[0m _identify(src/px4_ros_com) by extension 'ros'
[0.189s] [34mcolcon.colcon_core.package_identification[0m [1;30mDEBUG[0m [32mPackage 'src/px4_ros_com' with type 'ros.ament_cmake' and name 'px4_ros_com'[0m
[0.189s] [34mcolcon.colcon_core.package_discovery[0m [1;30mLevel 1[0m discover_packages(recursive) using defaults
[0.189s] [34mcolcon.colcon_core.package_discovery[0m [1;30mLevel 1[0m discover_packages(ignore) discover
[0.189s] [34mcolcon.colcon_core.package_discovery[0m [1;30mLevel 1[0m discover_packages(ignore) using defaults
[0.189s] [34mcolcon.colcon_core.package_discovery[0m [1;30mLevel 1[0m discover_packages(path) discover
[0.189s] [34mcolcon.colcon_core.package_discovery[0m [1;30mLevel 1[0m discover_packages(path) using defaults
[0.203s] [34mcolcon.colcon_core.package_discovery[0m [1;30mLevel 1[0m discover_packages(prefix_path) check parameters
[0.203s] [34mcolcon.colcon_core.package_discovery[0m [1;30mLevel 1[0m discover_packages(prefix_path) discover
[0.206s] [34mcolcon.colcon_installed_package_information.package_discovery[0m [1;30mDEBUG[0m [32mFound 288 installed packages in /opt/ros/humble[0m
[0.207s] [34mcolcon.colcon_core.package_discovery[0m [1;30mLevel 1[0m discover_packages(prefix_path) using defaults
[0.225s] [34mcolcon.colcon_core.verb[0m [1;30mLevel 5[0m set package 'px4_msgs' build argument 'cmake_args' from command line to 'None'
[0.225s] [34mcolcon.colcon_core.verb[0m [1;30mLevel 5[0m set package 'px4_msgs' build argument 'cmake_target' from command line to 'None'
[0.225s] [34mcolcon.colcon_core.verb[0m [1;30mLevel 5[0m set package 'px4_msgs' build argument 'cmake_target_skip_unavailable' from command line to 'False'
[0.225s] [34mcolcon.colcon_core.verb[0m [1;30mLevel 5[0m set package 'px4_msgs' build argument 'cmake_clean_cache' from command line to 'False'
[0.225s] [34mcolcon.colcon_core.verb[0m [1;30mLevel 5[0m set package 'px4_msgs' build argument 'cmake_clean_first' from command line to 'False'
[0.225s] [34mcolcon.colcon_core.verb[0m [1;30mLevel 5[0m set package 'px4_msgs' build argument 'cmake_force_configure' from command line to 'False'
[0.225s] [34mcolcon.colcon_core.verb[0m [1;30mLevel 5[0m set package 'px4_msgs' build argument 'ament_cmake_args' from command line to 'None'
[0.225s] [34mcolcon.colcon_core.verb[0m [1;30mLevel 5[0m set package 'px4_msgs' build argument 'catkin_cmake_args' from command line to 'None'
[0.225s] [34mcolcon.colcon_core.verb[0m [1;30mLevel 5[0m set package 'px4_msgs' build argument 'catkin_skip_building_tests' from command line to 'False'
[0.225s] [34mcolcon.colcon_core.verb[0m [1;30mDEBUG[0m [32mBuilding package 'px4_msgs' with the following arguments: {'ament_cmake_args': None, 'build_base': '/home/jackson/Final_simulation_full/gazebo_yolo_simulation/yolo_sim/build/px4_msgs', 'catkin_cmake_args': None, 'catkin_skip_building_tests': False, 'cmake_args': None, 'cmake_clean_cache': False, 'cmake_clean_first': False, 'cmake_force_configure': False, 'cmake_target': None, 'cmake_target_skip_unavailable': False, 'install_base': '/home/jackson/Final_simulation_full/gazebo_yolo_simulation/yolo_sim/install/px4_msgs', 'merge_install': False, 'path': '/home/jackson/Final_simulation_full/gazebo_yolo_simulation/yolo_sim/src/px4_msgs', 'symlink_install': False, 'test_result_base': None}[0m
[0.226s] [34mcolcon.colcon_core.verb[0m [1;30mLevel 5[0m set package 'px4_ros_com' build argument 'cmake_args' from command line to 'None'
[0.226s] [34mcolcon.colcon_core.verb[0m [1;30mLevel 5[0m set package 'px4_ros_com' build argument 'cmake_target' from command line to 'None'
[0.226s] [34mcolcon.colcon_core.verb[0m [1;30mLevel 5[0m set package 'px4_ros_com' build argument 'cmake_target_skip_unavailable' from command line to 'False'
[0.226s] [34mcolcon.colcon_core.verb[0m [1;30mLevel 5[0m set package 'px4_ros_com' build argument 'cmake_clean_cache' from command line to 'False'
[0.226s] [34mcolcon.colcon_core.verb[0m [1;30mLevel 5[0m set package 'px4_ros_com' build argument 'cmake_clean_first' from command line to 'False'
[0.226s] [34mcolcon.colcon_core.verb[0m [1;30mLevel 5[0m set package 'px4_ros_com' build argument 'cmake_force_configure' from command line to 'False'
[0.226s] [34mcolcon.colcon_core.verb[0m [1;30mLevel 5[0m set package 'px4_ros_com' build argument 'ament_cmake_args' from command line to 'None'
[0.226s] [34mcolcon.colcon_core.verb[0m [1;30mLevel 5[0m set package 'px4_ros_com' build argument 'catkin_cmake_args' from command line to 'None'
[0.226s] [34mcolcon.colcon_core.verb[0m [1;30mLevel 5[0m set package 'px4_ros_com' build argument 'catkin_skip_building_tests' from command line to 'False'
[0.226s] [34mcolcon.colcon_core.verb[0m [1;30mDEBUG[0m [32mBuilding package 'px4_ros_com' with the following arguments: {'ament_cmake_args': None, 'build_base': '/home/jackson/Final_simulation_full/gazebo_yolo_simulation/yolo_sim/build/px4_ros_com', 'catkin_cmake_args': None, 'catkin_skip_building_tests': False, 'cmake_args': None, 'cmake_clean_cache': False, 'cmake_clean_first': False, 'cmake_force_configure': False, 'cmake_target': None, 'cmake_target_skip_unavailable': False, 'install_base': '/home/jackson/Final_simulation_full/gazebo_yolo_simulation/yolo_sim/install/px4_ros_com', 'merge_install': False, 'path': '/home/jackson/Final_simulation_full/gazebo_yolo_simulation/yolo_sim/src/px4_ros_com', 'symlink_install': False, 'test_result_base': None}[0m
[0.226s] [34mcolcon.colcon_core.executor[0m [1;30mINFO[0m Executing jobs using 'parallel' executor
[0.226s] [34mcolcon.colcon_parallel_executor.executor.parallel[0m [1;30mDEBUG[0m [32mrun_until_complete[0m
[0.226s] [34mcolcon.colcon_ros.task.ament_cmake.build[0m [1;30mINFO[0m Building ROS package in '/home/jackson/Final_simulation_full/gazebo_yolo_simulation/yolo_sim/src/px4_msgs' with build type 'ament_cmake'
[0.226s] [34mcolcon.colcon_cmake.task.cmake.build[0m [1;30mINFO[0m Building CMake package in '/home/jackson/Final_simulation_full/gazebo_yolo_simulation/yolo_sim/src/px4_msgs'
[0.230s] [34mcolcon.colcon_core.plugin_system[0m [1;30mINFO[0m Skipping extension 'colcon_core.shell.bat': Not used on non-Windows systems
[0.230s] [34mcolcon.colcon_core.shell[0m [1;30mINFO[0m Skip shell extension 'powershell' for command environment: Not usable outside of PowerShell
[0.230s] [34mcolcon.colcon_core.shell[0m [1;30mDEBUG[0m [32mSkip shell extension 'dsv' for command environment[0m
[0.234s] [34mcolcon.colcon_core.event_handler.log_command[0m [1;30mDEBUG[0m [32mInvoking command in '/home/jackson/Final_simulation_full/gazebo_yolo_simulation/yolo_sim/build/px4_msgs': CMAKE_PREFIX_PATH=/opt/ros/humble /usr/local/bin/cmake /home/jackson/Final_simulation_full/gazebo_yolo_simulation/yolo_sim/src/px4_msgs -DCMAKE_INSTALL_PREFIX=/home/jackson/Final_simulation_full/gazebo_yolo_simulation/yolo_sim/install/px4_msgs[0m
[2.749s] [34mcolcon.colcon_core.event_handler.log_command[0m [1;30mDEBUG[0m [32mInvoked command in '/home/jackson/Final_simulation_full/gazebo_yolo_simulation/yolo_sim/build/px4_msgs' returned '0': CMAKE_PREFIX_PATH=/opt/ros/humble /usr/local/bin/cmake /home/jackson/Final_simulation_full/gazebo_yolo_simulation/yolo_sim/src/px4_msgs -DCMAKE_INSTALL_PREFIX=/home/jackson/Final_simulation_full/gazebo_yolo_simulation/yolo_sim/install/px4_msgs[0m
[2.750s] [34mcolcon.colcon_core.event_handler.log_command[0m [1;30mDEBUG[0m [32mInvoking command in '/home/jackson/Final_simulation_full/gazebo_yolo_simulation/yolo_sim/build/px4_msgs': CMAKE_PREFIX_PATH=/opt/ros/humble /usr/local/bin/cmake --build /home/jackson/Final_simulation_full/gazebo_yolo_simulation/yolo_sim/build/px4_msgs -- -j16 -l16[0m
[94.923s] [34mcolcon.colcon_core.event_handler.log_command[0m [1;30mDEBUG[0m [32mInvoked command in '/home/jackson/Final_simulation_full/gazebo_yolo_simulation/yolo_sim/build/px4_msgs' returned '0': CMAKE_PREFIX_PATH=/opt/ros/humble /usr/local/bin/cmake --build /home/jackson/Final_simulation_full/gazebo_yolo_simulation/yolo_sim/build/px4_msgs -- -j16 -l16[0m
[94.926s] [34mcolcon.colcon_core.event_handler.log_command[0m [1;30mDEBUG[0m [32mInvoking command in '/home/jackson/Final_simulation_full/gazebo_yolo_simulation/yolo_sim/build/px4_msgs': CMAKE_PREFIX_PATH=/opt/ros/humble /usr/local/bin/cmake --install /home/jackson/Final_simulation_full/gazebo_yolo_simulation/yolo_sim/build/px4_msgs[0m
[95.709s] [34mcolcon.colcon_core.environment[0m [1;30mLevel 1[0m create_environment_scripts_only(px4_msgs)
[95.710s] [34mcolcon.colcon_core.event_handler.log_command[0m [1;30mDEBUG[0m [32mInvoked command in '/home/jackson/Final_simulation_full/gazebo_yolo_simulation/yolo_sim/build/px4_msgs' returned '0': CMAKE_PREFIX_PATH=/opt/ros/humble /usr/local/bin/cmake --install /home/jackson/Final_simulation_full/gazebo_yolo_simulation/yolo_sim/build/px4_msgs[0m
[95.714s] [34mcolcon.colcon_core.environment[0m [1;30mLevel 1[0m checking '/home/jackson/Final_simulation_full/gazebo_yolo_simulation/yolo_sim/install/px4_msgs' for CMake module files
[95.715s] [34mcolcon.colcon_core.environment[0m [1;30mLevel 1[0m checking '/home/jackson/Final_simulation_full/gazebo_yolo_simulation/yolo_sim/install/px4_msgs' for CMake config files
[95.716s] [34mcolcon.colcon_core.shell[0m [1;30mLevel 1[0m create_environment_hook('px4_msgs', 'cmake_prefix_path')
[95.716s] [34mcolcon.colcon_core.shell[0m [1;30mINFO[0m Creating environment hook '/home/jackson/Final_simulation_full/gazebo_yolo_simulation/yolo_sim/install/px4_msgs/share/px4_msgs/hook/cmake_prefix_path.ps1'
[95.716s] [34mcolcon.colcon_core.shell[0m [1;30mINFO[0m Creating environment descriptor '/home/jackson/Final_simulation_full/gazebo_yolo_simulation/yolo_sim/install/px4_msgs/share/px4_msgs/hook/cmake_prefix_path.dsv'
[95.717s] [34mcolcon.colcon_core.shell[0m [1;30mINFO[0m Creating environment hook '/home/jackson/Final_simulation_full/gazebo_yolo_simulation/yolo_sim/install/px4_msgs/share/px4_msgs/hook/cmake_prefix_path.sh'
[95.718s] [34mcolcon.colcon_core.environment[0m [1;30mLevel 1[0m checking '/home/jackson/Final_simulation_full/gazebo_yolo_simulation/yolo_sim/install/px4_msgs/lib'
[95.718s] [34mcolcon.colcon_core.shell[0m [1;30mLevel 1[0m create_environment_hook('px4_msgs', 'ld_library_path_lib')
[95.718s] [34mcolcon.colcon_core.shell[0m [1;30mINFO[0m Creating environment hook '/home/jackson/Final_simulation_full/gazebo_yolo_simulation/yolo_sim/install/px4_msgs/share/px4_msgs/hook/ld_library_path_lib.ps1'
[95.718s] [34mcolcon.colcon_core.shell[0m [1;30mINFO[0m Creating environment descriptor '/home/jackson/Final_simulation_full/gazebo_yolo_simulation/yolo_sim/install/px4_msgs/share/px4_msgs/hook/ld_library_path_lib.dsv'
[95.718s] [34mcolcon.colcon_core.shell[0m [1;30mINFO[0m Creating environment hook '/home/jackson/Final_simulation_full/gazebo_yolo_simulation/yolo_sim/install/px4_msgs/share/px4_msgs/hook/ld_library_path_lib.sh'
[95.718s] [34mcolcon.colcon_core.environment[0m [1;30mLevel 1[0m checking '/home/jackson/Final_simulation_full/gazebo_yolo_simulation/yolo_sim/install/px4_msgs/bin'
[95.718s] [34mcolcon.colcon_core.environment[0m [1;30mLevel 1[0m checking '/home/jackson/Final_simulation_full/gazebo_yolo_simulation/yolo_sim/install/px4_msgs/lib/pkgconfig/px4_msgs.pc'
[95.718s] [34mcolcon.colcon_core.environment[0m [1;30mLevel 1[0m checking '/home/jackson/Final_simulation_full/gazebo_yolo_simulation/yolo_sim/install/px4_msgs/lib/python3.10/site-packages'
[95.718s] [34mcolcon.colcon_core.environment[0m [1;30mLevel 1[0m checking '/home/jackson/Final_simulation_full/gazebo_yolo_simulation/yolo_sim/install/px4_msgs/bin'
[95.719s] [34mcolcon.colcon_core.shell[0m [1;30mINFO[0m Creating package script '/home/jackson/Final_simulation_full/gazebo_yolo_simulation/yolo_sim/install/px4_msgs/share/px4_msgs/package.ps1'
[95.719s] [34mcolcon.colcon_core.shell[0m [1;30mINFO[0m Creating package descriptor '/home/jackson/Final_simulation_full/gazebo_yolo_simulation/yolo_sim/install/px4_msgs/share/px4_msgs/package.dsv'
[95.720s] [34mcolcon.colcon_core.shell[0m [1;30mINFO[0m Creating package script '/home/jackson/Final_simulation_full/gazebo_yolo_simulation/yolo_sim/install/px4_msgs/share/px4_msgs/package.sh'
[95.720s] [34mcolcon.colcon_core.shell[0m [1;30mINFO[0m Creating package script '/home/jackson/Final_simulation_full/gazebo_yolo_simulation/yolo_sim/install/px4_msgs/share/px4_msgs/package.bash'
[95.721s] [34mcolcon.colcon_core.shell[0m [1;30mINFO[0m Creating package script '/home/jackson/Final_simulation_full/gazebo_yolo_simulation/yolo_sim/install/px4_msgs/share/px4_msgs/package.zsh'
[95.721s] [34mcolcon.colcon_core.environment[0m [1;30mLevel 1[0m create_file_with_runtime_dependencies(/home/jackson/Final_simulation_full/gazebo_yolo_simulation/yolo_sim/install/px4_msgs/share/colcon-core/packages/px4_msgs)
[95.722s] [34mcolcon.colcon_core.environment[0m [1;30mLevel 1[0m create_environment_scripts_only(px4_msgs)
[95.722s] [34mcolcon.colcon_core.environment[0m [1;30mLevel 1[0m checking '/home/jackson/Final_simulation_full/gazebo_yolo_simulation/yolo_sim/install/px4_msgs' for CMake module files
[95.722s] [34mcolcon.colcon_core.environment[0m [1;30mLevel 1[0m checking '/home/jackson/Final_simulation_full/gazebo_yolo_simulation/yolo_sim/install/px4_msgs' for CMake config files
[95.723s] [34mcolcon.colcon_core.shell[0m [1;30mLevel 1[0m create_environment_hook('px4_msgs', 'cmake_prefix_path')
[95.723s] [34mcolcon.colcon_core.shell[0m [1;30mINFO[0m Creating environment hook '/home/jackson/Final_simulation_full/gazebo_yolo_simulation/yolo_sim/install/px4_msgs/share/px4_msgs/hook/cmake_prefix_path.ps1'
[95.723s] [34mcolcon.colcon_core.shell[0m [1;30mINFO[0m Creating environment descriptor '/home/jackson/Final_simulation_full/gazebo_yolo_simulation/yolo_sim/install/px4_msgs/share/px4_msgs/hook/cmake_prefix_path.dsv'
[95.723s] [34mcolcon.colcon_core.shell[0m [1;30mINFO[0m Creating environment hook '/home/jackson/Final_simulation_full/gazebo_yolo_simulation/yolo_sim/install/px4_msgs/share/px4_msgs/hook/cmake_prefix_path.sh'
[95.724s] [34mcolcon.colcon_core.environment[0m [1;30mLevel 1[0m checking '/home/jackson/Final_simulation_full/gazebo_yolo_simulation/yolo_sim/install/px4_msgs/lib'
[95.724s] [34mcolcon.colcon_core.shell[0m [1;30mLevel 1[0m create_environment_hook('px4_msgs', 'ld_library_path_lib')
[95.724s] [34mcolcon.colcon_core.shell[0m [1;30mINFO[0m Creating environment hook '/home/jackson/Final_simulation_full/gazebo_yolo_simulation/yolo_sim/install/px4_msgs/share/px4_msgs/hook/ld_library_path_lib.ps1'
[95.724s] [34mcolcon.colcon_core.shell[0m [1;30mINFO[0m Creating environment descriptor '/home/jackson/Final_simulation_full/gazebo_yolo_simulation/yolo_sim/install/px4_msgs/share/px4_msgs/hook/ld_library_path_lib.dsv'
[95.724s] [34mcolcon.colcon_core.shell[0m [1;30mINFO[0m Creating environment hook '/home/jackson/Final_simulation_full/gazebo_yolo_simulation/yolo_sim/install/px4_msgs/share/px4_msgs/hook/ld_library_path_lib.sh'
[95.724s] [34mcolcon.colcon_core.environment[0m [1;30mLevel 1[0m checking '/home/jackson/Final_simulation_full/gazebo_yolo_simulation/yolo_sim/install/px4_msgs/bin'
[95.724s] [34mcolcon.colcon_core.environment[0m [1;30mLevel 1[0m checking '/home/jackson/Final_simulation_full/gazebo_yolo_simulation/yolo_sim/install/px4_msgs/lib/pkgconfig/px4_msgs.pc'
[95.725s] [34mcolcon.colcon_core.environment[0m [1;30mLevel 1[0m checking '/home/jackson/Final_simulation_full/gazebo_yolo_simulation/yolo_sim/install/px4_msgs/lib/python3.10/site-packages'
[95.725s] [34mcolcon.colcon_core.environment[0m [1;30mLevel 1[0m checking '/home/jackson/Final_simulation_full/gazebo_yolo_simulation/yolo_sim/install/px4_msgs/bin'
[95.725s] [34mcolcon.colcon_core.shell[0m [1;30mINFO[0m Creating package script '/home/jackson/Final_simulation_full/gazebo_yolo_simulation/yolo_sim/install/px4_msgs/share/px4_msgs/package.ps1'
[95.725s] [34mcolcon.colcon_core.shell[0m [1;30mINFO[0m Creating package descriptor '/home/jackson/Final_simulation_full/gazebo_yolo_simulation/yolo_sim/install/px4_msgs/share/px4_msgs/package.dsv'
[95.725s] [34mcolcon.colcon_core.shell[0m [1;30mINFO[0m Creating package script '/home/jackson/Final_simulation_full/gazebo_yolo_simulation/yolo_sim/install/px4_msgs/share/px4_msgs/package.sh'
[95.725s] [34mcolcon.colcon_core.shell[0m [1;30mINFO[0m Creating package script '/home/jackson/Final_simulation_full/gazebo_yolo_simulation/yolo_sim/install/px4_msgs/share/px4_msgs/package.bash'
[95.726s] [34mcolcon.colcon_core.shell[0m [1;30mINFO[0m Creating package script '/home/jackson/Final_simulation_full/gazebo_yolo_simulation/yolo_sim/install/px4_msgs/share/px4_msgs/package.zsh'
[95.726s] [34mcolcon.colcon_core.environment[0m [1;30mLevel 1[0m create_file_with_runtime_dependencies(/home/jackson/Final_simulation_full/gazebo_yolo_simulation/yolo_sim/install/px4_msgs/share/colcon-core/packages/px4_msgs)
[95.726s] [34mcolcon.colcon_ros.task.ament_cmake.build[0m [1;30mINFO[0m Building ROS package in '/home/jackson/Final_simulation_full/gazebo_yolo_simulation/yolo_sim/src/px4_ros_com' with build type 'ament_cmake'
[95.726s] [34mcolcon.colcon_cmake.task.cmake.build[0m [1;30mINFO[0m Building CMake package in '/home/jackson/Final_simulation_full/gazebo_yolo_simulation/yolo_sim/src/px4_ros_com'
[95.726s] [34mcolcon.colcon_core.shell[0m [1;30mINFO[0m Skip shell extension 'powershell' for command environment: Not usable outside of PowerShell
[95.726s] [34mcolcon.colcon_core.shell[0m [1;30mDEBUG[0m [32mSkip shell extension 'dsv' for command environment[0m
[95.731s] [34mcolcon.colcon_core.event_handler.log_command[0m [1;30mDEBUG[0m [32mInvoking command in '/home/jackson/Final_simulation_full/gazebo_yolo_simulation/yolo_sim/build/px4_ros_com': AMENT_PREFIX_PATH=/home/jackson/Final_simulation_full/gazebo_yolo_simulation/yolo_sim/install/px4_msgs:${AMENT_PREFIX_PATH} CMAKE_PREFIX_PATH=/home/jackson/Final_simulation_full/gazebo_yolo_simulation/yolo_sim/install/px4_msgs:/opt/ros/humble LD_LIBRARY_PATH=/home/jackson/Final_simulation_full/gazebo_yolo_simulation/yolo_sim/install/px4_msgs/lib:${LD_LIBRARY_PATH} PYTHONPATH=/home/jackson/Final_simulation_full/gazebo_yolo_simulation/yolo_sim/install/px4_msgs/local/lib/python3.10/dist-packages:${PYTHONPATH} /usr/local/bin/cmake /home/jackson/Final_simulation_full/gazebo_yolo_simulation/yolo_sim/src/px4_ros_com -DCMAKE_INSTALL_PREFIX=/home/jackson/Final_simulation_full/gazebo_yolo_simulation/yolo_sim/install/px4_ros_com[0m
[96.481s] [34mcolcon.colcon_core.event_handler.log_command[0m [1;30mDEBUG[0m [32mInvoked command in '/home/jackson/Final_simulation_full/gazebo_yolo_simulation/yolo_sim/build/px4_ros_com' returned '0': AMENT_PREFIX_PATH=/home/jackson/Final_simulation_full/gazebo_yolo_simulation/yolo_sim/install/px4_msgs:${AMENT_PREFIX_PATH} CMAKE_PREFIX_PATH=/home/jackson/Final_simulation_full/gazebo_yolo_simulation/yolo_sim/install/px4_msgs:/opt/ros/humble LD_LIBRARY_PATH=/home/jackson/Final_simulation_full/gazebo_yolo_simulation/yolo_sim/install/px4_msgs/lib:${LD_LIBRARY_PATH} PYTHONPATH=/home/jackson/Final_simulation_full/gazebo_yolo_simulation/yolo_sim/install/px4_msgs/local/lib/python3.10/dist-packages:${PYTHONPATH} /usr/local/bin/cmake /home/jackson/Final_simulation_full/gazebo_yolo_simulation/yolo_sim/src/px4_ros_com -DCMAKE_INSTALL_PREFIX=/home/jackson/Final_simulation_full/gazebo_yolo_simulation/yolo_sim/install/px4_ros_com[0m
[96.482s] [34mcolcon.colcon_core.event_handler.log_command[0m [1;30mDEBUG[0m [32mInvoking command in '/home/jackson/Final_simulation_full/gazebo_yolo_simulation/yolo_sim/build/px4_ros_com': AMENT_PREFIX_PATH=/home/jackson/Final_simulation_full/gazebo_yolo_simulation/yolo_sim/install/px4_msgs:${AMENT_PREFIX_PATH} CMAKE_PREFIX_PATH=/home/jackson/Final_simulation_full/gazebo_yolo_simulation/yolo_sim/install/px4_msgs:/opt/ros/humble LD_LIBRARY_PATH=/home/jackson/Final_simulation_full/gazebo_yolo_simulation/yolo_sim/install/px4_msgs/lib:${LD_LIBRARY_PATH} PYTHONPATH=/home/jackson/Final_simulation_full/gazebo_yolo_simulation/yolo_sim/install/px4_msgs/local/lib/python3.10/dist-packages:${PYTHONPATH} /usr/local/bin/cmake --build /home/jackson/Final_simulation_full/gazebo_yolo_simulation/yolo_sim/build/px4_ros_com -- -j16 -l16[0m
[101.441s] [34mcolcon.colcon_core.event_handler.log_command[0m [1;30mDEBUG[0m [32mInvoked command in '/home/jackson/Final_simulation_full/gazebo_yolo_simulation/yolo_sim/build/px4_ros_com' returned '0': AMENT_PREFIX_PATH=/home/jackson/Final_simulation_full/gazebo_yolo_simulation/yolo_sim/install/px4_msgs:${AMENT_PREFIX_PATH} CMAKE_PREFIX_PATH=/home/jackson/Final_simulation_full/gazebo_yolo_simulation/yolo_sim/install/px4_msgs:/opt/ros/humble LD_LIBRARY_PATH=/home/jackson/Final_simulation_full/gazebo_yolo_simulation/yolo_sim/install/px4_msgs/lib:${LD_LIBRARY_PATH} PYTHONPATH=/home/jackson/Final_simulation_full/gazebo_yolo_simulation/yolo_sim/install/px4_msgs/local/lib/python3.10/dist-packages:${PYTHONPATH} /usr/local/bin/cmake --build /home/jackson/Final_simulation_full/gazebo_yolo_simulation/yolo_sim/build/px4_ros_com -- -j16 -l16[0m
[101.442s] [34mcolcon.colcon_core.event_handler.log_command[0m [1;30mDEBUG[0m [32mInvoking command in '/home/jackson/Final_simulation_full/gazebo_yolo_simulation/yolo_sim/build/px4_ros_com': AMENT_PREFIX_PATH=/home/jackson/Final_simulation_full/gazebo_yolo_simulation/yolo_sim/install/px4_msgs:${AMENT_PREFIX_PATH} CMAKE_PREFIX_PATH=/home/jackson/Final_simulation_full/gazebo_yolo_simulation/yolo_sim/install/px4_msgs:/opt/ros/humble LD_LIBRARY_PATH=/home/jackson/Final_simulation_full/gazebo_yolo_simulation/yolo_sim/install/px4_msgs/lib:${LD_LIBRARY_PATH} PYTHONPATH=/home/jackson/Final_simulation_full/gazebo_yolo_simulation/yolo_sim/install/px4_msgs/local/lib/python3.10/dist-packages:${PYTHONPATH} /usr/local/bin/cmake --install /home/jackson/Final_simulation_full/gazebo_yolo_simulation/yolo_sim/build/px4_ros_com[0m
[101.477s] [34mcolcon.colcon_core.environment[0m [1;30mLevel 1[0m create_environment_scripts_only(px4_ros_com)
[101.478s] [34mcolcon.colcon_core.environment[0m [1;30mLevel 1[0m checking '/home/jackson/Final_simulation_full/gazebo_yolo_simulation/yolo_sim/install/px4_ros_com' for CMake module files
[101.478s] [34mcolcon.colcon_core.event_handler.log_command[0m [1;30mDEBUG[0m [32mInvoked command in '/home/jackson/Final_simulation_full/gazebo_yolo_simulation/yolo_sim/build/px4_ros_com' returned '0': AMENT_PREFIX_PATH=/home/jackson/Final_simulation_full/gazebo_yolo_simulation/yolo_sim/install/px4_msgs:${AMENT_PREFIX_PATH} CMAKE_PREFIX_PATH=/home/jackson/Final_simulation_full/gazebo_yolo_simulation/yolo_sim/install/px4_msgs:/opt/ros/humble LD_LIBRARY_PATH=/home/jackson/Final_simulation_full/gazebo_yolo_simulation/yolo_sim/install/px4_msgs/lib:${LD_LIBRARY_PATH} PYTHONPATH=/home/jackson/Final_simulation_full/gazebo_yolo_simulation/yolo_sim/install/px4_msgs/local/lib/python3.10/dist-packages:${PYTHONPATH} /usr/local/bin/cmake --install /home/jackson/Final_simulation_full/gazebo_yolo_simulation/yolo_sim/build/px4_ros_com[0m
[101.478s] [34mcolcon.colcon_core.environment[0m [1;30mLevel 1[0m checking '/home/jackson/Final_simulation_full/gazebo_yolo_simulation/yolo_sim/install/px4_ros_com' for CMake config files
[101.478s] [34mcolcon.colcon_core.shell[0m [1;30mLevel 1[0m create_environment_hook('px4_ros_com', 'cmake_prefix_path')
[101.478s] [34mcolcon.colcon_core.shell[0m [1;30mINFO[0m Creating environment hook '/home/jackson/Final_simulation_full/gazebo_yolo_simulation/yolo_sim/install/px4_ros_com/share/px4_ros_com/hook/cmake_prefix_path.ps1'
[101.479s] [34mcolcon.colcon_core.shell[0m [1;30mINFO[0m Creating environment descriptor '/home/jackson/Final_simulation_full/gazebo_yolo_simulation/yolo_sim/install/px4_ros_com/share/px4_ros_com/hook/cmake_prefix_path.dsv'
[101.479s] [34mcolcon.colcon_core.shell[0m [1;30mINFO[0m Creating environment hook '/home/jackson/Final_simulation_full/gazebo_yolo_simulation/yolo_sim/install/px4_ros_com/share/px4_ros_com/hook/cmake_prefix_path.sh'
[101.479s] [34mcolcon.colcon_core.environment[0m [1;30mLevel 1[0m checking '/home/jackson/Final_simulation_full/gazebo_yolo_simulation/yolo_sim/install/px4_ros_com/lib'
[101.479s] [34mcolcon.colcon_core.shell[0m [1;30mLevel 1[0m create_environment_hook('px4_ros_com', 'ld_library_path_lib')
[101.479s] [34mcolcon.colcon_core.shell[0m [1;30mINFO[0m Creating environment hook '/home/jackson/Final_simulation_full/gazebo_yolo_simulation/yolo_sim/install/px4_ros_com/share/px4_ros_com/hook/ld_library_path_lib.ps1'
[101.479s] [34mcolcon.colcon_core.shell[0m [1;30mINFO[0m Creating environment descriptor '/home/jackson/Final_simulation_full/gazebo_yolo_simulation/yolo_sim/install/px4_ros_com/share/px4_ros_com/hook/ld_library_path_lib.dsv'
[101.479s] [34mcolcon.colcon_core.shell[0m [1;30mINFO[0m Creating environment hook '/home/jackson/Final_simulation_full/gazebo_yolo_simulation/yolo_sim/install/px4_ros_com/share/px4_ros_com/hook/ld_library_path_lib.sh'
[101.480s] [34mcolcon.colcon_core.environment[0m [1;30mLevel 1[0m checking '/home/jackson/Final_simulation_full/gazebo_yolo_simulation/yolo_sim/install/px4_ros_com/bin'
[101.480s] [34mcolcon.colcon_core.environment[0m [1;30mLevel 1[0m checking '/home/jackson/Final_simulation_full/gazebo_yolo_simulation/yolo_sim/install/px4_ros_com/lib/pkgconfig/px4_ros_com.pc'
[101.480s] [34mcolcon.colcon_core.environment[0m [1;30mLevel 1[0m checking '/home/jackson/Final_simulation_full/gazebo_yolo_simulation/yolo_sim/install/px4_ros_com/lib/python3.10/site-packages'
[101.480s] [34mcolcon.colcon_core.environment[0m [1;30mLevel 1[0m checking '/home/jackson/Final_simulation_full/gazebo_yolo_simulation/yolo_sim/install/px4_ros_com/bin'
[101.480s] [34mcolcon.colcon_core.shell[0m [1;30mINFO[0m Creating package script '/home/jackson/Final_simulation_full/gazebo_yolo_simulation/yolo_sim/install/px4_ros_com/share/px4_ros_com/package.ps1'
[101.480s] [34mcolcon.colcon_core.shell[0m [1;30mINFO[0m Creating package descriptor '/home/jackson/Final_simulation_full/gazebo_yolo_simulation/yolo_sim/install/px4_ros_com/share/px4_ros_com/package.dsv'
[101.480s] [34mcolcon.colcon_core.shell[0m [1;30mINFO[0m Creating package script '/home/jackson/Final_simulation_full/gazebo_yolo_simulation/yolo_sim/install/px4_ros_com/share/px4_ros_com/package.sh'
[101.481s] [34mcolcon.colcon_core.shell[0m [1;30mINFO[0m Creating package script '/home/jackson/Final_simulation_full/gazebo_yolo_simulation/yolo_sim/install/px4_ros_com/share/px4_ros_com/package.bash'
[101.481s] [34mcolcon.colcon_core.shell[0m [1;30mINFO[0m Creating package script '/home/jackson/Final_simulation_full/gazebo_yolo_simulation/yolo_sim/install/px4_ros_com/share/px4_ros_com/package.zsh'
[101.481s] [34mcolcon.colcon_core.environment[0m [1;30mLevel 1[0m create_file_with_runtime_dependencies(/home/jackson/Final_simulation_full/gazebo_yolo_simulation/yolo_sim/install/px4_ros_com/share/colcon-core/packages/px4_ros_com)
[101.481s] [34mcolcon.colcon_core.environment[0m [1;30mLevel 1[0m create_environment_scripts_only(px4_ros_com)
[101.481s] [34mcolcon.colcon_core.environment[0m [1;30mLevel 1[0m checking '/home/jackson/Final_simulation_full/gazebo_yolo_simulation/yolo_sim/install/px4_ros_com' for CMake module files
[101.482s] [34mcolcon.colcon_core.environment[0m [1;30mLevel 1[0m checking '/home/jackson/Final_simulation_full/gazebo_yolo_simulation/yolo_sim/install/px4_ros_com' for CMake config files
[101.482s] [34mcolcon.colcon_core.shell[0m [1;30mLevel 1[0m create_environment_hook('px4_ros_com', 'cmake_prefix_path')
[101.482s] [34mcolcon.colcon_core.shell[0m [1;30mINFO[0m Creating environment hook '/home/jackson/Final_simulation_full/gazebo_yolo_simulation/yolo_sim/install/px4_ros_com/share/px4_ros_com/hook/cmake_prefix_path.ps1'
[101.482s] [34mcolcon.colcon_core.shell[0m [1;30mINFO[0m Creating environment descriptor '/home/jackson/Final_simulation_full/gazebo_yolo_simulation/yolo_sim/install/px4_ros_com/share/px4_ros_com/hook/cmake_prefix_path.dsv'
[101.482s] [34mcolcon.colcon_core.shell[0m [1;30mINFO[0m Creating environment hook '/home/jackson/Final_simulation_full/gazebo_yolo_simulation/yolo_sim/install/px4_ros_com/share/px4_ros_com/hook/cmake_prefix_path.sh'
[101.482s] [34mcolcon.colcon_core.environment[0m [1;30mLevel 1[0m checking '/home/jackson/Final_simulation_full/gazebo_yolo_simulation/yolo_sim/install/px4_ros_com/lib'
[101.483s] [34mcolcon.colcon_core.shell[0m [1;30mLevel 1[0m create_environment_hook('px4_ros_com', 'ld_library_path_lib')
[101.483s] [34mcolcon.colcon_core.shell[0m [1;30mINFO[0m Creating environment hook '/home/jackson/Final_simulation_full/gazebo_yolo_simulation/yolo_sim/install/px4_ros_com/share/px4_ros_com/hook/ld_library_path_lib.ps1'
[101.483s] [34mcolcon.colcon_core.shell[0m [1;30mINFO[0m Creating environment descriptor '/home/jackson/Final_simulation_full/gazebo_yolo_simulation/yolo_sim/install/px4_ros_com/share/px4_ros_com/hook/ld_library_path_lib.dsv'
[101.483s] [34mcolcon.colcon_core.shell[0m [1;30mINFO[0m Creating environment hook '/home/jackson/Final_simulation_full/gazebo_yolo_simulation/yolo_sim/install/px4_ros_com/share/px4_ros_com/hook/ld_library_path_lib.sh'
[101.483s] [34mcolcon.colcon_core.environment[0m [1;30mLevel 1[0m checking '/home/jackson/Final_simulation_full/gazebo_yolo_simulation/yolo_sim/install/px4_ros_com/bin'
[101.483s] [34mcolcon.colcon_core.environment[0m [1;30mLevel 1[0m checking '/home/jackson/Final_simulation_full/gazebo_yolo_simulation/yolo_sim/install/px4_ros_com/lib/pkgconfig/px4_ros_com.pc'
[101.483s] [34mcolcon.colcon_core.environment[0m [1;30mLevel 1[0m checking '/home/jackson/Final_simulation_full/gazebo_yolo_simulation/yolo_sim/install/px4_ros_com/lib/python3.10/site-packages'
[101.483s] [34mcolcon.colcon_core.environment[0m [1;30mLevel 1[0m checking '/home/jackson/Final_simulation_full/gazebo_yolo_simulation/yolo_sim/install/px4_ros_com/bin'
[101.484s] [34mcolcon.colcon_core.shell[0m [1;30mINFO[0m Creating package script '/home/jackson/Final_simulation_full/gazebo_yolo_simulation/yolo_sim/install/px4_ros_com/share/px4_ros_com/package.ps1'
[101.484s] [34mcolcon.colcon_core.shell[0m [1;30mINFO[0m Creating package descriptor '/home/jackson/Final_simulation_full/gazebo_yolo_simulation/yolo_sim/install/px4_ros_com/share/px4_ros_com/package.dsv'
[101.484s] [34mcolcon.colcon_core.shell[0m [1;30mINFO[0m Creating package script '/home/jackson/Final_simulation_full/gazebo_yolo_simulation/yolo_sim/install/px4_ros_com/share/px4_ros_com/package.sh'
[101.484s] [34mcolcon.colcon_core.shell[0m [1;30mINFO[0m Creating package script '/home/jackson/Final_simulation_full/gazebo_yolo_simulation/yolo_sim/install/px4_ros_com/share/px4_ros_com/package.bash'
[101.484s] [34mcolcon.colcon_core.shell[0m [1;30mINFO[0m Creating package script '/home/jackson/Final_simulation_full/gazebo_yolo_simulation/yolo_sim/install/px4_ros_com/share/px4_ros_com/package.zsh'
[101.485s] [34mcolcon.colcon_core.environment[0m [1;30mLevel 1[0m create_file_with_runtime_dependencies(/home/jackson/Final_simulation_full/gazebo_yolo_simulation/yolo_sim/install/px4_ros_com/share/colcon-core/packages/px4_ros_com)
[101.485s] [34mcolcon.colcon_parallel_executor.executor.parallel[0m [1;30mDEBUG[0m [32mclosing loop[0m
[101.485s] [34mcolcon.colcon_parallel_executor.executor.parallel[0m [1;30mDEBUG[0m [32mloop closed[0m
[101.485s] [34mcolcon.colcon_parallel_executor.executor.parallel[0m [1;30mDEBUG[0m [32mrun_until_complete finished with '0'[0m
[101.485s] [34mcolcon.colcon_core.event_reactor[0m [1;30mDEBUG[0m [32mjoining thread[0m
[101.489s] [34mcolcon.colcon_core.plugin_system[0m [1;30mINFO[0m Skipping extension 'colcon_notification.desktop_notification.terminal_notifier': Not used on non-Darwin systems
[101.489s] [34mcolcon.colcon_core.plugin_system[0m [1;30mINFO[0m Skipping extension 'colcon_notification.desktop_notification.win32': Not used on non-Windows systems
[101.489s] [34mcolcon.colcon_notification.desktop_notification[0m [1;30mINFO[0m Sending desktop notification using 'notify2'
[101.497s] [34mcolcon.colcon_core.event_reactor[0m [1;30mDEBUG[0m [32mjoined thread[0m
[101.497s] [34mcolcon.colcon_core.shell[0m [1;30mINFO[0m Creating prefix script '/home/jackson/Final_simulation_full/gazebo_yolo_simulation/yolo_sim/install/local_setup.ps1'
[101.497s] [34mcolcon.colcon_core.shell[0m [1;30mINFO[0m Creating prefix util module '/home/jackson/Final_simulation_full/gazebo_yolo_simulation/yolo_sim/install/_local_setup_util_ps1.py'
[101.498s] [34mcolcon.colcon_core.shell[0m [1;30mINFO[0m Creating prefix chain script '/home/jackson/Final_simulation_full/gazebo_yolo_simulation/yolo_sim/install/setup.ps1'
[101.499s] [34mcolcon.colcon_core.shell[0m [1;30mINFO[0m Creating prefix script '/home/jackson/Final_simulation_full/gazebo_yolo_simulation/yolo_sim/install/local_setup.sh'
[101.499s] [34mcolcon.colcon_core.shell[0m [1;30mINFO[0m Creating prefix util module '/home/jackson/Final_simulation_full/gazebo_yolo_simulation/yolo_sim/install/_local_setup_util_sh.py'
[101.499s] [34mcolcon.colcon_core.shell[0m [1;30mINFO[0m Creating prefix chain script '/home/jackson/Final_simulation_full/gazebo_yolo_simulation/yolo_sim/install/setup.sh'
[101.500s] [34mcolcon.colcon_core.shell[0m [1;30mINFO[0m Creating prefix script '/home/jackson/Final_simulation_full/gazebo_yolo_simulation/yolo_sim/install/local_setup.bash'
[101.500s] [34mcolcon.colcon_core.shell[0m [1;30mINFO[0m Creating prefix chain script '/home/jackson/Final_simulation_full/gazebo_yolo_simulation/yolo_sim/install/setup.bash'
[101.501s] [34mcolcon.colcon_core.shell[0m [1;30mINFO[0m Creating prefix script '/home/jackson/Final_simulation_full/gazebo_yolo_simulation/yolo_sim/install/local_setup.zsh'
[101.501s] [34mcolcon.colcon_core.shell[0m [1;30mINFO[0m Creating prefix chain script '/home/jackson/Final_simulation_full/gazebo_yolo_simulation/yolo_sim/install/setup.zsh'
