[0.007s] Invoking command in '/home/jackson/Final_simulation_full/gazebo_yolo_simulation/yolo_sim/build/yolo_bringup': AMENT_PREFIX_PATH=/home/jackson/Final_simulation_full/gazebo_yolo_simulation/yolo_sim/install/yolo_ros:/home/jackson/Final_simulation_full/gazebo_yolo_simulation/yolo_sim/install/yolo_msgs:${AMENT_PREFIX_PATH} CMAKE_PREFIX_PATH=/home/jackson/Final_simulation_full/gazebo_yolo_simulation/yolo_sim/install/yolo_msgs:/opt/ros/humble LD_LIBRARY_PATH=/home/jackson/Final_simulation_full/gazebo_yolo_simulation/yolo_sim/install/yolo_msgs/lib:${LD_LIBRARY_PATH} PYTHONPATH=/home/jackson/Final_simulation_full/gazebo_yolo_simulation/yolo_sim/install/yolo_ros/lib/python3.10/site-packages:/home/jackson/Final_simulation_full/gazebo_yolo_simulation/yolo_sim/install/yolo_msgs/local/lib/python3.10/dist-packages:${PYTHONPATH} /usr/local/bin/cmake --build /home/jackson/Final_simulation_full/gazebo_yolo_simulation/yolo_sim/build/yolo_bringup -- -j16 -l16
[0.021s] Invoked command in '/home/jackson/Final_simulation_full/gazebo_yolo_simulation/yolo_sim/build/yolo_bringup' returned '0': AMENT_PREFIX_PATH=/home/jackson/Final_simulation_full/gazebo_yolo_simulation/yolo_sim/install/yolo_ros:/home/jackson/Final_simulation_full/gazebo_yolo_simulation/yolo_sim/install/yolo_msgs:${AMENT_PREFIX_PATH} CMAKE_PREFIX_PATH=/home/jackson/Final_simulation_full/gazebo_yolo_simulation/yolo_sim/install/yolo_msgs:/opt/ros/humble LD_LIBRARY_PATH=/home/jackson/Final_simulation_full/gazebo_yolo_simulation/yolo_sim/install/yolo_msgs/lib:${LD_LIBRARY_PATH} PYTHONPATH=/home/jackson/Final_simulation_full/gazebo_yolo_simulation/yolo_sim/install/yolo_ros/lib/python3.10/site-packages:/home/jackson/Final_simulation_full/gazebo_yolo_simulation/yolo_sim/install/yolo_msgs/local/lib/python3.10/dist-packages:${PYTHONPATH} /usr/local/bin/cmake --build /home/jackson/Final_simulation_full/gazebo_yolo_simulation/yolo_sim/build/yolo_bringup -- -j16 -l16
[0.023s] Invoking command in '/home/jackson/Final_simulation_full/gazebo_yolo_simulation/yolo_sim/build/yolo_bringup': AMENT_PREFIX_PATH=/home/jackson/Final_simulation_full/gazebo_yolo_simulation/yolo_sim/install/yolo_ros:/home/jackson/Final_simulation_full/gazebo_yolo_simulation/yolo_sim/install/yolo_msgs:${AMENT_PREFIX_PATH} CMAKE_PREFIX_PATH=/home/jackson/Final_simulation_full/gazebo_yolo_simulation/yolo_sim/install/yolo_msgs:/opt/ros/humble LD_LIBRARY_PATH=/home/jackson/Final_simulation_full/gazebo_yolo_simulation/yolo_sim/install/yolo_msgs/lib:${LD_LIBRARY_PATH} PYTHONPATH=/home/jackson/Final_simulation_full/gazebo_yolo_simulation/yolo_sim/install/yolo_ros/lib/python3.10/site-packages:/home/jackson/Final_simulation_full/gazebo_yolo_simulation/yolo_sim/install/yolo_msgs/local/lib/python3.10/dist-packages:${PYTHONPATH} /usr/local/bin/cmake --install /home/jackson/Final_simulation_full/gazebo_yolo_simulation/yolo_sim/build/yolo_bringup
[0.024s] -- Install configuration: ""
[0.025s] -- Up-to-date: /home/jackson/Final_simulation_full/gazebo_yolo_simulation/yolo_sim/install/yolo_bringup/share/yolo_bringup//launch
[0.025s] -- Installing: /home/jackson/Final_simulation_full/gazebo_yolo_simulation/yolo_sim/install/yolo_bringup/share/yolo_bringup//launch/yolov8.launch.py
[0.025s] -- Up-to-date: /home/jackson/Final_simulation_full/gazebo_yolo_simulation/yolo_sim/install/yolo_bringup/share/yolo_bringup//launch/yolov10.launch.py
[0.025s] -- Up-to-date: /home/jackson/Final_simulation_full/gazebo_yolo_simulation/yolo_sim/install/yolo_bringup/share/yolo_bringup//launch/yolov5.launch.py
[0.025s] -- Up-to-date: /home/jackson/Final_simulation_full/gazebo_yolo_simulation/yolo_sim/install/yolo_bringup/share/yolo_bringup//launch/yolov9.launch.py
[0.025s] -- Up-to-date: /home/jackson/Final_simulation_full/gazebo_yolo_simulation/yolo_sim/install/yolo_bringup/share/yolo_bringup//launch/yolo-nas.launch.py
[0.025s] -- Up-to-date: /home/jackson/Final_simulation_full/gazebo_yolo_simulation/yolo_sim/install/yolo_bringup/share/yolo_bringup//launch/yolo.launch.py
[0.025s] -- Up-to-date: /home/jackson/Final_simulation_full/gazebo_yolo_simulation/yolo_sim/install/yolo_bringup/share/yolo_bringup//launch/yolo-world.launch.py
[0.025s] -- Up-to-date: /home/jackson/Final_simulation_full/gazebo_yolo_simulation/yolo_sim/install/yolo_bringup/share/yolo_bringup//launch/yolov11.launch.py
[0.025s] -- Up-to-date: /home/jackson/Final_simulation_full/gazebo_yolo_simulation/yolo_sim/install/yolo_bringup/share/ament_index/resource_index/package_run_dependencies/yolo_bringup
[0.025s] -- Up-to-date: /home/jackson/Final_simulation_full/gazebo_yolo_simulation/yolo_sim/install/yolo_bringup/share/ament_index/resource_index/parent_prefix_path/yolo_bringup
[0.025s] -- Up-to-date: /home/jackson/Final_simulation_full/gazebo_yolo_simulation/yolo_sim/install/yolo_bringup/share/yolo_bringup/environment/ament_prefix_path.sh
[0.025s] -- Up-to-date: /home/jackson/Final_simulation_full/gazebo_yolo_simulation/yolo_sim/install/yolo_bringup/share/yolo_bringup/environment/ament_prefix_path.dsv
[0.025s] -- Up-to-date: /home/jackson/Final_simulation_full/gazebo_yolo_simulation/yolo_sim/install/yolo_bringup/share/yolo_bringup/environment/path.sh
[0.025s] -- Up-to-date: /home/jackson/Final_simulation_full/gazebo_yolo_simulation/yolo_sim/install/yolo_bringup/share/yolo_bringup/environment/path.dsv
[0.025s] -- Up-to-date: /home/jackson/Final_simulation_full/gazebo_yolo_simulation/yolo_sim/install/yolo_bringup/share/yolo_bringup/local_setup.bash
[0.026s] -- Up-to-date: /home/jackson/Final_simulation_full/gazebo_yolo_simulation/yolo_sim/install/yolo_bringup/share/yolo_bringup/local_setup.sh
[0.026s] -- Up-to-date: /home/jackson/Final_simulation_full/gazebo_yolo_simulation/yolo_sim/install/yolo_bringup/share/yolo_bringup/local_setup.zsh
[0.026s] -- Up-to-date: /home/jackson/Final_simulation_full/gazebo_yolo_simulation/yolo_sim/install/yolo_bringup/share/yolo_bringup/local_setup.dsv
[0.026s] -- Installing: /home/jackson/Final_simulation_full/gazebo_yolo_simulation/yolo_sim/install/yolo_bringup/share/yolo_bringup/package.dsv
[0.026s] -- Up-to-date: /home/jackson/Final_simulation_full/gazebo_yolo_simulation/yolo_sim/install/yolo_bringup/share/ament_index/resource_index/packages/yolo_bringup
[0.026s] -- Up-to-date: /home/jackson/Final_simulation_full/gazebo_yolo_simulation/yolo_sim/install/yolo_bringup/share/yolo_bringup/cmake/yolo_bringupConfig.cmake
[0.026s] -- Up-to-date: /home/jackson/Final_simulation_full/gazebo_yolo_simulation/yolo_sim/install/yolo_bringup/share/yolo_bringup/cmake/yolo_bringupConfig-version.cmake
[0.026s] -- Up-to-date: /home/jackson/Final_simulation_full/gazebo_yolo_simulation/yolo_sim/install/yolo_bringup/share/yolo_bringup/package.xml
[0.027s] Invoked command in '/home/jackson/Final_simulation_full/gazebo_yolo_simulation/yolo_sim/build/yolo_bringup' returned '0': AMENT_PREFIX_PATH=/home/jackson/Final_simulation_full/gazebo_yolo_simulation/yolo_sim/install/yolo_ros:/home/jackson/Final_simulation_full/gazebo_yolo_simulation/yolo_sim/install/yolo_msgs:${AMENT_PREFIX_PATH} CMAKE_PREFIX_PATH=/home/jackson/Final_simulation_full/gazebo_yolo_simulation/yolo_sim/install/yolo_msgs:/opt/ros/humble LD_LIBRARY_PATH=/home/jackson/Final_simulation_full/gazebo_yolo_simulation/yolo_sim/install/yolo_msgs/lib:${LD_LIBRARY_PATH} PYTHONPATH=/home/jackson/Final_simulation_full/gazebo_yolo_simulation/yolo_sim/install/yolo_ros/lib/python3.10/site-packages:/home/jackson/Final_simulation_full/gazebo_yolo_simulation/yolo_sim/install/yolo_msgs/local/lib/python3.10/dist-packages:${PYTHONPATH} /usr/local/bin/cmake --install /home/jackson/Final_simulation_full/gazebo_yolo_simulation/yolo_sim/build/yolo_bringup
