[0.005s] Invoking command in '/home/jackson/Final_simulation_full/gazebo_yolo_simulation/yolo_sim/build/yolo_bringup': AMENT_PREFIX_PATH=/home/jackson/Final_simulation_full/gazebo_yolo_simulation/yolo_sim/install/yolo_ros:/home/jackson/Final_simulation_full/gazebo_yolo_simulation/yolo_sim/install/yolo_msgs:${AMENT_PREFIX_PATH} CMAKE_PREFIX_PATH=/home/jackson/Final_simulation_full/gazebo_yolo_simulation/yolo_sim/install/yolo_msgs:/opt/ros/humble LD_LIBRARY_PATH=/home/jackson/Final_simulation_full/gazebo_yolo_simulation/yolo_sim/install/yolo_msgs/lib:${LD_LIBRARY_PATH} PYTHONPATH=/home/jackson/Final_simulation_full/gazebo_yolo_simulation/yolo_sim/install/yolo_ros/lib/python3.10/site-packages:/home/jackson/Final_simulation_full/gazebo_yolo_simulation/yolo_sim/install/yolo_msgs/local/lib/python3.10/dist-packages:${PYTHONPATH} /usr/local/bin/cmake /home/jackson/Final_simulation_full/gazebo_yolo_simulation/yolo_sim/src/yolo_ros_aav/yolo_bringup -DCMAKE_INSTALL_PREFIX=/home/jackson/Final_simulation_full/gazebo_yolo_simulation/yolo_sim/install/yolo_bringup
[0.007s] [0mCMake Deprecation Warning at CMakeLists.txt:1 (cmake_minimum_required):
[0.007s]   Compatibility with CMake < 3.10 will be removed from a future version of
[0.007s]   CMake.
[0.007s] 
[0.007s]   Update the VERSION argument <min> value.  Or, use the <min>...<max> syntax
[0.007s]   to tell CMake that the project requires at least <min> but has been updated
[0.007s]   to work with policies introduced by <max> or earlier.
[0.007s] 
[0.007s] [0m
[0.033s] -- The C compiler identification is GNU 11.4.0
[0.064s] -- The CXX compiler identification is GNU 11.4.0
[0.068s] -- Detecting C compiler ABI info
[0.104s] -- Detecting C compiler ABI info - done
[0.113s] -- Check for working C compiler: /usr/bin/cc - skipped
[0.113s] -- Detecting C compile features
[0.113s] -- Detecting C compile features - done
[0.119s] -- Detecting CXX compiler ABI info
[0.161s] -- Detecting CXX compiler ABI info - done
[0.170s] -- Check for working CXX compiler: /usr/bin/c++ - skipped
[0.170s] -- Detecting CXX compile features
[0.170s] -- Detecting CXX compile features - done
[0.175s] -- Found ament_cmake: 1.3.11 (/opt/ros/humble/share/ament_cmake/cmake)
[0.249s] -- Found Python3: /usr/bin/python3 (found version "3.10.12") found components: Interpreter
[0.327s] -- Configuring done (0.3s)
[0.329s] -- Generating done (0.0s)
[0.330s] -- Build files have been written to: /home/jackson/Final_simulation_full/gazebo_yolo_simulation/yolo_sim/build/yolo_bringup
[0.334s] Invoked command in '/home/jackson/Final_simulation_full/gazebo_yolo_simulation/yolo_sim/build/yolo_bringup' returned '0': AMENT_PREFIX_PATH=/home/jackson/Final_simulation_full/gazebo_yolo_simulation/yolo_sim/install/yolo_ros:/home/jackson/Final_simulation_full/gazebo_yolo_simulation/yolo_sim/install/yolo_msgs:${AMENT_PREFIX_PATH} CMAKE_PREFIX_PATH=/home/jackson/Final_simulation_full/gazebo_yolo_simulation/yolo_sim/install/yolo_msgs:/opt/ros/humble LD_LIBRARY_PATH=/home/jackson/Final_simulation_full/gazebo_yolo_simulation/yolo_sim/install/yolo_msgs/lib:${LD_LIBRARY_PATH} PYTHONPATH=/home/jackson/Final_simulation_full/gazebo_yolo_simulation/yolo_sim/install/yolo_ros/lib/python3.10/site-packages:/home/jackson/Final_simulation_full/gazebo_yolo_simulation/yolo_sim/install/yolo_msgs/local/lib/python3.10/dist-packages:${PYTHONPATH} /usr/local/bin/cmake /home/jackson/Final_simulation_full/gazebo_yolo_simulation/yolo_sim/src/yolo_ros_aav/yolo_bringup -DCMAKE_INSTALL_PREFIX=/home/jackson/Final_simulation_full/gazebo_yolo_simulation/yolo_sim/install/yolo_bringup
[0.334s] Invoking command in '/home/jackson/Final_simulation_full/gazebo_yolo_simulation/yolo_sim/build/yolo_bringup': AMENT_PREFIX_PATH=/home/jackson/Final_simulation_full/gazebo_yolo_simulation/yolo_sim/install/yolo_ros:/home/jackson/Final_simulation_full/gazebo_yolo_simulation/yolo_sim/install/yolo_msgs:${AMENT_PREFIX_PATH} CMAKE_PREFIX_PATH=/home/jackson/Final_simulation_full/gazebo_yolo_simulation/yolo_sim/install/yolo_msgs:/opt/ros/humble LD_LIBRARY_PATH=/home/jackson/Final_simulation_full/gazebo_yolo_simulation/yolo_sim/install/yolo_msgs/lib:${LD_LIBRARY_PATH} PYTHONPATH=/home/jackson/Final_simulation_full/gazebo_yolo_simulation/yolo_sim/install/yolo_ros/lib/python3.10/site-packages:/home/jackson/Final_simulation_full/gazebo_yolo_simulation/yolo_sim/install/yolo_msgs/local/lib/python3.10/dist-packages:${PYTHONPATH} /usr/local/bin/cmake --build /home/jackson/Final_simulation_full/gazebo_yolo_simulation/yolo_sim/build/yolo_bringup -- -j16 -l16
[0.345s] Invoked command in '/home/jackson/Final_simulation_full/gazebo_yolo_simulation/yolo_sim/build/yolo_bringup' returned '0': AMENT_PREFIX_PATH=/home/jackson/Final_simulation_full/gazebo_yolo_simulation/yolo_sim/install/yolo_ros:/home/jackson/Final_simulation_full/gazebo_yolo_simulation/yolo_sim/install/yolo_msgs:${AMENT_PREFIX_PATH} CMAKE_PREFIX_PATH=/home/jackson/Final_simulation_full/gazebo_yolo_simulation/yolo_sim/install/yolo_msgs:/opt/ros/humble LD_LIBRARY_PATH=/home/jackson/Final_simulation_full/gazebo_yolo_simulation/yolo_sim/install/yolo_msgs/lib:${LD_LIBRARY_PATH} PYTHONPATH=/home/jackson/Final_simulation_full/gazebo_yolo_simulation/yolo_sim/install/yolo_ros/lib/python3.10/site-packages:/home/jackson/Final_simulation_full/gazebo_yolo_simulation/yolo_sim/install/yolo_msgs/local/lib/python3.10/dist-packages:${PYTHONPATH} /usr/local/bin/cmake --build /home/jackson/Final_simulation_full/gazebo_yolo_simulation/yolo_sim/build/yolo_bringup -- -j16 -l16
[0.346s] Invoking command in '/home/jackson/Final_simulation_full/gazebo_yolo_simulation/yolo_sim/build/yolo_bringup': AMENT_PREFIX_PATH=/home/jackson/Final_simulation_full/gazebo_yolo_simulation/yolo_sim/install/yolo_ros:/home/jackson/Final_simulation_full/gazebo_yolo_simulation/yolo_sim/install/yolo_msgs:${AMENT_PREFIX_PATH} CMAKE_PREFIX_PATH=/home/jackson/Final_simulation_full/gazebo_yolo_simulation/yolo_sim/install/yolo_msgs:/opt/ros/humble LD_LIBRARY_PATH=/home/jackson/Final_simulation_full/gazebo_yolo_simulation/yolo_sim/install/yolo_msgs/lib:${LD_LIBRARY_PATH} PYTHONPATH=/home/jackson/Final_simulation_full/gazebo_yolo_simulation/yolo_sim/install/yolo_ros/lib/python3.10/site-packages:/home/jackson/Final_simulation_full/gazebo_yolo_simulation/yolo_sim/install/yolo_msgs/local/lib/python3.10/dist-packages:${PYTHONPATH} /usr/local/bin/cmake --install /home/jackson/Final_simulation_full/gazebo_yolo_simulation/yolo_sim/build/yolo_bringup
[0.347s] -- Install configuration: ""
[0.347s] -- Installing: /home/jackson/Final_simulation_full/gazebo_yolo_simulation/yolo_sim/install/yolo_bringup/share/yolo_bringup//launch
[0.347s] -- Installing: /home/jackson/Final_simulation_full/gazebo_yolo_simulation/yolo_sim/install/yolo_bringup/share/yolo_bringup//launch/yolov8.launch.py
[0.348s] -- Installing: /home/jackson/Final_simulation_full/gazebo_yolo_simulation/yolo_sim/install/yolo_bringup/share/yolo_bringup//launch/yolov10.launch.py
[0.348s] -- Installing: /home/jackson/Final_simulation_full/gazebo_yolo_simulation/yolo_sim/install/yolo_bringup/share/yolo_bringup//launch/yolov5.launch.py
[0.348s] -- Installing: /home/jackson/Final_simulation_full/gazebo_yolo_simulation/yolo_sim/install/yolo_bringup/share/yolo_bringup//launch/yolov9.launch.py
[0.348s] -- Installing: /home/jackson/Final_simulation_full/gazebo_yolo_simulation/yolo_sim/install/yolo_bringup/share/yolo_bringup//launch/yolo-nas.launch.py
[0.348s] -- Installing: /home/jackson/Final_simulation_full/gazebo_yolo_simulation/yolo_sim/install/yolo_bringup/share/yolo_bringup//launch/yolo.launch.py
[0.348s] -- Installing: /home/jackson/Final_simulation_full/gazebo_yolo_simulation/yolo_sim/install/yolo_bringup/share/yolo_bringup//launch/yolo-world.launch.py
[0.348s] -- Installing: /home/jackson/Final_simulation_full/gazebo_yolo_simulation/yolo_sim/install/yolo_bringup/share/yolo_bringup//launch/yolov11.launch.py
[0.348s] -- Installing: /home/jackson/Final_simulation_full/gazebo_yolo_simulation/yolo_sim/install/yolo_bringup/share/ament_index/resource_index/package_run_dependencies/yolo_bringup
[0.348s] -- Installing: /home/jackson/Final_simulation_full/gazebo_yolo_simulation/yolo_sim/install/yolo_bringup/share/ament_index/resource_index/parent_prefix_path/yolo_bringup
[0.348s] -- Installing: /home/jackson/Final_simulation_full/gazebo_yolo_simulation/yolo_sim/install/yolo_bringup/share/yolo_bringup/environment/ament_prefix_path.sh
[0.348s] -- Installing: /home/jackson/Final_simulation_full/gazebo_yolo_simulation/yolo_sim/install/yolo_bringup/share/yolo_bringup/environment/ament_prefix_path.dsv
[0.349s] -- Installing: /home/jackson/Final_simulation_full/gazebo_yolo_simulation/yolo_sim/install/yolo_bringup/share/yolo_bringup/environment/path.sh
[0.349s] -- Installing: /home/jackson/Final_simulation_full/gazebo_yolo_simulation/yolo_sim/install/yolo_bringup/share/yolo_bringup/environment/path.dsv
[0.349s] -- Installing: /home/jackson/Final_simulation_full/gazebo_yolo_simulation/yolo_sim/install/yolo_bringup/share/yolo_bringup/local_setup.bash
[0.349s] -- Installing: /home/jackson/Final_simulation_full/gazebo_yolo_simulation/yolo_sim/install/yolo_bringup/share/yolo_bringup/local_setup.sh
[0.349s] -- Installing: /home/jackson/Final_simulation_full/gazebo_yolo_simulation/yolo_sim/install/yolo_bringup/share/yolo_bringup/local_setup.zsh
[0.349s] -- Installing: /home/jackson/Final_simulation_full/gazebo_yolo_simulation/yolo_sim/install/yolo_bringup/share/yolo_bringup/local_setup.dsv
[0.349s] -- Installing: /home/jackson/Final_simulation_full/gazebo_yolo_simulation/yolo_sim/install/yolo_bringup/share/yolo_bringup/package.dsv
[0.349s] -- Installing: /home/jackson/Final_simulation_full/gazebo_yolo_simulation/yolo_sim/install/yolo_bringup/share/ament_index/resource_index/packages/yolo_bringup
[0.349s] -- Installing: /home/jackson/Final_simulation_full/gazebo_yolo_simulation/yolo_sim/install/yolo_bringup/share/yolo_bringup/cmake/yolo_bringupConfig.cmake
[0.349s] -- Installing: /home/jackson/Final_simulation_full/gazebo_yolo_simulation/yolo_sim/install/yolo_bringup/share/yolo_bringup/cmake/yolo_bringupConfig-version.cmake
[0.349s] -- Installing: /home/jackson/Final_simulation_full/gazebo_yolo_simulation/yolo_sim/install/yolo_bringup/share/yolo_bringup/package.xml
[0.350s] Invoked command in '/home/jackson/Final_simulation_full/gazebo_yolo_simulation/yolo_sim/build/yolo_bringup' returned '0': AMENT_PREFIX_PATH=/home/jackson/Final_simulation_full/gazebo_yolo_simulation/yolo_sim/install/yolo_ros:/home/jackson/Final_simulation_full/gazebo_yolo_simulation/yolo_sim/install/yolo_msgs:${AMENT_PREFIX_PATH} CMAKE_PREFIX_PATH=/home/jackson/Final_simulation_full/gazebo_yolo_simulation/yolo_sim/install/yolo_msgs:/opt/ros/humble LD_LIBRARY_PATH=/home/jackson/Final_simulation_full/gazebo_yolo_simulation/yolo_sim/install/yolo_msgs/lib:${LD_LIBRARY_PATH} PYTHONPATH=/home/jackson/Final_simulation_full/gazebo_yolo_simulation/yolo_sim/install/yolo_ros/lib/python3.10/site-packages:/home/jackson/Final_simulation_full/gazebo_yolo_simulation/yolo_sim/install/yolo_msgs/local/lib/python3.10/dist-packages:${PYTHONPATH} /usr/local/bin/cmake --install /home/jackson/Final_simulation_full/gazebo_yolo_simulation/yolo_sim/build/yolo_bringup
