[0.067s] [34mcolcon[0m [1;30mDEBUG[0m [32mCommand line arguments: ['/usr/bin/colcon', 'build'][0m
[0.067s] [34mcolcon[0m [1;30mDEBUG[0m [32mParsed command line arguments: Namespace(log_base=None, log_level=None, verb_name='build', build_base='build', install_base='install', merge_install=False, symlink_install=False, test_result_base=None, continue_on_error=False, executor='parallel', parallel_workers=16, event_handlers=None, ignore_user_meta=False, metas=['./colcon.meta'], base_paths=['.'], packages_ignore=None, packages_ignore_regex=None, paths=None, packages_up_to=None, packages_up_to_regex=None, packages_above=None, packages_above_and_dependencies=None, packages_above_depth=None, packages_select_by_dep=None, packages_skip_by_dep=None, packages_skip_up_to=None, packages_select_build_failed=False, packages_skip_build_finished=False, packages_select_test_failures=False, packages_skip_test_passed=False, packages_select=None, packages_skip=None, packages_select_regex=None, packages_skip_regex=None, packages_start=None, packages_end=None, allow_overriding=[], cmake_args=None, cmake_target=None, cmake_target_skip_unavailable=False, cmake_clean_cache=False, cmake_clean_first=False, cmake_force_configure=False, ament_cmake_args=None, catkin_cmake_args=None, catkin_skip_building_tests=False, mixin_files=None, mixin=None, verb_parser=<colcon_mixin.mixin.mixin_argument.MixinArgumentDecorator object at 0x729718a42650>, verb_extension=<colcon_core.verb.build.BuildVerb object at 0x729718a421a0>, main=<bound method BuildVerb.main of <colcon_core.verb.build.BuildVerb object at 0x729718a421a0>>, mixin_verb=('build',))[0m
[0.086s] [34mcolcon.colcon_core.package_discovery[0m [1;30mLevel 1[0m discover_packages(colcon_meta) check parameters
[0.086s] [34mcolcon.colcon_core.package_discovery[0m [1;30mLevel 1[0m discover_packages(recursive) check parameters
[0.086s] [34mcolcon.colcon_core.package_discovery[0m [1;30mLevel 1[0m discover_packages(ignore) check parameters
[0.086s] [34mcolcon.colcon_core.package_discovery[0m [1;30mLevel 1[0m discover_packages(path) check parameters
[0.086s] [34mcolcon.colcon_core.package_discovery[0m [1;30mLevel 1[0m discover_packages(colcon_meta) discover
[0.086s] [34mcolcon.colcon_core.package_discovery[0m [1;30mLevel 1[0m discover_packages(recursive) discover
[0.086s] [34mcolcon.colcon_core.package_discovery[0m [1;30mINFO[0m Crawling recursively for packages in '/home/jackson/Final_simulation_full/gazebo_yolo_simulation/yolo_sim'
[0.086s] [34mcolcon.colcon_core.package_identification[0m [1;30mLevel 1[0m _identify(.) by extensions ['ignore', 'ignore_ament_install']
[0.086s] [34mcolcon.colcon_core.package_identification[0m [1;30mLevel 1[0m _identify(.) by extension 'ignore'
[0.086s] [34mcolcon.colcon_core.package_identification[0m [1;30mLevel 1[0m _identify(.) by extension 'ignore_ament_install'
[0.086s] [34mcolcon.colcon_core.package_identification[0m [1;30mLevel 1[0m _identify(.) by extensions ['colcon_pkg']
[0.086s] [34mcolcon.colcon_core.package_identification[0m [1;30mLevel 1[0m _identify(.) by extension 'colcon_pkg'
[0.086s] [34mcolcon.colcon_core.package_identification[0m [1;30mLevel 1[0m _identify(.) by extensions ['colcon_meta']
[0.086s] [34mcolcon.colcon_core.package_identification[0m [1;30mLevel 1[0m _identify(.) by extension 'colcon_meta'
[0.086s] [34mcolcon.colcon_core.package_identification[0m [1;30mLevel 1[0m _identify(.) by extensions ['ros']
[0.086s] [34mcolcon.colcon_core.package_identification[0m [1;30mLevel 1[0m _identify(.) by extension 'ros'
[0.093s] [34mcolcon.colcon_core.package_identification[0m [1;30mLevel 1[0m _identify(.) by extensions ['cmake', 'python']
[0.093s] [34mcolcon.colcon_core.package_identification[0m [1;30mLevel 1[0m _identify(.) by extension 'cmake'
[0.093s] [34mcolcon.colcon_core.package_identification[0m [1;30mLevel 1[0m _identify(.) by extension 'python'
[0.093s] [34mcolcon.colcon_core.package_identification[0m [1;30mLevel 1[0m _identify(.) by extensions ['python_setup_py']
[0.093s] [34mcolcon.colcon_core.package_identification[0m [1;30mLevel 1[0m _identify(.) by extension 'python_setup_py'
[0.093s] [34mcolcon.colcon_core.package_identification[0m [1;30mLevel 1[0m _identify(build) by extensions ['ignore', 'ignore_ament_install']
[0.093s] [34mcolcon.colcon_core.package_identification[0m [1;30mLevel 1[0m _identify(build) by extension 'ignore'
[0.093s] [34mcolcon.colcon_core.package_identification[0m [1;30mLevel 1[0m _identify(build) ignored
[0.093s] [34mcolcon.colcon_core.package_identification[0m [1;30mLevel 1[0m _identify(install) by extensions ['ignore', 'ignore_ament_install']
[0.093s] [34mcolcon.colcon_core.package_identification[0m [1;30mLevel 1[0m _identify(install) by extension 'ignore'
[0.093s] [34mcolcon.colcon_core.package_identification[0m [1;30mLevel 1[0m _identify(install) ignored
[0.093s] [34mcolcon.colcon_core.package_identification[0m [1;30mLevel 1[0m _identify(log) by extensions ['ignore', 'ignore_ament_install']
[0.093s] [34mcolcon.colcon_core.package_identification[0m [1;30mLevel 1[0m _identify(log) by extension 'ignore'
[0.093s] [34mcolcon.colcon_core.package_identification[0m [1;30mLevel 1[0m _identify(log) ignored
[0.093s] [34mcolcon.colcon_core.package_identification[0m [1;30mLevel 1[0m _identify(src) by extensions ['ignore', 'ignore_ament_install']
[0.093s] [34mcolcon.colcon_core.package_identification[0m [1;30mLevel 1[0m _identify(src) by extension 'ignore'
[0.094s] [34mcolcon.colcon_core.package_identification[0m [1;30mLevel 1[0m _identify(src) by extension 'ignore_ament_install'
[0.094s] [34mcolcon.colcon_core.package_identification[0m [1;30mLevel 1[0m _identify(src) by extensions ['colcon_pkg']
[0.094s] [34mcolcon.colcon_core.package_identification[0m [1;30mLevel 1[0m _identify(src) by extension 'colcon_pkg'
[0.094s] [34mcolcon.colcon_core.package_identification[0m [1;30mLevel 1[0m _identify(src) by extensions ['colcon_meta']
[0.094s] [34mcolcon.colcon_core.package_identification[0m [1;30mLevel 1[0m _identify(src) by extension 'colcon_meta'
[0.094s] [34mcolcon.colcon_core.package_identification[0m [1;30mLevel 1[0m _identify(src) by extensions ['ros']
[0.094s] [34mcolcon.colcon_core.package_identification[0m [1;30mLevel 1[0m _identify(src) by extension 'ros'
[0.094s] [34mcolcon.colcon_core.package_identification[0m [1;30mLevel 1[0m _identify(src) by extensions ['cmake', 'python']
[0.094s] [34mcolcon.colcon_core.package_identification[0m [1;30mLevel 1[0m _identify(src) by extension 'cmake'
[0.094s] [34mcolcon.colcon_core.package_identification[0m [1;30mLevel 1[0m _identify(src) by extension 'python'
[0.094s] [34mcolcon.colcon_core.package_identification[0m [1;30mLevel 1[0m _identify(src) by extensions ['python_setup_py']
[0.094s] [34mcolcon.colcon_core.package_identification[0m [1;30mLevel 1[0m _identify(src) by extension 'python_setup_py'
[0.094s] [34mcolcon.colcon_core.package_identification[0m [1;30mLevel 1[0m _identify(src/px4_msgs) by extensions ['ignore', 'ignore_ament_install']
[0.094s] [34mcolcon.colcon_core.package_identification[0m [1;30mLevel 1[0m _identify(src/px4_msgs) by extension 'ignore'
[0.094s] [34mcolcon.colcon_core.package_identification[0m [1;30mLevel 1[0m _identify(src/px4_msgs) by extension 'ignore_ament_install'
[0.094s] [34mcolcon.colcon_core.package_identification[0m [1;30mLevel 1[0m _identify(src/px4_msgs) by extensions ['colcon_pkg']
[0.094s] [34mcolcon.colcon_core.package_identification[0m [1;30mLevel 1[0m _identify(src/px4_msgs) by extension 'colcon_pkg'
[0.094s] [34mcolcon.colcon_core.package_identification[0m [1;30mLevel 1[0m _identify(src/px4_msgs) by extensions ['colcon_meta']
[0.094s] [34mcolcon.colcon_core.package_identification[0m [1;30mLevel 1[0m _identify(src/px4_msgs) by extension 'colcon_meta'
[0.094s] [34mcolcon.colcon_core.package_identification[0m [1;30mLevel 1[0m _identify(src/px4_msgs) by extensions ['ros']
[0.094s] [34mcolcon.colcon_core.package_identification[0m [1;30mLevel 1[0m _identify(src/px4_msgs) by extension 'ros'
[0.095s] [34mcolcon.colcon_core.package_identification[0m [1;30mDEBUG[0m [32mPackage 'src/px4_msgs' with type 'ros.ament_cmake' and name 'px4_msgs'[0m
[0.095s] [34mcolcon.colcon_core.package_identification[0m [1;30mLevel 1[0m _identify(src/px4_ros_com) by extensions ['ignore', 'ignore_ament_install']
[0.095s] [34mcolcon.colcon_core.package_identification[0m [1;30mLevel 1[0m _identify(src/px4_ros_com) by extension 'ignore'
[0.095s] [34mcolcon.colcon_core.package_identification[0m [1;30mLevel 1[0m _identify(src/px4_ros_com) by extension 'ignore_ament_install'
[0.095s] [34mcolcon.colcon_core.package_identification[0m [1;30mLevel 1[0m _identify(src/px4_ros_com) by extensions ['colcon_pkg']
[0.095s] [34mcolcon.colcon_core.package_identification[0m [1;30mLevel 1[0m _identify(src/px4_ros_com) by extension 'colcon_pkg'
[0.095s] [34mcolcon.colcon_core.package_identification[0m [1;30mLevel 1[0m _identify(src/px4_ros_com) by extensions ['colcon_meta']
[0.095s] [34mcolcon.colcon_core.package_identification[0m [1;30mLevel 1[0m _identify(src/px4_ros_com) by extension 'colcon_meta'
[0.095s] [34mcolcon.colcon_core.package_identification[0m [1;30mLevel 1[0m _identify(src/px4_ros_com) by extensions ['ros']
[0.095s] [34mcolcon.colcon_core.package_identification[0m [1;30mLevel 1[0m _identify(src/px4_ros_com) by extension 'ros'
[0.096s] [34mcolcon.colcon_core.package_identification[0m [1;30mDEBUG[0m [32mPackage 'src/px4_ros_com' with type 'ros.ament_cmake' and name 'px4_ros_com'[0m
[0.096s] [34mcolcon.colcon_core.package_identification[0m [1;30mLevel 1[0m _identify(src/yolo_ros) by extensions ['ignore', 'ignore_ament_install']
[0.096s] [34mcolcon.colcon_core.package_identification[0m [1;30mLevel 1[0m _identify(src/yolo_ros) by extension 'ignore'
[0.096s] [34mcolcon.colcon_core.package_identification[0m [1;30mLevel 1[0m _identify(src/yolo_ros) by extension 'ignore_ament_install'
[0.096s] [34mcolcon.colcon_core.package_identification[0m [1;30mLevel 1[0m _identify(src/yolo_ros) by extensions ['colcon_pkg']
[0.096s] [34mcolcon.colcon_core.package_identification[0m [1;30mLevel 1[0m _identify(src/yolo_ros) by extension 'colcon_pkg'
[0.096s] [34mcolcon.colcon_core.package_identification[0m [1;30mLevel 1[0m _identify(src/yolo_ros) by extensions ['colcon_meta']
[0.096s] [34mcolcon.colcon_core.package_identification[0m [1;30mLevel 1[0m _identify(src/yolo_ros) by extension 'colcon_meta'
[0.096s] [34mcolcon.colcon_core.package_identification[0m [1;30mLevel 1[0m _identify(src/yolo_ros) by extensions ['ros']
[0.096s] [34mcolcon.colcon_core.package_identification[0m [1;30mLevel 1[0m _identify(src/yolo_ros) by extension 'ros'
[0.096s] [34mcolcon.colcon_core.package_identification[0m [1;30mLevel 1[0m _identify(src/yolo_ros) by extensions ['cmake', 'python']
[0.096s] [34mcolcon.colcon_core.package_identification[0m [1;30mLevel 1[0m _identify(src/yolo_ros) by extension 'cmake'
[0.096s] [34mcolcon.colcon_core.package_identification[0m [1;30mLevel 1[0m _identify(src/yolo_ros) by extension 'python'
[0.096s] [34mcolcon.colcon_core.package_identification[0m [1;30mLevel 1[0m _identify(src/yolo_ros) by extensions ['python_setup_py']
[0.096s] [34mcolcon.colcon_core.package_identification[0m [1;30mLevel 1[0m _identify(src/yolo_ros) by extension 'python_setup_py'
[0.096s] [34mcolcon.colcon_core.package_identification[0m [1;30mLevel 1[0m _identify(src/yolo_ros/docs) by extensions ['ignore', 'ignore_ament_install']
[0.096s] [34mcolcon.colcon_core.package_identification[0m [1;30mLevel 1[0m _identify(src/yolo_ros/docs) by extension 'ignore'
[0.096s] [34mcolcon.colcon_core.package_identification[0m [1;30mLevel 1[0m _identify(src/yolo_ros/docs) by extension 'ignore_ament_install'
[0.096s] [34mcolcon.colcon_core.package_identification[0m [1;30mLevel 1[0m _identify(src/yolo_ros/docs) by extensions ['colcon_pkg']
[0.096s] [34mcolcon.colcon_core.package_identification[0m [1;30mLevel 1[0m _identify(src/yolo_ros/docs) by extension 'colcon_pkg'
[0.096s] [34mcolcon.colcon_core.package_identification[0m [1;30mLevel 1[0m _identify(src/yolo_ros/docs) by extensions ['colcon_meta']
[0.096s] [34mcolcon.colcon_core.package_identification[0m [1;30mLevel 1[0m _identify(src/yolo_ros/docs) by extension 'colcon_meta'
[0.096s] [34mcolcon.colcon_core.package_identification[0m [1;30mLevel 1[0m _identify(src/yolo_ros/docs) by extensions ['ros']
[0.096s] [34mcolcon.colcon_core.package_identification[0m [1;30mLevel 1[0m _identify(src/yolo_ros/docs) by extension 'ros'
[0.097s] [34mcolcon.colcon_core.package_identification[0m [1;30mLevel 1[0m _identify(src/yolo_ros/docs) by extensions ['cmake', 'python']
[0.097s] [34mcolcon.colcon_core.package_identification[0m [1;30mLevel 1[0m _identify(src/yolo_ros/docs) by extension 'cmake'
[0.097s] [34mcolcon.colcon_core.package_identification[0m [1;30mLevel 1[0m _identify(src/yolo_ros/docs) by extension 'python'
[0.097s] [34mcolcon.colcon_core.package_identification[0m [1;30mLevel 1[0m _identify(src/yolo_ros/docs) by extensions ['python_setup_py']
[0.097s] [34mcolcon.colcon_core.package_identification[0m [1;30mLevel 1[0m _identify(src/yolo_ros/docs) by extension 'python_setup_py'
[0.097s] [34mcolcon.colcon_core.package_identification[0m [1;30mLevel 1[0m _identify(src/yolo_ros/yolo_bringup) by extensions ['ignore', 'ignore_ament_install']
[0.097s] [34mcolcon.colcon_core.package_identification[0m [1;30mLevel 1[0m _identify(src/yolo_ros/yolo_bringup) by extension 'ignore'
[0.097s] [34mcolcon.colcon_core.package_identification[0m [1;30mLevel 1[0m _identify(src/yolo_ros/yolo_bringup) by extension 'ignore_ament_install'
[0.097s] [34mcolcon.colcon_core.package_identification[0m [1;30mLevel 1[0m _identify(src/yolo_ros/yolo_bringup) by extensions ['colcon_pkg']
[0.097s] [34mcolcon.colcon_core.package_identification[0m [1;30mLevel 1[0m _identify(src/yolo_ros/yolo_bringup) by extension 'colcon_pkg'
[0.097s] [34mcolcon.colcon_core.package_identification[0m [1;30mLevel 1[0m _identify(src/yolo_ros/yolo_bringup) by extensions ['colcon_meta']
[0.097s] [34mcolcon.colcon_core.package_identification[0m [1;30mLevel 1[0m _identify(src/yolo_ros/yolo_bringup) by extension 'colcon_meta'
[0.097s] [34mcolcon.colcon_core.package_identification[0m [1;30mLevel 1[0m _identify(src/yolo_ros/yolo_bringup) by extensions ['ros']
[0.097s] [34mcolcon.colcon_core.package_identification[0m [1;30mLevel 1[0m _identify(src/yolo_ros/yolo_bringup) by extension 'ros'
[0.097s] [34mcolcon.colcon_core.package_identification[0m [1;30mDEBUG[0m [32mPackage 'src/yolo_ros/yolo_bringup' with type 'ros.ament_cmake' and name 'yolo_bringup'[0m
[0.097s] [34mcolcon.colcon_core.package_identification[0m [1;30mLevel 1[0m _identify(src/yolo_ros/yolo_msgs) by extensions ['ignore', 'ignore_ament_install']
[0.097s] [34mcolcon.colcon_core.package_identification[0m [1;30mLevel 1[0m _identify(src/yolo_ros/yolo_msgs) by extension 'ignore'
[0.097s] [34mcolcon.colcon_core.package_identification[0m [1;30mLevel 1[0m _identify(src/yolo_ros/yolo_msgs) by extension 'ignore_ament_install'
[0.097s] [34mcolcon.colcon_core.package_identification[0m [1;30mLevel 1[0m _identify(src/yolo_ros/yolo_msgs) by extensions ['colcon_pkg']
[0.097s] [34mcolcon.colcon_core.package_identification[0m [1;30mLevel 1[0m _identify(src/yolo_ros/yolo_msgs) by extension 'colcon_pkg'
[0.097s] [34mcolcon.colcon_core.package_identification[0m [1;30mLevel 1[0m _identify(src/yolo_ros/yolo_msgs) by extensions ['colcon_meta']
[0.097s] [34mcolcon.colcon_core.package_identification[0m [1;30mLevel 1[0m _identify(src/yolo_ros/yolo_msgs) by extension 'colcon_meta'
[0.097s] [34mcolcon.colcon_core.package_identification[0m [1;30mLevel 1[0m _identify(src/yolo_ros/yolo_msgs) by extensions ['ros']
[0.097s] [34mcolcon.colcon_core.package_identification[0m [1;30mLevel 1[0m _identify(src/yolo_ros/yolo_msgs) by extension 'ros'
[0.098s] [34mcolcon.colcon_core.package_identification[0m [1;30mDEBUG[0m [32mPackage 'src/yolo_ros/yolo_msgs' with type 'ros.ament_cmake' and name 'yolo_msgs'[0m
[0.098s] [34mcolcon.colcon_core.package_identification[0m [1;30mLevel 1[0m _identify(src/yolo_ros/yolo_ros) by extensions ['ignore', 'ignore_ament_install']
[0.098s] [34mcolcon.colcon_core.package_identification[0m [1;30mLevel 1[0m _identify(src/yolo_ros/yolo_ros) by extension 'ignore'
[0.098s] [34mcolcon.colcon_core.package_identification[0m [1;30mLevel 1[0m _identify(src/yolo_ros/yolo_ros) by extension 'ignore_ament_install'
[0.098s] [34mcolcon.colcon_core.package_identification[0m [1;30mLevel 1[0m _identify(src/yolo_ros/yolo_ros) by extensions ['colcon_pkg']
[0.098s] [34mcolcon.colcon_core.package_identification[0m [1;30mLevel 1[0m _identify(src/yolo_ros/yolo_ros) by extension 'colcon_pkg'
[0.098s] [34mcolcon.colcon_core.package_identification[0m [1;30mLevel 1[0m _identify(src/yolo_ros/yolo_ros) by extensions ['colcon_meta']
[0.098s] [34mcolcon.colcon_core.package_identification[0m [1;30mLevel 1[0m _identify(src/yolo_ros/yolo_ros) by extension 'colcon_meta'
[0.098s] [34mcolcon.colcon_core.package_identification[0m [1;30mLevel 1[0m _identify(src/yolo_ros/yolo_ros) by extensions ['ros']
[0.098s] [34mcolcon.colcon_core.package_identification[0m [1;30mLevel 1[0m _identify(src/yolo_ros/yolo_ros) by extension 'ros'
[0.098s] [34mcolcon.colcon_core.package_identification[0m [1;30mDEBUG[0m [32mPackage 'src/yolo_ros/yolo_ros' with type 'ros.ament_python' and name 'yolo_ros'[0m
[0.098s] [34mcolcon.colcon_core.package_discovery[0m [1;30mLevel 1[0m discover_packages(recursive) using defaults
[0.098s] [34mcolcon.colcon_core.package_discovery[0m [1;30mLevel 1[0m discover_packages(ignore) discover
[0.098s] [34mcolcon.colcon_core.package_discovery[0m [1;30mLevel 1[0m discover_packages(ignore) using defaults
[0.098s] [34mcolcon.colcon_core.package_discovery[0m [1;30mLevel 1[0m discover_packages(path) discover
[0.098s] [34mcolcon.colcon_core.package_discovery[0m [1;30mLevel 1[0m discover_packages(path) using defaults
[0.107s] [34mcolcon.colcon_core.package_discovery[0m [1;30mLevel 1[0m discover_packages(prefix_path) check parameters
[0.107s] [34mcolcon.colcon_core.package_discovery[0m [1;30mLevel 1[0m discover_packages(prefix_path) discover
[0.109s] [34mcolcon.colcon_installed_package_information.package_discovery[0m [1;30mDEBUG[0m [32mFound 289 installed packages in /opt/ros/humble[0m
[0.109s] [34mcolcon.colcon_core.package_discovery[0m [1;30mLevel 1[0m discover_packages(prefix_path) using defaults
[0.126s] [34mcolcon.colcon_core.verb[0m [1;30mLevel 5[0m set package 'px4_msgs' build argument 'cmake_args' from command line to 'None'
[0.126s] [34mcolcon.colcon_core.verb[0m [1;30mLevel 5[0m set package 'px4_msgs' build argument 'cmake_target' from command line to 'None'
[0.126s] [34mcolcon.colcon_core.verb[0m [1;30mLevel 5[0m set package 'px4_msgs' build argument 'cmake_target_skip_unavailable' from command line to 'False'
[0.126s] [34mcolcon.colcon_core.verb[0m [1;30mLevel 5[0m set package 'px4_msgs' build argument 'cmake_clean_cache' from command line to 'False'
[0.126s] [34mcolcon.colcon_core.verb[0m [1;30mLevel 5[0m set package 'px4_msgs' build argument 'cmake_clean_first' from command line to 'False'
[0.126s] [34mcolcon.colcon_core.verb[0m [1;30mLevel 5[0m set package 'px4_msgs' build argument 'cmake_force_configure' from command line to 'False'
[0.126s] [34mcolcon.colcon_core.verb[0m [1;30mLevel 5[0m set package 'px4_msgs' build argument 'ament_cmake_args' from command line to 'None'
[0.126s] [34mcolcon.colcon_core.verb[0m [1;30mLevel 5[0m set package 'px4_msgs' build argument 'catkin_cmake_args' from command line to 'None'
[0.126s] [34mcolcon.colcon_core.verb[0m [1;30mLevel 5[0m set package 'px4_msgs' build argument 'catkin_skip_building_tests' from command line to 'False'
[0.127s] [34mcolcon.colcon_core.verb[0m [1;30mDEBUG[0m [32mBuilding package 'px4_msgs' with the following arguments: {'ament_cmake_args': None, 'build_base': '/home/jackson/Final_simulation_full/gazebo_yolo_simulation/yolo_sim/build/px4_msgs', 'catkin_cmake_args': None, 'catkin_skip_building_tests': False, 'cmake_args': None, 'cmake_clean_cache': False, 'cmake_clean_first': False, 'cmake_force_configure': False, 'cmake_target': None, 'cmake_target_skip_unavailable': False, 'install_base': '/home/jackson/Final_simulation_full/gazebo_yolo_simulation/yolo_sim/install/px4_msgs', 'merge_install': False, 'path': '/home/jackson/Final_simulation_full/gazebo_yolo_simulation/yolo_sim/src/px4_msgs', 'symlink_install': False, 'test_result_base': None}[0m
[0.127s] [34mcolcon.colcon_core.verb[0m [1;30mLevel 5[0m set package 'yolo_msgs' build argument 'cmake_args' from command line to 'None'
[0.127s] [34mcolcon.colcon_core.verb[0m [1;30mLevel 5[0m set package 'yolo_msgs' build argument 'cmake_target' from command line to 'None'
[0.127s] [34mcolcon.colcon_core.verb[0m [1;30mLevel 5[0m set package 'yolo_msgs' build argument 'cmake_target_skip_unavailable' from command line to 'False'
[0.127s] [34mcolcon.colcon_core.verb[0m [1;30mLevel 5[0m set package 'yolo_msgs' build argument 'cmake_clean_cache' from command line to 'False'
[0.127s] [34mcolcon.colcon_core.verb[0m [1;30mLevel 5[0m set package 'yolo_msgs' build argument 'cmake_clean_first' from command line to 'False'
[0.127s] [34mcolcon.colcon_core.verb[0m [1;30mLevel 5[0m set package 'yolo_msgs' build argument 'cmake_force_configure' from command line to 'False'
[0.127s] [34mcolcon.colcon_core.verb[0m [1;30mLevel 5[0m set package 'yolo_msgs' build argument 'ament_cmake_args' from command line to 'None'
[0.127s] [34mcolcon.colcon_core.verb[0m [1;30mLevel 5[0m set package 'yolo_msgs' build argument 'catkin_cmake_args' from command line to 'None'
[0.127s] [34mcolcon.colcon_core.verb[0m [1;30mLevel 5[0m set package 'yolo_msgs' build argument 'catkin_skip_building_tests' from command line to 'False'
[0.127s] [34mcolcon.colcon_core.verb[0m [1;30mDEBUG[0m [32mBuilding package 'yolo_msgs' with the following arguments: {'ament_cmake_args': None, 'build_base': '/home/jackson/Final_simulation_full/gazebo_yolo_simulation/yolo_sim/build/yolo_msgs', 'catkin_cmake_args': None, 'catkin_skip_building_tests': False, 'cmake_args': None, 'cmake_clean_cache': False, 'cmake_clean_first': False, 'cmake_force_configure': False, 'cmake_target': None, 'cmake_target_skip_unavailable': False, 'install_base': '/home/jackson/Final_simulation_full/gazebo_yolo_simulation/yolo_sim/install/yolo_msgs', 'merge_install': False, 'path': '/home/jackson/Final_simulation_full/gazebo_yolo_simulation/yolo_sim/src/yolo_ros/yolo_msgs', 'symlink_install': False, 'test_result_base': None}[0m
[0.127s] [34mcolcon.colcon_core.verb[0m [1;30mLevel 5[0m set package 'px4_ros_com' build argument 'cmake_args' from command line to 'None'
[0.127s] [34mcolcon.colcon_core.verb[0m [1;30mLevel 5[0m set package 'px4_ros_com' build argument 'cmake_target' from command line to 'None'
[0.127s] [34mcolcon.colcon_core.verb[0m [1;30mLevel 5[0m set package 'px4_ros_com' build argument 'cmake_target_skip_unavailable' from command line to 'False'
[0.127s] [34mcolcon.colcon_core.verb[0m [1;30mLevel 5[0m set package 'px4_ros_com' build argument 'cmake_clean_cache' from command line to 'False'
[0.127s] [34mcolcon.colcon_core.verb[0m [1;30mLevel 5[0m set package 'px4_ros_com' build argument 'cmake_clean_first' from command line to 'False'
[0.127s] [34mcolcon.colcon_core.verb[0m [1;30mLevel 5[0m set package 'px4_ros_com' build argument 'cmake_force_configure' from command line to 'False'
[0.127s] [34mcolcon.colcon_core.verb[0m [1;30mLevel 5[0m set package 'px4_ros_com' build argument 'ament_cmake_args' from command line to 'None'
[0.127s] [34mcolcon.colcon_core.verb[0m [1;30mLevel 5[0m set package 'px4_ros_com' build argument 'catkin_cmake_args' from command line to 'None'
[0.127s] [34mcolcon.colcon_core.verb[0m [1;30mLevel 5[0m set package 'px4_ros_com' build argument 'catkin_skip_building_tests' from command line to 'False'
[0.127s] [34mcolcon.colcon_core.verb[0m [1;30mDEBUG[0m [32mBuilding package 'px4_ros_com' with the following arguments: {'ament_cmake_args': None, 'build_base': '/home/jackson/Final_simulation_full/gazebo_yolo_simulation/yolo_sim/build/px4_ros_com', 'catkin_cmake_args': None, 'catkin_skip_building_tests': False, 'cmake_args': None, 'cmake_clean_cache': False, 'cmake_clean_first': False, 'cmake_force_configure': False, 'cmake_target': None, 'cmake_target_skip_unavailable': False, 'install_base': '/home/jackson/Final_simulation_full/gazebo_yolo_simulation/yolo_sim/install/px4_ros_com', 'merge_install': False, 'path': '/home/jackson/Final_simulation_full/gazebo_yolo_simulation/yolo_sim/src/px4_ros_com', 'symlink_install': False, 'test_result_base': None}[0m
[0.127s] [34mcolcon.colcon_core.verb[0m [1;30mLevel 5[0m set package 'yolo_ros' build argument 'cmake_args' from command line to 'None'
[0.127s] [34mcolcon.colcon_core.verb[0m [1;30mLevel 5[0m set package 'yolo_ros' build argument 'cmake_target' from command line to 'None'
[0.127s] [34mcolcon.colcon_core.verb[0m [1;30mLevel 5[0m set package 'yolo_ros' build argument 'cmake_target_skip_unavailable' from command line to 'False'
[0.127s] [34mcolcon.colcon_core.verb[0m [1;30mLevel 5[0m set package 'yolo_ros' build argument 'cmake_clean_cache' from command line to 'False'
[0.127s] [34mcolcon.colcon_core.verb[0m [1;30mLevel 5[0m set package 'yolo_ros' build argument 'cmake_clean_first' from command line to 'False'
[0.127s] [34mcolcon.colcon_core.verb[0m [1;30mLevel 5[0m set package 'yolo_ros' build argument 'cmake_force_configure' from command line to 'False'
[0.127s] [34mcolcon.colcon_core.verb[0m [1;30mLevel 5[0m set package 'yolo_ros' build argument 'ament_cmake_args' from command line to 'None'
[0.127s] [34mcolcon.colcon_core.verb[0m [1;30mLevel 5[0m set package 'yolo_ros' build argument 'catkin_cmake_args' from command line to 'None'
[0.127s] [34mcolcon.colcon_core.verb[0m [1;30mLevel 5[0m set package 'yolo_ros' build argument 'catkin_skip_building_tests' from command line to 'False'
[0.127s] [34mcolcon.colcon_core.verb[0m [1;30mDEBUG[0m [32mBuilding package 'yolo_ros' with the following arguments: {'ament_cmake_args': None, 'build_base': '/home/jackson/Final_simulation_full/gazebo_yolo_simulation/yolo_sim/build/yolo_ros', 'catkin_cmake_args': None, 'catkin_skip_building_tests': False, 'cmake_args': None, 'cmake_clean_cache': False, 'cmake_clean_first': False, 'cmake_force_configure': False, 'cmake_target': None, 'cmake_target_skip_unavailable': False, 'install_base': '/home/jackson/Final_simulation_full/gazebo_yolo_simulation/yolo_sim/install/yolo_ros', 'merge_install': False, 'path': '/home/jackson/Final_simulation_full/gazebo_yolo_simulation/yolo_sim/src/yolo_ros/yolo_ros', 'symlink_install': False, 'test_result_base': None}[0m
[0.127s] [34mcolcon.colcon_core.verb[0m [1;30mLevel 5[0m set package 'yolo_bringup' build argument 'cmake_args' from command line to 'None'
[0.127s] [34mcolcon.colcon_core.verb[0m [1;30mLevel 5[0m set package 'yolo_bringup' build argument 'cmake_target' from command line to 'None'
[0.127s] [34mcolcon.colcon_core.verb[0m [1;30mLevel 5[0m set package 'yolo_bringup' build argument 'cmake_target_skip_unavailable' from command line to 'False'
[0.128s] [34mcolcon.colcon_core.verb[0m [1;30mLevel 5[0m set package 'yolo_bringup' build argument 'cmake_clean_cache' from command line to 'False'
[0.128s] [34mcolcon.colcon_core.verb[0m [1;30mLevel 5[0m set package 'yolo_bringup' build argument 'cmake_clean_first' from command line to 'False'
[0.128s] [34mcolcon.colcon_core.verb[0m [1;30mLevel 5[0m set package 'yolo_bringup' build argument 'cmake_force_configure' from command line to 'False'
[0.128s] [34mcolcon.colcon_core.verb[0m [1;30mLevel 5[0m set package 'yolo_bringup' build argument 'ament_cmake_args' from command line to 'None'
[0.128s] [34mcolcon.colcon_core.verb[0m [1;30mLevel 5[0m set package 'yolo_bringup' build argument 'catkin_cmake_args' from command line to 'None'
[0.128s] [34mcolcon.colcon_core.verb[0m [1;30mLevel 5[0m set package 'yolo_bringup' build argument 'catkin_skip_building_tests' from command line to 'False'
[0.128s] [34mcolcon.colcon_core.verb[0m [1;30mDEBUG[0m [32mBuilding package 'yolo_bringup' with the following arguments: {'ament_cmake_args': None, 'build_base': '/home/jackson/Final_simulation_full/gazebo_yolo_simulation/yolo_sim/build/yolo_bringup', 'catkin_cmake_args': None, 'catkin_skip_building_tests': False, 'cmake_args': None, 'cmake_clean_cache': False, 'cmake_clean_first': False, 'cmake_force_configure': False, 'cmake_target': None, 'cmake_target_skip_unavailable': False, 'install_base': '/home/jackson/Final_simulation_full/gazebo_yolo_simulation/yolo_sim/install/yolo_bringup', 'merge_install': False, 'path': '/home/jackson/Final_simulation_full/gazebo_yolo_simulation/yolo_sim/src/yolo_ros/yolo_bringup', 'symlink_install': False, 'test_result_base': None}[0m
[0.128s] [34mcolcon.colcon_core.executor[0m [1;30mINFO[0m Executing jobs using 'parallel' executor
[0.128s] [34mcolcon.colcon_parallel_executor.executor.parallel[0m [1;30mDEBUG[0m [32mrun_until_complete[0m
[0.128s] [34mcolcon.colcon_ros.task.ament_cmake.build[0m [1;30mINFO[0m Building ROS package in '/home/jackson/Final_simulation_full/gazebo_yolo_simulation/yolo_sim/src/yolo_ros/yolo_msgs' with build type 'ament_cmake'
[0.128s] [34mcolcon.colcon_cmake.task.cmake.build[0m [1;30mINFO[0m Building CMake package in '/home/jackson/Final_simulation_full/gazebo_yolo_simulation/yolo_sim/src/yolo_ros/yolo_msgs'
[0.130s] [34mcolcon.colcon_core.plugin_system[0m [1;30mINFO[0m Skipping extension 'colcon_core.shell.bat': Not used on non-Windows systems
[0.130s] [34mcolcon.colcon_core.shell[0m [1;30mINFO[0m Skip shell extension 'powershell' for command environment: Not usable outside of PowerShell
[0.130s] [34mcolcon.colcon_core.shell[0m [1;30mDEBUG[0m [32mSkip shell extension 'dsv' for command environment[0m
[0.132s] [34mcolcon.colcon_ros.task.ament_cmake.build[0m [1;30mINFO[0m Building ROS package in '/home/jackson/Final_simulation_full/gazebo_yolo_simulation/yolo_sim/src/px4_msgs' with build type 'ament_cmake'
[0.132s] [34mcolcon.colcon_cmake.task.cmake.build[0m [1;30mINFO[0m Building CMake package in '/home/jackson/Final_simulation_full/gazebo_yolo_simulation/yolo_sim/src/px4_msgs'
[0.132s] [34mcolcon.colcon_core.shell[0m [1;30mINFO[0m Skip shell extension 'powershell' for command environment: Not usable outside of PowerShell
[0.132s] [34mcolcon.colcon_core.shell[0m [1;30mDEBUG[0m [32mSkip shell extension 'dsv' for command environment[0m
[0.135s] [34mcolcon.colcon_core.event_handler.log_command[0m [1;30mDEBUG[0m [32mInvoking command in '/home/jackson/Final_simulation_full/gazebo_yolo_simulation/yolo_sim/build/yolo_msgs': CMAKE_PREFIX_PATH=/opt/ros/humble /usr/local/bin/cmake /home/jackson/Final_simulation_full/gazebo_yolo_simulation/yolo_sim/src/yolo_ros/yolo_msgs -DCMAKE_INSTALL_PREFIX=/home/jackson/Final_simulation_full/gazebo_yolo_simulation/yolo_sim/install/yolo_msgs[0m
[0.137s] [34mcolcon.colcon_core.event_handler.log_command[0m [1;30mDEBUG[0m [32mInvoking command in '/home/jackson/Final_simulation_full/gazebo_yolo_simulation/yolo_sim/build/px4_msgs': CMAKE_PREFIX_PATH=/opt/ros/humble /usr/local/bin/cmake --build /home/jackson/Final_simulation_full/gazebo_yolo_simulation/yolo_sim/build/px4_msgs -- -j16 -l16[0m
[0.778s] [34mcolcon.colcon_core.event_handler.log_command[0m [1;30mDEBUG[0m [32mInvoked command in '/home/jackson/Final_simulation_full/gazebo_yolo_simulation/yolo_sim/build/px4_msgs' returned '0': CMAKE_PREFIX_PATH=/opt/ros/humble /usr/local/bin/cmake --build /home/jackson/Final_simulation_full/gazebo_yolo_simulation/yolo_sim/build/px4_msgs -- -j16 -l16[0m
[0.780s] [34mcolcon.colcon_core.event_handler.log_command[0m [1;30mDEBUG[0m [32mInvoking command in '/home/jackson/Final_simulation_full/gazebo_yolo_simulation/yolo_sim/build/px4_msgs': CMAKE_PREFIX_PATH=/opt/ros/humble /usr/local/bin/cmake --install /home/jackson/Final_simulation_full/gazebo_yolo_simulation/yolo_sim/build/px4_msgs[0m
[1.053s] [34mcolcon.colcon_core.environment[0m [1;30mLevel 1[0m create_environment_scripts_only(px4_msgs)
[1.053s] [34mcolcon.colcon_core.event_handler.log_command[0m [1;30mDEBUG[0m [32mInvoked command in '/home/jackson/Final_simulation_full/gazebo_yolo_simulation/yolo_sim/build/px4_msgs' returned '0': CMAKE_PREFIX_PATH=/opt/ros/humble /usr/local/bin/cmake --install /home/jackson/Final_simulation_full/gazebo_yolo_simulation/yolo_sim/build/px4_msgs[0m
[1.055s] [34mcolcon.colcon_core.environment[0m [1;30mLevel 1[0m checking '/home/jackson/Final_simulation_full/gazebo_yolo_simulation/yolo_sim/install/px4_msgs' for CMake module files
[1.055s] [34mcolcon.colcon_core.environment[0m [1;30mLevel 1[0m checking '/home/jackson/Final_simulation_full/gazebo_yolo_simulation/yolo_sim/install/px4_msgs' for CMake config files
[1.056s] [34mcolcon.colcon_core.shell[0m [1;30mLevel 1[0m create_environment_hook('px4_msgs', 'cmake_prefix_path')
[1.056s] [34mcolcon.colcon_core.shell[0m [1;30mINFO[0m Creating environment hook '/home/jackson/Final_simulation_full/gazebo_yolo_simulation/yolo_sim/install/px4_msgs/share/px4_msgs/hook/cmake_prefix_path.ps1'
[1.057s] [34mcolcon.colcon_core.shell[0m [1;30mINFO[0m Creating environment descriptor '/home/jackson/Final_simulation_full/gazebo_yolo_simulation/yolo_sim/install/px4_msgs/share/px4_msgs/hook/cmake_prefix_path.dsv'
[1.057s] [34mcolcon.colcon_core.shell[0m [1;30mINFO[0m Creating environment hook '/home/jackson/Final_simulation_full/gazebo_yolo_simulation/yolo_sim/install/px4_msgs/share/px4_msgs/hook/cmake_prefix_path.sh'
[1.058s] [34mcolcon.colcon_core.environment[0m [1;30mLevel 1[0m checking '/home/jackson/Final_simulation_full/gazebo_yolo_simulation/yolo_sim/install/px4_msgs/lib'
[1.058s] [34mcolcon.colcon_core.shell[0m [1;30mLevel 1[0m create_environment_hook('px4_msgs', 'ld_library_path_lib')
[1.058s] [34mcolcon.colcon_core.shell[0m [1;30mINFO[0m Creating environment hook '/home/jackson/Final_simulation_full/gazebo_yolo_simulation/yolo_sim/install/px4_msgs/share/px4_msgs/hook/ld_library_path_lib.ps1'
[1.058s] [34mcolcon.colcon_core.shell[0m [1;30mINFO[0m Creating environment descriptor '/home/jackson/Final_simulation_full/gazebo_yolo_simulation/yolo_sim/install/px4_msgs/share/px4_msgs/hook/ld_library_path_lib.dsv'
[1.058s] [34mcolcon.colcon_core.shell[0m [1;30mINFO[0m Creating environment hook '/home/jackson/Final_simulation_full/gazebo_yolo_simulation/yolo_sim/install/px4_msgs/share/px4_msgs/hook/ld_library_path_lib.sh'
[1.059s] [34mcolcon.colcon_core.environment[0m [1;30mLevel 1[0m checking '/home/jackson/Final_simulation_full/gazebo_yolo_simulation/yolo_sim/install/px4_msgs/bin'
[1.059s] [34mcolcon.colcon_core.environment[0m [1;30mLevel 1[0m checking '/home/jackson/Final_simulation_full/gazebo_yolo_simulation/yolo_sim/install/px4_msgs/lib/pkgconfig/px4_msgs.pc'
[1.059s] [34mcolcon.colcon_core.environment[0m [1;30mLevel 1[0m checking '/home/jackson/Final_simulation_full/gazebo_yolo_simulation/yolo_sim/install/px4_msgs/lib/python3.10/site-packages'
[1.059s] [34mcolcon.colcon_core.environment[0m [1;30mLevel 1[0m checking '/home/jackson/Final_simulation_full/gazebo_yolo_simulation/yolo_sim/install/px4_msgs/bin'
[1.059s] [34mcolcon.colcon_core.shell[0m [1;30mINFO[0m Creating package script '/home/jackson/Final_simulation_full/gazebo_yolo_simulation/yolo_sim/install/px4_msgs/share/px4_msgs/package.ps1'
[1.060s] [34mcolcon.colcon_core.shell[0m [1;30mINFO[0m Creating package descriptor '/home/jackson/Final_simulation_full/gazebo_yolo_simulation/yolo_sim/install/px4_msgs/share/px4_msgs/package.dsv'
[1.060s] [34mcolcon.colcon_core.shell[0m [1;30mINFO[0m Creating package script '/home/jackson/Final_simulation_full/gazebo_yolo_simulation/yolo_sim/install/px4_msgs/share/px4_msgs/package.sh'
[1.060s] [34mcolcon.colcon_core.shell[0m [1;30mINFO[0m Creating package script '/home/jackson/Final_simulation_full/gazebo_yolo_simulation/yolo_sim/install/px4_msgs/share/px4_msgs/package.bash'
[1.061s] [34mcolcon.colcon_core.shell[0m [1;30mINFO[0m Creating package script '/home/jackson/Final_simulation_full/gazebo_yolo_simulation/yolo_sim/install/px4_msgs/share/px4_msgs/package.zsh'
[1.068s] [34mcolcon.colcon_core.environment[0m [1;30mLevel 1[0m create_file_with_runtime_dependencies(/home/jackson/Final_simulation_full/gazebo_yolo_simulation/yolo_sim/install/px4_msgs/share/colcon-core/packages/px4_msgs)
[1.068s] [34mcolcon.colcon_core.environment[0m [1;30mLevel 1[0m create_environment_scripts_only(px4_msgs)
[1.068s] [34mcolcon.colcon_core.environment[0m [1;30mLevel 1[0m checking '/home/jackson/Final_simulation_full/gazebo_yolo_simulation/yolo_sim/install/px4_msgs' for CMake module files
[1.069s] [34mcolcon.colcon_core.environment[0m [1;30mLevel 1[0m checking '/home/jackson/Final_simulation_full/gazebo_yolo_simulation/yolo_sim/install/px4_msgs' for CMake config files
[1.069s] [34mcolcon.colcon_core.shell[0m [1;30mLevel 1[0m create_environment_hook('px4_msgs', 'cmake_prefix_path')
[1.070s] [34mcolcon.colcon_core.shell[0m [1;30mINFO[0m Creating environment hook '/home/jackson/Final_simulation_full/gazebo_yolo_simulation/yolo_sim/install/px4_msgs/share/px4_msgs/hook/cmake_prefix_path.ps1'
[1.070s] [34mcolcon.colcon_core.shell[0m [1;30mINFO[0m Creating environment descriptor '/home/jackson/Final_simulation_full/gazebo_yolo_simulation/yolo_sim/install/px4_msgs/share/px4_msgs/hook/cmake_prefix_path.dsv'
[1.070s] [34mcolcon.colcon_core.shell[0m [1;30mINFO[0m Creating environment hook '/home/jackson/Final_simulation_full/gazebo_yolo_simulation/yolo_sim/install/px4_msgs/share/px4_msgs/hook/cmake_prefix_path.sh'
[1.070s] [34mcolcon.colcon_core.environment[0m [1;30mLevel 1[0m checking '/home/jackson/Final_simulation_full/gazebo_yolo_simulation/yolo_sim/install/px4_msgs/lib'
[1.070s] [34mcolcon.colcon_core.shell[0m [1;30mLevel 1[0m create_environment_hook('px4_msgs', 'ld_library_path_lib')
[1.070s] [34mcolcon.colcon_core.shell[0m [1;30mINFO[0m Creating environment hook '/home/jackson/Final_simulation_full/gazebo_yolo_simulation/yolo_sim/install/px4_msgs/share/px4_msgs/hook/ld_library_path_lib.ps1'
[1.071s] [34mcolcon.colcon_core.shell[0m [1;30mINFO[0m Creating environment descriptor '/home/jackson/Final_simulation_full/gazebo_yolo_simulation/yolo_sim/install/px4_msgs/share/px4_msgs/hook/ld_library_path_lib.dsv'
[1.071s] [34mcolcon.colcon_core.shell[0m [1;30mINFO[0m Creating environment hook '/home/jackson/Final_simulation_full/gazebo_yolo_simulation/yolo_sim/install/px4_msgs/share/px4_msgs/hook/ld_library_path_lib.sh'
[1.071s] [34mcolcon.colcon_core.environment[0m [1;30mLevel 1[0m checking '/home/jackson/Final_simulation_full/gazebo_yolo_simulation/yolo_sim/install/px4_msgs/bin'
[1.071s] [34mcolcon.colcon_core.environment[0m [1;30mLevel 1[0m checking '/home/jackson/Final_simulation_full/gazebo_yolo_simulation/yolo_sim/install/px4_msgs/lib/pkgconfig/px4_msgs.pc'
[1.071s] [34mcolcon.colcon_core.environment[0m [1;30mLevel 1[0m checking '/home/jackson/Final_simulation_full/gazebo_yolo_simulation/yolo_sim/install/px4_msgs/lib/python3.10/site-packages'
[1.071s] [34mcolcon.colcon_core.environment[0m [1;30mLevel 1[0m checking '/home/jackson/Final_simulation_full/gazebo_yolo_simulation/yolo_sim/install/px4_msgs/bin'
[1.071s] [34mcolcon.colcon_core.shell[0m [1;30mINFO[0m Creating package script '/home/jackson/Final_simulation_full/gazebo_yolo_simulation/yolo_sim/install/px4_msgs/share/px4_msgs/package.ps1'
[1.072s] [34mcolcon.colcon_core.shell[0m [1;30mINFO[0m Creating package descriptor '/home/jackson/Final_simulation_full/gazebo_yolo_simulation/yolo_sim/install/px4_msgs/share/px4_msgs/package.dsv'
[1.072s] [34mcolcon.colcon_core.shell[0m [1;30mINFO[0m Creating package script '/home/jackson/Final_simulation_full/gazebo_yolo_simulation/yolo_sim/install/px4_msgs/share/px4_msgs/package.sh'
[1.072s] [34mcolcon.colcon_core.shell[0m [1;30mINFO[0m Creating package script '/home/jackson/Final_simulation_full/gazebo_yolo_simulation/yolo_sim/install/px4_msgs/share/px4_msgs/package.bash'
[1.072s] [34mcolcon.colcon_core.shell[0m [1;30mINFO[0m Creating package script '/home/jackson/Final_simulation_full/gazebo_yolo_simulation/yolo_sim/install/px4_msgs/share/px4_msgs/package.zsh'
[1.073s] [34mcolcon.colcon_core.environment[0m [1;30mLevel 1[0m create_file_with_runtime_dependencies(/home/jackson/Final_simulation_full/gazebo_yolo_simulation/yolo_sim/install/px4_msgs/share/colcon-core/packages/px4_msgs)
[1.073s] [34mcolcon.colcon_ros.task.ament_cmake.build[0m [1;30mINFO[0m Building ROS package in '/home/jackson/Final_simulation_full/gazebo_yolo_simulation/yolo_sim/src/px4_ros_com' with build type 'ament_cmake'
[1.073s] [34mcolcon.colcon_cmake.task.cmake.build[0m [1;30mINFO[0m Building CMake package in '/home/jackson/Final_simulation_full/gazebo_yolo_simulation/yolo_sim/src/px4_ros_com'
[1.073s] [34mcolcon.colcon_core.shell[0m [1;30mINFO[0m Skip shell extension 'powershell' for command environment: Not usable outside of PowerShell
[1.073s] [34mcolcon.colcon_core.shell[0m [1;30mDEBUG[0m [32mSkip shell extension 'dsv' for command environment[0m
[1.078s] [34mcolcon.colcon_core.event_handler.log_command[0m [1;30mDEBUG[0m [32mInvoking command in '/home/jackson/Final_simulation_full/gazebo_yolo_simulation/yolo_sim/build/px4_ros_com': AMENT_PREFIX_PATH=/home/jackson/Final_simulation_full/gazebo_yolo_simulation/yolo_sim/install/px4_msgs:${AMENT_PREFIX_PATH} CMAKE_PREFIX_PATH=/home/jackson/Final_simulation_full/gazebo_yolo_simulation/yolo_sim/install/px4_msgs:/opt/ros/humble LD_LIBRARY_PATH=/home/jackson/Final_simulation_full/gazebo_yolo_simulation/yolo_sim/install/px4_msgs/lib:${LD_LIBRARY_PATH} PYTHONPATH=/home/jackson/Final_simulation_full/gazebo_yolo_simulation/yolo_sim/install/px4_msgs/local/lib/python3.10/dist-packages:${PYTHONPATH} /usr/local/bin/cmake --build /home/jackson/Final_simulation_full/gazebo_yolo_simulation/yolo_sim/build/px4_ros_com -- -j16 -l16[0m
[1.252s] [34mcolcon.colcon_core.event_handler.log_command[0m [1;30mDEBUG[0m [32mInvoked command in '/home/jackson/Final_simulation_full/gazebo_yolo_simulation/yolo_sim/build/px4_ros_com' returned '0': AMENT_PREFIX_PATH=/home/jackson/Final_simulation_full/gazebo_yolo_simulation/yolo_sim/install/px4_msgs:${AMENT_PREFIX_PATH} CMAKE_PREFIX_PATH=/home/jackson/Final_simulation_full/gazebo_yolo_simulation/yolo_sim/install/px4_msgs:/opt/ros/humble LD_LIBRARY_PATH=/home/jackson/Final_simulation_full/gazebo_yolo_simulation/yolo_sim/install/px4_msgs/lib:${LD_LIBRARY_PATH} PYTHONPATH=/home/jackson/Final_simulation_full/gazebo_yolo_simulation/yolo_sim/install/px4_msgs/local/lib/python3.10/dist-packages:${PYTHONPATH} /usr/local/bin/cmake --build /home/jackson/Final_simulation_full/gazebo_yolo_simulation/yolo_sim/build/px4_ros_com -- -j16 -l16[0m
[1.253s] [34mcolcon.colcon_core.event_handler.log_command[0m [1;30mDEBUG[0m [32mInvoking command in '/home/jackson/Final_simulation_full/gazebo_yolo_simulation/yolo_sim/build/px4_ros_com': AMENT_PREFIX_PATH=/home/jackson/Final_simulation_full/gazebo_yolo_simulation/yolo_sim/install/px4_msgs:${AMENT_PREFIX_PATH} CMAKE_PREFIX_PATH=/home/jackson/Final_simulation_full/gazebo_yolo_simulation/yolo_sim/install/px4_msgs:/opt/ros/humble LD_LIBRARY_PATH=/home/jackson/Final_simulation_full/gazebo_yolo_simulation/yolo_sim/install/px4_msgs/lib:${LD_LIBRARY_PATH} PYTHONPATH=/home/jackson/Final_simulation_full/gazebo_yolo_simulation/yolo_sim/install/px4_msgs/local/lib/python3.10/dist-packages:${PYTHONPATH} /usr/local/bin/cmake --install /home/jackson/Final_simulation_full/gazebo_yolo_simulation/yolo_sim/build/px4_ros_com[0m
[1.277s] [34mcolcon.colcon_core.environment[0m [1;30mLevel 1[0m create_environment_scripts_only(px4_ros_com)
[1.278s] [34mcolcon.colcon_core.environment[0m [1;30mLevel 1[0m checking '/home/jackson/Final_simulation_full/gazebo_yolo_simulation/yolo_sim/install/px4_ros_com' for CMake module files
[1.278s] [34mcolcon.colcon_core.event_handler.log_command[0m [1;30mDEBUG[0m [32mInvoked command in '/home/jackson/Final_simulation_full/gazebo_yolo_simulation/yolo_sim/build/px4_ros_com' returned '0': AMENT_PREFIX_PATH=/home/jackson/Final_simulation_full/gazebo_yolo_simulation/yolo_sim/install/px4_msgs:${AMENT_PREFIX_PATH} CMAKE_PREFIX_PATH=/home/jackson/Final_simulation_full/gazebo_yolo_simulation/yolo_sim/install/px4_msgs:/opt/ros/humble LD_LIBRARY_PATH=/home/jackson/Final_simulation_full/gazebo_yolo_simulation/yolo_sim/install/px4_msgs/lib:${LD_LIBRARY_PATH} PYTHONPATH=/home/jackson/Final_simulation_full/gazebo_yolo_simulation/yolo_sim/install/px4_msgs/local/lib/python3.10/dist-packages:${PYTHONPATH} /usr/local/bin/cmake --install /home/jackson/Final_simulation_full/gazebo_yolo_simulation/yolo_sim/build/px4_ros_com[0m
[1.278s] [34mcolcon.colcon_core.environment[0m [1;30mLevel 1[0m checking '/home/jackson/Final_simulation_full/gazebo_yolo_simulation/yolo_sim/install/px4_ros_com' for CMake config files
[1.278s] [34mcolcon.colcon_core.shell[0m [1;30mLevel 1[0m create_environment_hook('px4_ros_com', 'cmake_prefix_path')
[1.278s] [34mcolcon.colcon_core.shell[0m [1;30mINFO[0m Creating environment hook '/home/jackson/Final_simulation_full/gazebo_yolo_simulation/yolo_sim/install/px4_ros_com/share/px4_ros_com/hook/cmake_prefix_path.ps1'
[1.279s] [34mcolcon.colcon_core.shell[0m [1;30mINFO[0m Creating environment descriptor '/home/jackson/Final_simulation_full/gazebo_yolo_simulation/yolo_sim/install/px4_ros_com/share/px4_ros_com/hook/cmake_prefix_path.dsv'
[1.279s] [34mcolcon.colcon_core.shell[0m [1;30mINFO[0m Creating environment hook '/home/jackson/Final_simulation_full/gazebo_yolo_simulation/yolo_sim/install/px4_ros_com/share/px4_ros_com/hook/cmake_prefix_path.sh'
[1.279s] [34mcolcon.colcon_core.environment[0m [1;30mLevel 1[0m checking '/home/jackson/Final_simulation_full/gazebo_yolo_simulation/yolo_sim/install/px4_ros_com/lib'
[1.279s] [34mcolcon.colcon_core.shell[0m [1;30mLevel 1[0m create_environment_hook('px4_ros_com', 'ld_library_path_lib')
[1.279s] [34mcolcon.colcon_core.shell[0m [1;30mINFO[0m Creating environment hook '/home/jackson/Final_simulation_full/gazebo_yolo_simulation/yolo_sim/install/px4_ros_com/share/px4_ros_com/hook/ld_library_path_lib.ps1'
[1.279s] [34mcolcon.colcon_core.shell[0m [1;30mINFO[0m Creating environment descriptor '/home/jackson/Final_simulation_full/gazebo_yolo_simulation/yolo_sim/install/px4_ros_com/share/px4_ros_com/hook/ld_library_path_lib.dsv'
[1.280s] [34mcolcon.colcon_core.shell[0m [1;30mINFO[0m Creating environment hook '/home/jackson/Final_simulation_full/gazebo_yolo_simulation/yolo_sim/install/px4_ros_com/share/px4_ros_com/hook/ld_library_path_lib.sh'
[1.280s] [34mcolcon.colcon_core.environment[0m [1;30mLevel 1[0m checking '/home/jackson/Final_simulation_full/gazebo_yolo_simulation/yolo_sim/install/px4_ros_com/bin'
[1.280s] [34mcolcon.colcon_core.environment[0m [1;30mLevel 1[0m checking '/home/jackson/Final_simulation_full/gazebo_yolo_simulation/yolo_sim/install/px4_ros_com/lib/pkgconfig/px4_ros_com.pc'
[1.280s] [34mcolcon.colcon_core.environment[0m [1;30mLevel 1[0m checking '/home/jackson/Final_simulation_full/gazebo_yolo_simulation/yolo_sim/install/px4_ros_com/lib/python3.10/site-packages'
[1.280s] [34mcolcon.colcon_core.environment[0m [1;30mLevel 1[0m checking '/home/jackson/Final_simulation_full/gazebo_yolo_simulation/yolo_sim/install/px4_ros_com/bin'
[1.280s] [34mcolcon.colcon_core.shell[0m [1;30mINFO[0m Creating package script '/home/jackson/Final_simulation_full/gazebo_yolo_simulation/yolo_sim/install/px4_ros_com/share/px4_ros_com/package.ps1'
[1.280s] [34mcolcon.colcon_core.shell[0m [1;30mINFO[0m Creating package descriptor '/home/jackson/Final_simulation_full/gazebo_yolo_simulation/yolo_sim/install/px4_ros_com/share/px4_ros_com/package.dsv'
[1.281s] [34mcolcon.colcon_core.shell[0m [1;30mINFO[0m Creating package script '/home/jackson/Final_simulation_full/gazebo_yolo_simulation/yolo_sim/install/px4_ros_com/share/px4_ros_com/package.sh'
[1.281s] [34mcolcon.colcon_core.shell[0m [1;30mINFO[0m Creating package script '/home/jackson/Final_simulation_full/gazebo_yolo_simulation/yolo_sim/install/px4_ros_com/share/px4_ros_com/package.bash'
[1.281s] [34mcolcon.colcon_core.shell[0m [1;30mINFO[0m Creating package script '/home/jackson/Final_simulation_full/gazebo_yolo_simulation/yolo_sim/install/px4_ros_com/share/px4_ros_com/package.zsh'
[1.281s] [34mcolcon.colcon_core.environment[0m [1;30mLevel 1[0m create_file_with_runtime_dependencies(/home/jackson/Final_simulation_full/gazebo_yolo_simulation/yolo_sim/install/px4_ros_com/share/colcon-core/packages/px4_ros_com)
[1.281s] [34mcolcon.colcon_core.environment[0m [1;30mLevel 1[0m create_environment_scripts_only(px4_ros_com)
[1.282s] [34mcolcon.colcon_core.environment[0m [1;30mLevel 1[0m checking '/home/jackson/Final_simulation_full/gazebo_yolo_simulation/yolo_sim/install/px4_ros_com' for CMake module files
[1.282s] [34mcolcon.colcon_core.environment[0m [1;30mLevel 1[0m checking '/home/jackson/Final_simulation_full/gazebo_yolo_simulation/yolo_sim/install/px4_ros_com' for CMake config files
[1.282s] [34mcolcon.colcon_core.shell[0m [1;30mLevel 1[0m create_environment_hook('px4_ros_com', 'cmake_prefix_path')
[1.282s] [34mcolcon.colcon_core.shell[0m [1;30mINFO[0m Creating environment hook '/home/jackson/Final_simulation_full/gazebo_yolo_simulation/yolo_sim/install/px4_ros_com/share/px4_ros_com/hook/cmake_prefix_path.ps1'
[1.282s] [34mcolcon.colcon_core.shell[0m [1;30mINFO[0m Creating environment descriptor '/home/jackson/Final_simulation_full/gazebo_yolo_simulation/yolo_sim/install/px4_ros_com/share/px4_ros_com/hook/cmake_prefix_path.dsv'
[1.282s] [34mcolcon.colcon_core.shell[0m [1;30mINFO[0m Creating environment hook '/home/jackson/Final_simulation_full/gazebo_yolo_simulation/yolo_sim/install/px4_ros_com/share/px4_ros_com/hook/cmake_prefix_path.sh'
[1.283s] [34mcolcon.colcon_core.environment[0m [1;30mLevel 1[0m checking '/home/jackson/Final_simulation_full/gazebo_yolo_simulation/yolo_sim/install/px4_ros_com/lib'
[1.283s] [34mcolcon.colcon_core.shell[0m [1;30mLevel 1[0m create_environment_hook('px4_ros_com', 'ld_library_path_lib')
[1.283s] [34mcolcon.colcon_core.shell[0m [1;30mINFO[0m Creating environment hook '/home/jackson/Final_simulation_full/gazebo_yolo_simulation/yolo_sim/install/px4_ros_com/share/px4_ros_com/hook/ld_library_path_lib.ps1'
[1.283s] [34mcolcon.colcon_core.shell[0m [1;30mINFO[0m Creating environment descriptor '/home/jackson/Final_simulation_full/gazebo_yolo_simulation/yolo_sim/install/px4_ros_com/share/px4_ros_com/hook/ld_library_path_lib.dsv'
[1.283s] [34mcolcon.colcon_core.shell[0m [1;30mINFO[0m Creating environment hook '/home/jackson/Final_simulation_full/gazebo_yolo_simulation/yolo_sim/install/px4_ros_com/share/px4_ros_com/hook/ld_library_path_lib.sh'
[1.283s] [34mcolcon.colcon_core.environment[0m [1;30mLevel 1[0m checking '/home/jackson/Final_simulation_full/gazebo_yolo_simulation/yolo_sim/install/px4_ros_com/bin'
[1.283s] [34mcolcon.colcon_core.environment[0m [1;30mLevel 1[0m checking '/home/jackson/Final_simulation_full/gazebo_yolo_simulation/yolo_sim/install/px4_ros_com/lib/pkgconfig/px4_ros_com.pc'
[1.284s] [34mcolcon.colcon_core.environment[0m [1;30mLevel 1[0m checking '/home/jackson/Final_simulation_full/gazebo_yolo_simulation/yolo_sim/install/px4_ros_com/lib/python3.10/site-packages'
[1.284s] [34mcolcon.colcon_core.environment[0m [1;30mLevel 1[0m checking '/home/jackson/Final_simulation_full/gazebo_yolo_simulation/yolo_sim/install/px4_ros_com/bin'
[1.284s] [34mcolcon.colcon_core.shell[0m [1;30mINFO[0m Creating package script '/home/jackson/Final_simulation_full/gazebo_yolo_simulation/yolo_sim/install/px4_ros_com/share/px4_ros_com/package.ps1'
[1.284s] [34mcolcon.colcon_core.shell[0m [1;30mINFO[0m Creating package descriptor '/home/jackson/Final_simulation_full/gazebo_yolo_simulation/yolo_sim/install/px4_ros_com/share/px4_ros_com/package.dsv'
[1.284s] [34mcolcon.colcon_core.shell[0m [1;30mINFO[0m Creating package script '/home/jackson/Final_simulation_full/gazebo_yolo_simulation/yolo_sim/install/px4_ros_com/share/px4_ros_com/package.sh'
[1.285s] [34mcolcon.colcon_core.shell[0m [1;30mINFO[0m Creating package script '/home/jackson/Final_simulation_full/gazebo_yolo_simulation/yolo_sim/install/px4_ros_com/share/px4_ros_com/package.bash'
[1.285s] [34mcolcon.colcon_core.shell[0m [1;30mINFO[0m Creating package script '/home/jackson/Final_simulation_full/gazebo_yolo_simulation/yolo_sim/install/px4_ros_com/share/px4_ros_com/package.zsh'
[1.285s] [34mcolcon.colcon_core.environment[0m [1;30mLevel 1[0m create_file_with_runtime_dependencies(/home/jackson/Final_simulation_full/gazebo_yolo_simulation/yolo_sim/install/px4_ros_com/share/colcon-core/packages/px4_ros_com)
[1.533s] [34mcolcon.colcon_core.event_handler.log_command[0m [1;30mDEBUG[0m [32mInvoked command in '/home/jackson/Final_simulation_full/gazebo_yolo_simulation/yolo_sim/build/yolo_msgs' returned '0': CMAKE_PREFIX_PATH=/opt/ros/humble /usr/local/bin/cmake /home/jackson/Final_simulation_full/gazebo_yolo_simulation/yolo_sim/src/yolo_ros/yolo_msgs -DCMAKE_INSTALL_PREFIX=/home/jackson/Final_simulation_full/gazebo_yolo_simulation/yolo_sim/install/yolo_msgs[0m
[1.534s] [34mcolcon.colcon_core.event_handler.log_command[0m [1;30mDEBUG[0m [32mInvoking command in '/home/jackson/Final_simulation_full/gazebo_yolo_simulation/yolo_sim/build/yolo_msgs': CMAKE_PREFIX_PATH=/opt/ros/humble /usr/local/bin/cmake --build /home/jackson/Final_simulation_full/gazebo_yolo_simulation/yolo_sim/build/yolo_msgs -- -j16 -l16[0m
[4.858s] [34mcolcon.colcon_core.event_handler.log_command[0m [1;30mDEBUG[0m [32mInvoked command in '/home/jackson/Final_simulation_full/gazebo_yolo_simulation/yolo_sim/build/yolo_msgs' returned '0': CMAKE_PREFIX_PATH=/opt/ros/humble /usr/local/bin/cmake --build /home/jackson/Final_simulation_full/gazebo_yolo_simulation/yolo_sim/build/yolo_msgs -- -j16 -l16[0m
[4.858s] [34mcolcon.colcon_core.event_handler.log_command[0m [1;30mDEBUG[0m [32mInvoking command in '/home/jackson/Final_simulation_full/gazebo_yolo_simulation/yolo_sim/build/yolo_msgs': CMAKE_PREFIX_PATH=/opt/ros/humble /usr/local/bin/cmake --install /home/jackson/Final_simulation_full/gazebo_yolo_simulation/yolo_sim/build/yolo_msgs[0m
[4.922s] [34mcolcon.colcon_core.environment[0m [1;30mLevel 1[0m create_environment_scripts_only(yolo_msgs)
[4.922s] [34mcolcon.colcon_core.environment[0m [1;30mLevel 1[0m checking '/home/jackson/Final_simulation_full/gazebo_yolo_simulation/yolo_sim/install/yolo_msgs' for CMake module files
[4.922s] [34mcolcon.colcon_core.event_handler.log_command[0m [1;30mDEBUG[0m [32mInvoked command in '/home/jackson/Final_simulation_full/gazebo_yolo_simulation/yolo_sim/build/yolo_msgs' returned '0': CMAKE_PREFIX_PATH=/opt/ros/humble /usr/local/bin/cmake --install /home/jackson/Final_simulation_full/gazebo_yolo_simulation/yolo_sim/build/yolo_msgs[0m
[4.922s] [34mcolcon.colcon_core.environment[0m [1;30mLevel 1[0m checking '/home/jackson/Final_simulation_full/gazebo_yolo_simulation/yolo_sim/install/yolo_msgs' for CMake config files
[4.923s] [34mcolcon.colcon_core.shell[0m [1;30mLevel 1[0m create_environment_hook('yolo_msgs', 'cmake_prefix_path')
[4.923s] [34mcolcon.colcon_core.shell[0m [1;30mINFO[0m Creating environment hook '/home/jackson/Final_simulation_full/gazebo_yolo_simulation/yolo_sim/install/yolo_msgs/share/yolo_msgs/hook/cmake_prefix_path.ps1'
[4.923s] [34mcolcon.colcon_core.shell[0m [1;30mINFO[0m Creating environment descriptor '/home/jackson/Final_simulation_full/gazebo_yolo_simulation/yolo_sim/install/yolo_msgs/share/yolo_msgs/hook/cmake_prefix_path.dsv'
[4.923s] [34mcolcon.colcon_core.shell[0m [1;30mINFO[0m Creating environment hook '/home/jackson/Final_simulation_full/gazebo_yolo_simulation/yolo_sim/install/yolo_msgs/share/yolo_msgs/hook/cmake_prefix_path.sh'
[4.923s] [34mcolcon.colcon_core.environment[0m [1;30mLevel 1[0m checking '/home/jackson/Final_simulation_full/gazebo_yolo_simulation/yolo_sim/install/yolo_msgs/lib'
[4.923s] [34mcolcon.colcon_core.shell[0m [1;30mLevel 1[0m create_environment_hook('yolo_msgs', 'ld_library_path_lib')
[4.923s] [34mcolcon.colcon_core.shell[0m [1;30mINFO[0m Creating environment hook '/home/jackson/Final_simulation_full/gazebo_yolo_simulation/yolo_sim/install/yolo_msgs/share/yolo_msgs/hook/ld_library_path_lib.ps1'
[4.924s] [34mcolcon.colcon_core.shell[0m [1;30mINFO[0m Creating environment descriptor '/home/jackson/Final_simulation_full/gazebo_yolo_simulation/yolo_sim/install/yolo_msgs/share/yolo_msgs/hook/ld_library_path_lib.dsv'
[4.924s] [34mcolcon.colcon_core.shell[0m [1;30mINFO[0m Creating environment hook '/home/jackson/Final_simulation_full/gazebo_yolo_simulation/yolo_sim/install/yolo_msgs/share/yolo_msgs/hook/ld_library_path_lib.sh'
[4.924s] [34mcolcon.colcon_core.environment[0m [1;30mLevel 1[0m checking '/home/jackson/Final_simulation_full/gazebo_yolo_simulation/yolo_sim/install/yolo_msgs/bin'
[4.924s] [34mcolcon.colcon_core.environment[0m [1;30mLevel 1[0m checking '/home/jackson/Final_simulation_full/gazebo_yolo_simulation/yolo_sim/install/yolo_msgs/lib/pkgconfig/yolo_msgs.pc'
[4.924s] [34mcolcon.colcon_core.environment[0m [1;30mLevel 1[0m checking '/home/jackson/Final_simulation_full/gazebo_yolo_simulation/yolo_sim/install/yolo_msgs/lib/python3.10/site-packages'
[4.924s] [34mcolcon.colcon_core.environment[0m [1;30mLevel 1[0m checking '/home/jackson/Final_simulation_full/gazebo_yolo_simulation/yolo_sim/install/yolo_msgs/bin'
[4.924s] [34mcolcon.colcon_core.shell[0m [1;30mINFO[0m Creating package script '/home/jackson/Final_simulation_full/gazebo_yolo_simulation/yolo_sim/install/yolo_msgs/share/yolo_msgs/package.ps1'
[4.925s] [34mcolcon.colcon_core.shell[0m [1;30mINFO[0m Creating package descriptor '/home/jackson/Final_simulation_full/gazebo_yolo_simulation/yolo_sim/install/yolo_msgs/share/yolo_msgs/package.dsv'
[4.925s] [34mcolcon.colcon_core.shell[0m [1;30mINFO[0m Creating package script '/home/jackson/Final_simulation_full/gazebo_yolo_simulation/yolo_sim/install/yolo_msgs/share/yolo_msgs/package.sh'
[4.925s] [34mcolcon.colcon_core.shell[0m [1;30mINFO[0m Creating package script '/home/jackson/Final_simulation_full/gazebo_yolo_simulation/yolo_sim/install/yolo_msgs/share/yolo_msgs/package.bash'
[4.925s] [34mcolcon.colcon_core.shell[0m [1;30mINFO[0m Creating package script '/home/jackson/Final_simulation_full/gazebo_yolo_simulation/yolo_sim/install/yolo_msgs/share/yolo_msgs/package.zsh'
[4.925s] [34mcolcon.colcon_core.environment[0m [1;30mLevel 1[0m create_file_with_runtime_dependencies(/home/jackson/Final_simulation_full/gazebo_yolo_simulation/yolo_sim/install/yolo_msgs/share/colcon-core/packages/yolo_msgs)
[4.926s] [34mcolcon.colcon_core.environment[0m [1;30mLevel 1[0m create_environment_scripts_only(yolo_msgs)
[4.926s] [34mcolcon.colcon_core.environment[0m [1;30mLevel 1[0m checking '/home/jackson/Final_simulation_full/gazebo_yolo_simulation/yolo_sim/install/yolo_msgs' for CMake module files
[4.926s] [34mcolcon.colcon_core.environment[0m [1;30mLevel 1[0m checking '/home/jackson/Final_simulation_full/gazebo_yolo_simulation/yolo_sim/install/yolo_msgs' for CMake config files
[4.926s] [34mcolcon.colcon_core.shell[0m [1;30mLevel 1[0m create_environment_hook('yolo_msgs', 'cmake_prefix_path')
[4.926s] [34mcolcon.colcon_core.shell[0m [1;30mINFO[0m Creating environment hook '/home/jackson/Final_simulation_full/gazebo_yolo_simulation/yolo_sim/install/yolo_msgs/share/yolo_msgs/hook/cmake_prefix_path.ps1'
[4.927s] [34mcolcon.colcon_core.shell[0m [1;30mINFO[0m Creating environment descriptor '/home/jackson/Final_simulation_full/gazebo_yolo_simulation/yolo_sim/install/yolo_msgs/share/yolo_msgs/hook/cmake_prefix_path.dsv'
[4.927s] [34mcolcon.colcon_core.shell[0m [1;30mINFO[0m Creating environment hook '/home/jackson/Final_simulation_full/gazebo_yolo_simulation/yolo_sim/install/yolo_msgs/share/yolo_msgs/hook/cmake_prefix_path.sh'
[4.927s] [34mcolcon.colcon_core.environment[0m [1;30mLevel 1[0m checking '/home/jackson/Final_simulation_full/gazebo_yolo_simulation/yolo_sim/install/yolo_msgs/lib'
[4.927s] [34mcolcon.colcon_core.shell[0m [1;30mLevel 1[0m create_environment_hook('yolo_msgs', 'ld_library_path_lib')
[4.927s] [34mcolcon.colcon_core.shell[0m [1;30mINFO[0m Creating environment hook '/home/jackson/Final_simulation_full/gazebo_yolo_simulation/yolo_sim/install/yolo_msgs/share/yolo_msgs/hook/ld_library_path_lib.ps1'
[4.927s] [34mcolcon.colcon_core.shell[0m [1;30mINFO[0m Creating environment descriptor '/home/jackson/Final_simulation_full/gazebo_yolo_simulation/yolo_sim/install/yolo_msgs/share/yolo_msgs/hook/ld_library_path_lib.dsv'
[4.927s] [34mcolcon.colcon_core.shell[0m [1;30mINFO[0m Creating environment hook '/home/jackson/Final_simulation_full/gazebo_yolo_simulation/yolo_sim/install/yolo_msgs/share/yolo_msgs/hook/ld_library_path_lib.sh'
[4.928s] [34mcolcon.colcon_core.environment[0m [1;30mLevel 1[0m checking '/home/jackson/Final_simulation_full/gazebo_yolo_simulation/yolo_sim/install/yolo_msgs/bin'
[4.928s] [34mcolcon.colcon_core.environment[0m [1;30mLevel 1[0m checking '/home/jackson/Final_simulation_full/gazebo_yolo_simulation/yolo_sim/install/yolo_msgs/lib/pkgconfig/yolo_msgs.pc'
[4.928s] [34mcolcon.colcon_core.environment[0m [1;30mLevel 1[0m checking '/home/jackson/Final_simulation_full/gazebo_yolo_simulation/yolo_sim/install/yolo_msgs/lib/python3.10/site-packages'
[4.928s] [34mcolcon.colcon_core.environment[0m [1;30mLevel 1[0m checking '/home/jackson/Final_simulation_full/gazebo_yolo_simulation/yolo_sim/install/yolo_msgs/bin'
[4.928s] [34mcolcon.colcon_core.shell[0m [1;30mINFO[0m Creating package script '/home/jackson/Final_simulation_full/gazebo_yolo_simulation/yolo_sim/install/yolo_msgs/share/yolo_msgs/package.ps1'
[4.928s] [34mcolcon.colcon_core.shell[0m [1;30mINFO[0m Creating package descriptor '/home/jackson/Final_simulation_full/gazebo_yolo_simulation/yolo_sim/install/yolo_msgs/share/yolo_msgs/package.dsv'
[4.929s] [34mcolcon.colcon_core.shell[0m [1;30mINFO[0m Creating package script '/home/jackson/Final_simulation_full/gazebo_yolo_simulation/yolo_sim/install/yolo_msgs/share/yolo_msgs/package.sh'
[4.929s] [34mcolcon.colcon_core.shell[0m [1;30mINFO[0m Creating package script '/home/jackson/Final_simulation_full/gazebo_yolo_simulation/yolo_sim/install/yolo_msgs/share/yolo_msgs/package.bash'
[4.929s] [34mcolcon.colcon_core.shell[0m [1;30mINFO[0m Creating package script '/home/jackson/Final_simulation_full/gazebo_yolo_simulation/yolo_sim/install/yolo_msgs/share/yolo_msgs/package.zsh'
[4.929s] [34mcolcon.colcon_core.environment[0m [1;30mLevel 1[0m create_file_with_runtime_dependencies(/home/jackson/Final_simulation_full/gazebo_yolo_simulation/yolo_sim/install/yolo_msgs/share/colcon-core/packages/yolo_msgs)
[4.929s] [34mcolcon.colcon_ros.task.ament_python.build[0m [1;30mINFO[0m Building ROS package in '/home/jackson/Final_simulation_full/gazebo_yolo_simulation/yolo_sim/src/yolo_ros/yolo_ros' with build type 'ament_python'
[4.929s] [34mcolcon.colcon_core.shell[0m [1;30mLevel 1[0m create_environment_hook('yolo_ros', 'ament_prefix_path')
[4.930s] [34mcolcon.colcon_core.shell[0m [1;30mINFO[0m Creating environment hook '/home/jackson/Final_simulation_full/gazebo_yolo_simulation/yolo_sim/install/yolo_ros/share/yolo_ros/hook/ament_prefix_path.ps1'
[4.930s] [34mcolcon.colcon_core.shell[0m [1;30mINFO[0m Creating environment descriptor '/home/jackson/Final_simulation_full/gazebo_yolo_simulation/yolo_sim/install/yolo_ros/share/yolo_ros/hook/ament_prefix_path.dsv'
[4.930s] [34mcolcon.colcon_core.shell[0m [1;30mINFO[0m Creating environment hook '/home/jackson/Final_simulation_full/gazebo_yolo_simulation/yolo_sim/install/yolo_ros/share/yolo_ros/hook/ament_prefix_path.sh'
[4.930s] [34mcolcon.colcon_core.shell[0m [1;30mINFO[0m Skip shell extension 'powershell' for command environment: Not usable outside of PowerShell
[4.930s] [34mcolcon.colcon_core.shell[0m [1;30mDEBUG[0m [32mSkip shell extension 'dsv' for command environment[0m
[5.035s] [34mcolcon.colcon_core.task.python.build[0m [1;30mINFO[0m Building Python package in '/home/jackson/Final_simulation_full/gazebo_yolo_simulation/yolo_sim/src/yolo_ros/yolo_ros'
[5.035s] [34mcolcon.colcon_core.shell[0m [1;30mINFO[0m Skip shell extension 'powershell' for command environment: Not usable outside of PowerShell
[5.035s] [34mcolcon.colcon_core.shell[0m [1;30mDEBUG[0m [32mSkip shell extension 'dsv' for command environment[0m
[5.305s] [34mcolcon.colcon_parallel_executor.executor.parallel[0m [1;30mDEBUG[0m [32mclosing loop[0m
[5.305s] [34mcolcon.colcon_parallel_executor.executor.parallel[0m [1;30mDEBUG[0m [32mloop closed[0m
[5.305s] [34mcolcon.colcon_parallel_executor.executor.parallel[0m [1;30mDEBUG[0m [32mrun_until_complete finished with 'Expected ['/usr/bin/python3', '-W', 'ignore:setup.py install is deprecated', '-W', 'ignore:easy_install command is deprecated', 'setup.py', '--help-commands'] to pass: /home/jackson/.local/lib/python3.10/site-packages/setuptools/_distutils/dist.py:261: UserWarning: Unknown distribution option: 'tests_require'
  warnings.warn(msg)
Traceback (most recent call last):
  File "/home/jackson/Final_simulation_full/gazebo_yolo_simulation/yolo_sim/src/yolo_ros/yolo_ros/setup.py", line 5, in <module>
    setup(
  File "/home/jackson/.local/lib/python3.10/site-packages/setuptools/__init__.py", line 117, in setup
    return distutils.core.setup(**attrs)
  File "/home/jackson/.local/lib/python3.10/site-packages/setuptools/_distutils/core.py", line 170, in setup
    ok = dist.parse_command_line()
  File "/home/jackson/.local/lib/python3.10/site-packages/setuptools/_distutils/dist.py", line 469, in parse_command_line
    if self.handle_display_options(option_order):
  File "/home/jackson/.local/lib/python3.10/site-packages/setuptools/dist.py", line 971, in handle_display_options
    return _Distribution.handle_display_options(self, option_order)
  File "/home/jackson/.local/lib/python3.10/site-packages/setuptools/_distutils/dist.py", line 683, in handle_display_options
    self.print_commands()
  File "/home/jackson/.local/lib/python3.10/site-packages/setuptools/dist.py", line 747, in print_commands
    cmdclass = ep.load()
  File "/usr/lib/python3.10/importlib/metadata/__init__.py", line 171, in load
    module = import_module(match.group('module'))
  File "/usr/lib/python3.10/importlib/__init__.py", line 126, in import_module
    return _bootstrap._gcd_import(name[level:], package, level)
  File "<frozen importlib._bootstrap>", line 1050, in _gcd_import
  File "<frozen importlib._bootstrap>", line 1027, in _find_and_load
  File "<frozen importlib._bootstrap>", line 1006, in _find_and_load_unlocked
  File "<frozen importlib._bootstrap>", line 688, in _load_unlocked
  File "<frozen importlib._bootstrap_external>", line 883, in exec_module
  File "<frozen importlib._bootstrap>", line 241, in _call_with_frames_removed
  File "/home/jackson/.local/lib/python3.10/site-packages/sphinx/setup_command.py", line 21, in <module>
    from sphinx.application import Sphinx
  File "/home/jackson/.local/lib/python3.10/site-packages/sphinx/application.py", line 31, in <module>
    from sphinx.config import Config
  File "/home/jackson/.local/lib/python3.10/site-packages/sphinx/config.py", line 21, in <module>
    from sphinx.util import logging
  File "/home/jackson/.local/lib/python3.10/site-packages/sphinx/util/__init__.py", line 41, in <module>
    from sphinx.util.typing import PathMatcher
  File "/home/jackson/.local/lib/python3.10/site-packages/sphinx/util/typing.py", line 37, in <module>
    from types import Union as types_Union
ImportError: cannot import name 'Union' from 'types' (/usr/lib/python3.10/types.py)
'[0m
[5.305s] [34mcolcon.colcon_core.event_reactor[0m [1;30mDEBUG[0m [32mjoining thread[0m
[5.309s] [34mcolcon.colcon_core.plugin_system[0m [1;30mINFO[0m Skipping extension 'colcon_notification.desktop_notification.terminal_notifier': Not used on non-Darwin systems
[5.309s] [34mcolcon.colcon_core.plugin_system[0m [1;30mINFO[0m Skipping extension 'colcon_notification.desktop_notification.win32': Not used on non-Windows systems
[5.309s] [34mcolcon.colcon_notification.desktop_notification[0m [1;30mINFO[0m Sending desktop notification using 'notify2'
[5.315s] [34mcolcon.colcon_core.event_reactor[0m [1;30mDEBUG[0m [32mjoined thread[0m
[5.315s] [34mcolcon.colcon_core.shell[0m [1;30mINFO[0m Creating prefix script '/home/jackson/Final_simulation_full/gazebo_yolo_simulation/yolo_sim/install/local_setup.ps1'
[5.316s] [34mcolcon.colcon_core.shell[0m [1;30mINFO[0m Creating prefix util module '/home/jackson/Final_simulation_full/gazebo_yolo_simulation/yolo_sim/install/_local_setup_util_ps1.py'
[5.316s] [34mcolcon.colcon_core.shell[0m [1;30mINFO[0m Creating prefix chain script '/home/jackson/Final_simulation_full/gazebo_yolo_simulation/yolo_sim/install/setup.ps1'
[5.317s] [34mcolcon.colcon_core.shell[0m [1;30mINFO[0m Creating prefix script '/home/jackson/Final_simulation_full/gazebo_yolo_simulation/yolo_sim/install/local_setup.sh'
[5.317s] [34mcolcon.colcon_core.shell[0m [1;30mINFO[0m Creating prefix util module '/home/jackson/Final_simulation_full/gazebo_yolo_simulation/yolo_sim/install/_local_setup_util_sh.py'
[5.317s] [34mcolcon.colcon_core.shell[0m [1;30mINFO[0m Creating prefix chain script '/home/jackson/Final_simulation_full/gazebo_yolo_simulation/yolo_sim/install/setup.sh'
[5.318s] [34mcolcon.colcon_core.shell[0m [1;30mINFO[0m Creating prefix script '/home/jackson/Final_simulation_full/gazebo_yolo_simulation/yolo_sim/install/local_setup.bash'
[5.318s] [34mcolcon.colcon_core.shell[0m [1;30mINFO[0m Creating prefix chain script '/home/jackson/Final_simulation_full/gazebo_yolo_simulation/yolo_sim/install/setup.bash'
[5.318s] [34mcolcon.colcon_core.shell[0m [1;30mINFO[0m Creating prefix script '/home/jackson/Final_simulation_full/gazebo_yolo_simulation/yolo_sim/install/local_setup.zsh'
[5.319s] [34mcolcon.colcon_core.shell[0m [1;30mINFO[0m Creating prefix chain script '/home/jackson/Final_simulation_full/gazebo_yolo_simulation/yolo_sim/install/setup.zsh'
